[0.031s] Invoking command in '/home/gokul/Desktop/Foundation_Course/VS_Code/Python_VS/src/build/fc_custom_interface': CMAKE_PREFIX_PATH=${CMAKE_PREFIX_PATH}:/home/gokul/Desktop/Foundation_Course/VS_Code/Python_VS/install/python_pubsub:/home/gokul/Desktop/Foundation_Course/VS_Code/Python_VS/install/move_robot:/opt/ros/rolling /usr/bin/cmake /home/gokul/Desktop/Foundation_Course/VS_Code/Python_VS/src/fc_custom_interface -DCMAKE_INSTALL_PREFIX=/home/gokul/Desktop/Foundation_Course/VS_Code/Python_VS/src/install/fc_custom_interface
[0.154s] -- The C compiler identification is GNU 9.4.0
[0.254s] -- The CXX compiler identification is GNU 9.4.0
[0.265s] -- Check for working C compiler: /usr/bin/cc
[0.369s] -- Check for working C compiler: /usr/bin/cc -- works
[0.372s] -- Detecting C compiler ABI info
[0.486s] -- Detecting C compiler ABI info - done
[0.504s] -- Detecting C compile features
[0.504s] -- Detecting C compile features - done
[0.509s] -- Check for working CXX compiler: /usr/bin/c++
[0.641s] -- Check for working CXX compiler: /usr/bin/c++ -- works
[0.644s] -- Detecting CXX compiler ABI info
[0.762s] -- Detecting CXX compiler ABI info - done
[0.775s] -- Detecting CXX compile features
[0.776s] -- Detecting CXX compile features - done
[0.780s] -- Found ament_cmake: 1.2.1 (/opt/ros/rolling/share/ament_cmake/cmake)
[0.998s] -- Found Python3: /usr/bin/python3.8 (found version "3.8.10") found components: Interpreter 
[1.131s] -- Found rosidl_default_generators: 1.1.1 (/opt/ros/rolling/share/rosidl_default_generators/cmake)
[1.137s] -- Using all available rosidl_typesupport_c: rosidl_typesupport_fastrtps_c;rosidl_typesupport_introspection_c
[1.147s] -- Found rosidl_adapter: 3.0.1 (/opt/ros/rolling/share/rosidl_adapter/cmake)
[1.239s] -- Using all available rosidl_typesupport_cpp: rosidl_typesupport_fastrtps_cpp;rosidl_typesupport_introspection_cpp
[1.857s] -- Found ament_cmake_ros: 0.10.0 (/opt/ros/rolling/share/ament_cmake_ros/cmake)
[2.436s] -- Using all available rosidl_typesupport_c: rosidl_typesupport_fastrtps_c;rosidl_typesupport_introspection_c
[2.886s] -- Using all available rosidl_typesupport_cpp: rosidl_typesupport_fastrtps_cpp;rosidl_typesupport_introspection_cpp
[2.934s] -- Found PythonInterp: /usr/bin/python3 (found suitable version "3.8.10", minimum required is "3.5") 
[2.937s] -- Found python_cmake_module: 0.8.1 (/opt/ros/rolling/share/python_cmake_module/cmake)
[2.978s] -- Found PythonLibs: /usr/lib/x86_64-linux-gnu/libpython3.8.so (found suitable version "3.8.10", minimum required is "3.5") 
[2.979s] -- Using PYTHON_EXECUTABLE: /usr/bin/python3
[2.979s] -- Using PYTHON_INCLUDE_DIRS: /usr/include/python3.8
[2.979s] -- Using PYTHON_LIBRARIES: /usr/lib/x86_64-linux-gnu/libpython3.8.so
[3.006s] -- Found PythonExtra: .so  
[3.083s] -- Found ament_lint_auto: 0.11.4 (/opt/ros/rolling/share/ament_lint_auto/cmake)
[3.113s] -- Added test 'flake8' to check Python code syntax and style conventions
[3.114s] -- Added test 'lint_cmake' to check CMake code style
[3.115s] -- Added test 'pep257' to check Python code against some of the style conventions in PEP 257
[3.118s] -- Added test 'xmllint' to check XML markup files
[3.124s] -- Configuring done
[3.190s] -- Generating done
[3.193s] -- Build files have been written to: /home/gokul/Desktop/Foundation_Course/VS_Code/Python_VS/src/build/fc_custom_interface
[3.202s] Invoked command in '/home/gokul/Desktop/Foundation_Course/VS_Code/Python_VS/src/build/fc_custom_interface' returned '0': CMAKE_PREFIX_PATH=${CMAKE_PREFIX_PATH}:/home/gokul/Desktop/Foundation_Course/VS_Code/Python_VS/install/python_pubsub:/home/gokul/Desktop/Foundation_Course/VS_Code/Python_VS/install/move_robot:/opt/ros/rolling /usr/bin/cmake /home/gokul/Desktop/Foundation_Course/VS_Code/Python_VS/src/fc_custom_interface -DCMAKE_INSTALL_PREFIX=/home/gokul/Desktop/Foundation_Course/VS_Code/Python_VS/src/install/fc_custom_interface
[3.207s] Invoking command in '/home/gokul/Desktop/Foundation_Course/VS_Code/Python_VS/src/build/fc_custom_interface': CMAKE_PREFIX_PATH=${CMAKE_PREFIX_PATH}:/home/gokul/Desktop/Foundation_Course/VS_Code/Python_VS/install/python_pubsub:/home/gokul/Desktop/Foundation_Course/VS_Code/Python_VS/install/move_robot:/opt/ros/rolling /usr/bin/cmake --build /home/gokul/Desktop/Foundation_Course/VS_Code/Python_VS/src/build/fc_custom_interface -- -j16 -l16
[3.268s] [35m[1mScanning dependencies of target fc_custom_interface__cpp[0m
[3.270s] [35m[1mScanning dependencies of target ament_cmake_python_copy_fc_custom_interface[0m
[3.271s] [  2%] [34m[1mGenerating C code for ROS interfaces[0m
[3.285s] [  5%] [34m[1mGenerating C++ code for ROS interfaces[0m
[3.300s] [  5%] Built target ament_cmake_python_copy_fc_custom_interface
[3.317s] [35m[1mScanning dependencies of target ament_cmake_python_build_fc_custom_interface_egg[0m
[3.622s] running egg_info
[3.623s] creating fc_custom_interface.egg-info
[3.623s] writing fc_custom_interface.egg-info/PKG-INFO
[3.623s] writing dependency_links to fc_custom_interface.egg-info/dependency_links.txt
[3.624s] writing top-level names to fc_custom_interface.egg-info/top_level.txt
[3.626s] writing manifest file 'fc_custom_interface.egg-info/SOURCES.txt'
[3.667s] reading manifest file 'fc_custom_interface.egg-info/SOURCES.txt'
[3.667s] writing manifest file 'fc_custom_interface.egg-info/SOURCES.txt'
[3.701s] [  5%] Built target ament_cmake_python_build_fc_custom_interface_egg
[3.774s] [35m[1mScanning dependencies of target fc_custom_interface__rosidl_generator_c[0m
[3.795s] [  7%] [32mBuilding C object CMakeFiles/fc_custom_interface__rosidl_generator_c.dir/rosidl_generator_c/fc_custom_interface/msg/detail/custom_message__functions.c.o[0m
[3.796s] [ 10%] [32mBuilding C object CMakeFiles/fc_custom_interface__rosidl_generator_c.dir/rosidl_generator_c/fc_custom_interface/action/detail/move_robot__functions.c.o[0m
[3.832s] [ 10%] Built target fc_custom_interface__cpp
[3.846s] [ 12%] [34m[1mGenerating C++ type support dispatch for ROS interfaces[0m
[3.846s] [ 15%] [34m[1mGenerating C++ introspection for ROS interfaces[0m
[3.847s] [ 17%] [34m[1mGenerating C++ type support for eProsima Fast-RTPS[0m
[3.911s] [ 20%] [32m[1mLinking C shared library libfc_custom_interface__rosidl_generator_c.so[0m
[3.968s] [ 20%] Built target fc_custom_interface__rosidl_generator_c
[3.982s] [ 23%] [34m[1mGenerating C introspection for ROS interfaces[0m
[3.983s] [ 25%] [34m[1mGenerating C type support dispatch for ROS interfaces[0m
[4.165s] [35m[1mScanning dependencies of target fc_custom_interface__rosidl_typesupport_cpp[0m
[4.185s] [ 28%] [32mBuilding CXX object CMakeFiles/fc_custom_interface__rosidl_typesupport_cpp.dir/rosidl_typesupport_cpp/fc_custom_interface/msg/custom_message__type_support.cpp.o[0m
[4.185s] [ 30%] [32mBuilding CXX object CMakeFiles/fc_custom_interface__rosidl_typesupport_cpp.dir/rosidl_typesupport_cpp/fc_custom_interface/action/move_robot__type_support.cpp.o[0m
[4.226s] [35m[1mScanning dependencies of target fc_custom_interface__rosidl_typesupport_introspection_cpp[0m
[4.247s] [ 33%] [32mBuilding CXX object CMakeFiles/fc_custom_interface__rosidl_typesupport_introspection_cpp.dir/rosidl_typesupport_introspection_cpp/fc_custom_interface/msg/detail/custom_message__type_support.cpp.o[0m
[4.251s] [ 35%] [32mBuilding CXX object CMakeFiles/fc_custom_interface__rosidl_typesupport_introspection_cpp.dir/rosidl_typesupport_introspection_cpp/fc_custom_interface/action/detail/move_robot__type_support.cpp.o[0m
[4.298s] [35m[1mScanning dependencies of target fc_custom_interface__rosidl_typesupport_fastrtps_cpp[0m
[4.309s] [35m[1mScanning dependencies of target fc_custom_interface__rosidl_typesupport_c[0m
[4.322s] [ 38%] [32mBuilding CXX object CMakeFiles/fc_custom_interface__rosidl_typesupport_fastrtps_cpp.dir/rosidl_typesupport_fastrtps_cpp/fc_custom_interface/msg/detail/dds_fastrtps/custom_message__type_support.cpp.o[0m
[4.326s] [ 41%] [32mBuilding CXX object CMakeFiles/fc_custom_interface__rosidl_typesupport_fastrtps_cpp.dir/rosidl_typesupport_fastrtps_cpp/fc_custom_interface/action/detail/dds_fastrtps/move_robot__type_support.cpp.o[0m
[4.329s] [ 43%] [32mBuilding CXX object CMakeFiles/fc_custom_interface__rosidl_typesupport_c.dir/rosidl_typesupport_c/fc_custom_interface/msg/custom_message__type_support.cpp.o[0m
[4.329s] [ 46%] [32mBuilding CXX object CMakeFiles/fc_custom_interface__rosidl_typesupport_c.dir/rosidl_typesupport_c/fc_custom_interface/action/move_robot__type_support.cpp.o[0m
[4.385s] [ 48%] [32m[1mLinking CXX shared library libfc_custom_interface__rosidl_typesupport_c.so[0m
[4.410s] [35m[1mScanning dependencies of target fc_custom_interface__rosidl_typesupport_introspection_c[0m
[4.431s] [ 51%] [32mBuilding C object CMakeFiles/fc_custom_interface__rosidl_typesupport_introspection_c.dir/rosidl_typesupport_introspection_c/fc_custom_interface/msg/detail/custom_message__type_support.c.o[0m
[4.431s] [ 53%] [32mBuilding C object CMakeFiles/fc_custom_interface__rosidl_typesupport_introspection_c.dir/rosidl_typesupport_introspection_c/fc_custom_interface/action/detail/move_robot__type_support.c.o[0m
[4.441s] [ 53%] Built target fc_custom_interface__rosidl_typesupport_c
[4.510s] [ 56%] [32m[1mLinking C shared library libfc_custom_interface__rosidl_typesupport_introspection_c.so[0m
[4.554s] [ 56%] Built target fc_custom_interface__rosidl_typesupport_introspection_c
[4.763s] [ 58%] [32m[1mLinking CXX shared library libfc_custom_interface__rosidl_typesupport_cpp.so[0m
[4.819s] [ 58%] Built target fc_custom_interface__rosidl_typesupport_cpp
[5.016s] [ 61%] [32m[1mLinking CXX shared library libfc_custom_interface__rosidl_typesupport_introspection_cpp.so[0m
[5.019s] [ 64%] [32m[1mLinking CXX shared library libfc_custom_interface__rosidl_typesupport_fastrtps_cpp.so[0m
[5.131s] [ 64%] Built target fc_custom_interface__rosidl_typesupport_introspection_cpp
[5.132s] [ 64%] Built target fc_custom_interface__rosidl_typesupport_fastrtps_cpp
[5.147s] [ 66%] [34m[1mGenerating C type support for eProsima Fast-RTPS[0m
[5.590s] [35m[1mScanning dependencies of target fc_custom_interface__rosidl_typesupport_fastrtps_c[0m
[5.618s] [ 69%] [32mBuilding CXX object CMakeFiles/fc_custom_interface__rosidl_typesupport_fastrtps_c.dir/rosidl_typesupport_fastrtps_c/fc_custom_interface/action/detail/move_robot__type_support_c.cpp.o[0m
[5.620s] [ 71%] [32mBuilding CXX object CMakeFiles/fc_custom_interface__rosidl_typesupport_fastrtps_c.dir/rosidl_typesupport_fastrtps_c/fc_custom_interface/msg/detail/custom_message__type_support_c.cpp.o[0m
[6.053s] [ 74%] [32m[1mLinking CXX shared library libfc_custom_interface__rosidl_typesupport_fastrtps_c.so[0m
[6.165s] [ 74%] Built target fc_custom_interface__rosidl_typesupport_fastrtps_c
[6.182s] [35m[1mScanning dependencies of target fc_custom_interface[0m
[6.198s] [ 74%] Built target fc_custom_interface
[6.212s] [35m[1mScanning dependencies of target fc_custom_interface__py[0m
[6.223s] [ 76%] [34m[1mGenerating Python code for ROS interfaces[0m
[7.218s] [ 76%] Built target fc_custom_interface__py
[7.234s] [35m[1mScanning dependencies of target fc_custom_interface__rosidl_generator_py[0m
[7.264s] [ 79%] [32mBuilding C object CMakeFiles/fc_custom_interface__rosidl_generator_py.dir/rosidl_generator_py/fc_custom_interface/msg/_custom_message_s.c.o[0m
[7.268s] [ 82%] [32mBuilding C object CMakeFiles/fc_custom_interface__rosidl_generator_py.dir/rosidl_generator_py/fc_custom_interface/action/_move_robot_s.c.o[0m
[7.421s] [ 84%] [32m[1mLinking C shared library rosidl_generator_py/fc_custom_interface/libfc_custom_interface__rosidl_generator_py.so[0m
[7.480s] [ 84%] Built target fc_custom_interface__rosidl_generator_py
[7.494s] [35m[1mScanning dependencies of target fc_custom_interface__rosidl_typesupport_introspection_c__pyext[0m
[7.496s] [35m[1mScanning dependencies of target fc_custom_interface__rosidl_typesupport_c__pyext[0m
[7.497s] [35m[1mScanning dependencies of target fc_custom_interface__rosidl_typesupport_fastrtps_c__pyext[0m
[7.516s] [ 87%] [32mBuilding C object CMakeFiles/fc_custom_interface__rosidl_typesupport_introspection_c__pyext.dir/rosidl_generator_py/fc_custom_interface/_fc_custom_interface_s.ep.rosidl_typesupport_introspection_c.c.o[0m
[7.517s] [ 89%] [32mBuilding C object CMakeFiles/fc_custom_interface__rosidl_typesupport_c__pyext.dir/rosidl_generator_py/fc_custom_interface/_fc_custom_interface_s.ep.rosidl_typesupport_c.c.o[0m
[7.520s] [ 92%] [32mBuilding C object CMakeFiles/fc_custom_interface__rosidl_typesupport_fastrtps_c__pyext.dir/rosidl_generator_py/fc_custom_interface/_fc_custom_interface_s.ep.rosidl_typesupport_fastrtps_c.c.o[0m
[7.640s] [ 94%] [32m[1mLinking C shared library rosidl_generator_py/fc_custom_interface/fc_custom_interface_s__rosidl_typesupport_introspection_c.cpython-38-x86_64-linux-gnu.so[0m
[7.642s] [ 97%] [32m[1mLinking C shared library rosidl_generator_py/fc_custom_interface/fc_custom_interface_s__rosidl_typesupport_c.cpython-38-x86_64-linux-gnu.so[0m
[7.650s] [100%] [32m[1mLinking C shared library rosidl_generator_py/fc_custom_interface/fc_custom_interface_s__rosidl_typesupport_fastrtps_c.cpython-38-x86_64-linux-gnu.so[0m
[7.690s] [100%] Built target fc_custom_interface__rosidl_typesupport_c__pyext
[7.692s] [100%] Built target fc_custom_interface__rosidl_typesupport_introspection_c__pyext
[7.710s] [100%] Built target fc_custom_interface__rosidl_typesupport_fastrtps_c__pyext
[7.730s] Invoked command in '/home/gokul/Desktop/Foundation_Course/VS_Code/Python_VS/src/build/fc_custom_interface' returned '0': CMAKE_PREFIX_PATH=${CMAKE_PREFIX_PATH}:/home/gokul/Desktop/Foundation_Course/VS_Code/Python_VS/install/python_pubsub:/home/gokul/Desktop/Foundation_Course/VS_Code/Python_VS/install/move_robot:/opt/ros/rolling /usr/bin/cmake --build /home/gokul/Desktop/Foundation_Course/VS_Code/Python_VS/src/build/fc_custom_interface -- -j16 -l16
[7.855s] Invoking command in '/home/gokul/Desktop/Foundation_Course/VS_Code/Python_VS/src/build/fc_custom_interface': CMAKE_PREFIX_PATH=${CMAKE_PREFIX_PATH}:/home/gokul/Desktop/Foundation_Course/VS_Code/Python_VS/install/python_pubsub:/home/gokul/Desktop/Foundation_Course/VS_Code/Python_VS/install/move_robot:/opt/ros/rolling /usr/bin/cmake --install /home/gokul/Desktop/Foundation_Course/VS_Code/Python_VS/src/build/fc_custom_interface
[7.864s] -- Install configuration: ""
[7.864s] -- Installing: /home/gokul/Desktop/Foundation_Course/VS_Code/Python_VS/src/install/fc_custom_interface/share/ament_index/resource_index/rosidl_interfaces/fc_custom_interface
[7.864s] -- Installing: /home/gokul/Desktop/Foundation_Course/VS_Code/Python_VS/src/install/fc_custom_interface/include/fc_custom_interface
[7.865s] -- Installing: /home/gokul/Desktop/Foundation_Course/VS_Code/Python_VS/src/install/fc_custom_interface/include/fc_custom_interface/action
[7.865s] -- Installing: /home/gokul/Desktop/Foundation_Course/VS_Code/Python_VS/src/install/fc_custom_interface/include/fc_custom_interface/action/detail
[7.865s] -- Installing: /home/gokul/Desktop/Foundation_Course/VS_Code/Python_VS/src/install/fc_custom_interface/include/fc_custom_interface/action/detail/move_robot__functions.c
[7.866s] -- Installing: /home/gokul/Desktop/Foundation_Course/VS_Code/Python_VS/src/install/fc_custom_interface/include/fc_custom_interface/action/detail/move_robot__functions.h
[7.866s] -- Installing: /home/gokul/Desktop/Foundation_Course/VS_Code/Python_VS/src/install/fc_custom_interface/include/fc_custom_interface/action/detail/move_robot__type_support.h
[7.866s] -- Installing: /home/gokul/Desktop/Foundation_Course/VS_Code/Python_VS/src/install/fc_custom_interface/include/fc_custom_interface/action/detail/move_robot__struct.h
[7.867s] -- Installing: /home/gokul/Desktop/Foundation_Course/VS_Code/Python_VS/src/install/fc_custom_interface/include/fc_custom_interface/action/move_robot.h
[7.867s] -- Installing: /home/gokul/Desktop/Foundation_Course/VS_Code/Python_VS/src/install/fc_custom_interface/include/fc_custom_interface/msg
[7.867s] -- Installing: /home/gokul/Desktop/Foundation_Course/VS_Code/Python_VS/src/install/fc_custom_interface/include/fc_custom_interface/msg/detail
[7.868s] -- Installing: /home/gokul/Desktop/Foundation_Course/VS_Code/Python_VS/src/install/fc_custom_interface/include/fc_custom_interface/msg/detail/custom_message__functions.h
[7.868s] -- Installing: /home/gokul/Desktop/Foundation_Course/VS_Code/Python_VS/src/install/fc_custom_interface/include/fc_custom_interface/msg/detail/custom_message__type_support.h
[7.868s] -- Installing: /home/gokul/Desktop/Foundation_Course/VS_Code/Python_VS/src/install/fc_custom_interface/include/fc_custom_interface/msg/detail/custom_message__struct.h
[7.868s] -- Installing: /home/gokul/Desktop/Foundation_Course/VS_Code/Python_VS/src/install/fc_custom_interface/include/fc_custom_interface/msg/detail/custom_message__functions.c
[7.869s] -- Installing: /home/gokul/Desktop/Foundation_Course/VS_Code/Python_VS/src/install/fc_custom_interface/include/fc_custom_interface/msg/rosidl_generator_c__visibility_control.h
[7.869s] -- Installing: /home/gokul/Desktop/Foundation_Course/VS_Code/Python_VS/src/install/fc_custom_interface/include/fc_custom_interface/msg/custom_message.h
[7.869s] -- Installing: /home/gokul/Desktop/Foundation_Course/VS_Code/Python_VS/src/install/fc_custom_interface/share/fc_custom_interface/environment/library_path.sh
[7.869s] -- Installing: /home/gokul/Desktop/Foundation_Course/VS_Code/Python_VS/src/install/fc_custom_interface/share/fc_custom_interface/environment/library_path.dsv
[7.870s] -- Installing: /home/gokul/Desktop/Foundation_Course/VS_Code/Python_VS/src/install/fc_custom_interface/lib/libfc_custom_interface__rosidl_generator_c.so
[7.870s] -- Set runtime path of "/home/gokul/Desktop/Foundation_Course/VS_Code/Python_VS/src/install/fc_custom_interface/lib/libfc_custom_interface__rosidl_generator_c.so" to ""
[7.870s] -- Up-to-date: /home/gokul/Desktop/Foundation_Course/VS_Code/Python_VS/src/install/fc_custom_interface/include/fc_custom_interface
[7.870s] -- Up-to-date: /home/gokul/Desktop/Foundation_Course/VS_Code/Python_VS/src/install/fc_custom_interface/include/fc_custom_interface/action
[7.871s] -- Up-to-date: /home/gokul/Desktop/Foundation_Course/VS_Code/Python_VS/src/install/fc_custom_interface/include/fc_custom_interface/action/detail
[7.871s] -- Installing: /home/gokul/Desktop/Foundation_Course/VS_Code/Python_VS/src/install/fc_custom_interface/include/fc_custom_interface/action/detail/move_robot__rosidl_typesupport_fastrtps_c.h
[7.871s] -- Up-to-date: /home/gokul/Desktop/Foundation_Course/VS_Code/Python_VS/src/install/fc_custom_interface/include/fc_custom_interface/msg
[7.872s] -- Up-to-date: /home/gokul/Desktop/Foundation_Course/VS_Code/Python_VS/src/install/fc_custom_interface/include/fc_custom_interface/msg/detail
[7.872s] -- Installing: /home/gokul/Desktop/Foundation_Course/VS_Code/Python_VS/src/install/fc_custom_interface/include/fc_custom_interface/msg/detail/custom_message__rosidl_typesupport_fastrtps_c.h
[7.872s] -- Installing: /home/gokul/Desktop/Foundation_Course/VS_Code/Python_VS/src/install/fc_custom_interface/include/fc_custom_interface/msg/rosidl_typesupport_fastrtps_c__visibility_control.h
[7.872s] -- Installing: /home/gokul/Desktop/Foundation_Course/VS_Code/Python_VS/src/install/fc_custom_interface/lib/libfc_custom_interface__rosidl_typesupport_fastrtps_c.so
[7.873s] -- Set runtime path of "/home/gokul/Desktop/Foundation_Course/VS_Code/Python_VS/src/install/fc_custom_interface/lib/libfc_custom_interface__rosidl_typesupport_fastrtps_c.so" to ""
[7.873s] -- Up-to-date: /home/gokul/Desktop/Foundation_Course/VS_Code/Python_VS/src/install/fc_custom_interface/include/fc_custom_interface
[7.873s] -- Up-to-date: /home/gokul/Desktop/Foundation_Course/VS_Code/Python_VS/src/install/fc_custom_interface/include/fc_custom_interface/action
[7.873s] -- Up-to-date: /home/gokul/Desktop/Foundation_Course/VS_Code/Python_VS/src/install/fc_custom_interface/include/fc_custom_interface/action/detail
[7.874s] -- Installing: /home/gokul/Desktop/Foundation_Course/VS_Code/Python_VS/src/install/fc_custom_interface/include/fc_custom_interface/action/detail/move_robot__rosidl_typesupport_fastrtps_cpp.hpp
[7.874s] -- Installing: /home/gokul/Desktop/Foundation_Course/VS_Code/Python_VS/src/install/fc_custom_interface/include/fc_custom_interface/action/detail/dds_fastrtps
[7.874s] -- Up-to-date: /home/gokul/Desktop/Foundation_Course/VS_Code/Python_VS/src/install/fc_custom_interface/include/fc_custom_interface/msg
[7.874s] -- Up-to-date: /home/gokul/Desktop/Foundation_Course/VS_Code/Python_VS/src/install/fc_custom_interface/include/fc_custom_interface/msg/detail
[7.875s] -- Installing: /home/gokul/Desktop/Foundation_Course/VS_Code/Python_VS/src/install/fc_custom_interface/include/fc_custom_interface/msg/detail/custom_message__rosidl_typesupport_fastrtps_cpp.hpp
[7.875s] -- Installing: /home/gokul/Desktop/Foundation_Course/VS_Code/Python_VS/src/install/fc_custom_interface/include/fc_custom_interface/msg/detail/dds_fastrtps
[7.875s] -- Installing: /home/gokul/Desktop/Foundation_Course/VS_Code/Python_VS/src/install/fc_custom_interface/include/fc_custom_interface/msg/rosidl_typesupport_fastrtps_cpp__visibility_control.h
[7.875s] -- Installing: /home/gokul/Desktop/Foundation_Course/VS_Code/Python_VS/src/install/fc_custom_interface/lib/libfc_custom_interface__rosidl_typesupport_fastrtps_cpp.so
[7.875s] -- Set runtime path of "/home/gokul/Desktop/Foundation_Course/VS_Code/Python_VS/src/install/fc_custom_interface/lib/libfc_custom_interface__rosidl_typesupport_fastrtps_cpp.so" to ""
[7.875s] -- Up-to-date: /home/gokul/Desktop/Foundation_Course/VS_Code/Python_VS/src/install/fc_custom_interface/include/fc_custom_interface
[7.875s] -- Up-to-date: /home/gokul/Desktop/Foundation_Course/VS_Code/Python_VS/src/install/fc_custom_interface/include/fc_custom_interface/action
[7.875s] -- Up-to-date: /home/gokul/Desktop/Foundation_Course/VS_Code/Python_VS/src/install/fc_custom_interface/include/fc_custom_interface/action/detail
[7.876s] -- Installing: /home/gokul/Desktop/Foundation_Course/VS_Code/Python_VS/src/install/fc_custom_interface/include/fc_custom_interface/action/detail/move_robot__rosidl_typesupport_introspection_c.h
[7.876s] -- Installing: /home/gokul/Desktop/Foundation_Course/VS_Code/Python_VS/src/install/fc_custom_interface/include/fc_custom_interface/action/detail/move_robot__type_support.c
[7.876s] -- Up-to-date: /home/gokul/Desktop/Foundation_Course/VS_Code/Python_VS/src/install/fc_custom_interface/include/fc_custom_interface/msg
[7.876s] -- Up-to-date: /home/gokul/Desktop/Foundation_Course/VS_Code/Python_VS/src/install/fc_custom_interface/include/fc_custom_interface/msg/detail
[7.876s] -- Installing: /home/gokul/Desktop/Foundation_Course/VS_Code/Python_VS/src/install/fc_custom_interface/include/fc_custom_interface/msg/detail/custom_message__rosidl_typesupport_introspection_c.h
[7.876s] -- Installing: /home/gokul/Desktop/Foundation_Course/VS_Code/Python_VS/src/install/fc_custom_interface/include/fc_custom_interface/msg/detail/custom_message__type_support.c
[7.876s] -- Installing: /home/gokul/Desktop/Foundation_Course/VS_Code/Python_VS/src/install/fc_custom_interface/include/fc_custom_interface/msg/rosidl_typesupport_introspection_c__visibility_control.h
[7.876s] -- Installing: /home/gokul/Desktop/Foundation_Course/VS_Code/Python_VS/src/install/fc_custom_interface/lib/libfc_custom_interface__rosidl_typesupport_introspection_c.so
[7.876s] -- Set runtime path of "/home/gokul/Desktop/Foundation_Course/VS_Code/Python_VS/src/install/fc_custom_interface/lib/libfc_custom_interface__rosidl_typesupport_introspection_c.so" to ""
[7.876s] -- Installing: /home/gokul/Desktop/Foundation_Course/VS_Code/Python_VS/src/install/fc_custom_interface/lib/libfc_custom_interface__rosidl_typesupport_c.so
[7.876s] -- Set runtime path of "/home/gokul/Desktop/Foundation_Course/VS_Code/Python_VS/src/install/fc_custom_interface/lib/libfc_custom_interface__rosidl_typesupport_c.so" to ""
[7.876s] -- Up-to-date: /home/gokul/Desktop/Foundation_Course/VS_Code/Python_VS/src/install/fc_custom_interface/include/fc_custom_interface
[7.876s] -- Up-to-date: /home/gokul/Desktop/Foundation_Course/VS_Code/Python_VS/src/install/fc_custom_interface/include/fc_custom_interface/action
[7.877s] -- Up-to-date: /home/gokul/Desktop/Foundation_Course/VS_Code/Python_VS/src/install/fc_custom_interface/include/fc_custom_interface/action/detail
[7.877s] -- Installing: /home/gokul/Desktop/Foundation_Course/VS_Code/Python_VS/src/install/fc_custom_interface/include/fc_custom_interface/action/detail/move_robot__struct.hpp
[7.877s] -- Installing: /home/gokul/Desktop/Foundation_Course/VS_Code/Python_VS/src/install/fc_custom_interface/include/fc_custom_interface/action/detail/move_robot__builder.hpp
[7.877s] -- Installing: /home/gokul/Desktop/Foundation_Course/VS_Code/Python_VS/src/install/fc_custom_interface/include/fc_custom_interface/action/detail/move_robot__traits.hpp
[7.877s] -- Installing: /home/gokul/Desktop/Foundation_Course/VS_Code/Python_VS/src/install/fc_custom_interface/include/fc_custom_interface/action/move_robot.hpp
[7.877s] -- Up-to-date: /home/gokul/Desktop/Foundation_Course/VS_Code/Python_VS/src/install/fc_custom_interface/include/fc_custom_interface/msg
[7.877s] -- Up-to-date: /home/gokul/Desktop/Foundation_Course/VS_Code/Python_VS/src/install/fc_custom_interface/include/fc_custom_interface/msg/detail
[7.877s] -- Installing: /home/gokul/Desktop/Foundation_Course/VS_Code/Python_VS/src/install/fc_custom_interface/include/fc_custom_interface/msg/detail/custom_message__traits.hpp
[7.877s] -- Installing: /home/gokul/Desktop/Foundation_Course/VS_Code/Python_VS/src/install/fc_custom_interface/include/fc_custom_interface/msg/detail/custom_message__struct.hpp
[7.877s] -- Installing: /home/gokul/Desktop/Foundation_Course/VS_Code/Python_VS/src/install/fc_custom_interface/include/fc_custom_interface/msg/detail/custom_message__builder.hpp
[7.877s] -- Installing: /home/gokul/Desktop/Foundation_Course/VS_Code/Python_VS/src/install/fc_custom_interface/include/fc_custom_interface/msg/custom_message.hpp
[7.877s] -- Up-to-date: /home/gokul/Desktop/Foundation_Course/VS_Code/Python_VS/src/install/fc_custom_interface/include/fc_custom_interface
[7.877s] -- Up-to-date: /home/gokul/Desktop/Foundation_Course/VS_Code/Python_VS/src/install/fc_custom_interface/include/fc_custom_interface/action
[7.877s] -- Up-to-date: /home/gokul/Desktop/Foundation_Course/VS_Code/Python_VS/src/install/fc_custom_interface/include/fc_custom_interface/action/detail
[7.878s] -- Installing: /home/gokul/Desktop/Foundation_Course/VS_Code/Python_VS/src/install/fc_custom_interface/include/fc_custom_interface/action/detail/move_robot__type_support.cpp
[7.878s] -- Installing: /home/gokul/Desktop/Foundation_Course/VS_Code/Python_VS/src/install/fc_custom_interface/include/fc_custom_interface/action/detail/move_robot__rosidl_typesupport_introspection_cpp.hpp
[7.878s] -- Up-to-date: /home/gokul/Desktop/Foundation_Course/VS_Code/Python_VS/src/install/fc_custom_interface/include/fc_custom_interface/msg
[7.878s] -- Up-to-date: /home/gokul/Desktop/Foundation_Course/VS_Code/Python_VS/src/install/fc_custom_interface/include/fc_custom_interface/msg/detail
[7.878s] -- Installing: /home/gokul/Desktop/Foundation_Course/VS_Code/Python_VS/src/install/fc_custom_interface/include/fc_custom_interface/msg/detail/custom_message__rosidl_typesupport_introspection_cpp.hpp
[7.878s] -- Installing: /home/gokul/Desktop/Foundation_Course/VS_Code/Python_VS/src/install/fc_custom_interface/include/fc_custom_interface/msg/detail/custom_message__type_support.cpp
[7.878s] -- Installing: /home/gokul/Desktop/Foundation_Course/VS_Code/Python_VS/src/install/fc_custom_interface/lib/libfc_custom_interface__rosidl_typesupport_introspection_cpp.so
[7.878s] -- Set runtime path of "/home/gokul/Desktop/Foundation_Course/VS_Code/Python_VS/src/install/fc_custom_interface/lib/libfc_custom_interface__rosidl_typesupport_introspection_cpp.so" to ""
[7.878s] -- Installing: /home/gokul/Desktop/Foundation_Course/VS_Code/Python_VS/src/install/fc_custom_interface/lib/libfc_custom_interface__rosidl_typesupport_cpp.so
[7.878s] -- Set runtime path of "/home/gokul/Desktop/Foundation_Course/VS_Code/Python_VS/src/install/fc_custom_interface/lib/libfc_custom_interface__rosidl_typesupport_cpp.so" to ""
[7.878s] -- Installing: /home/gokul/Desktop/Foundation_Course/VS_Code/Python_VS/src/install/fc_custom_interface/share/fc_custom_interface/environment/pythonpath.sh
[7.878s] -- Installing: /home/gokul/Desktop/Foundation_Course/VS_Code/Python_VS/src/install/fc_custom_interface/share/fc_custom_interface/environment/pythonpath.dsv
[7.878s] -- Installing: /home/gokul/Desktop/Foundation_Course/VS_Code/Python_VS/src/install/fc_custom_interface/lib/python3.8/site-packages/fc_custom_interface-0.0.0-py3.8.egg-info
[7.878s] -- Installing: /home/gokul/Desktop/Foundation_Course/VS_Code/Python_VS/src/install/fc_custom_interface/lib/python3.8/site-packages/fc_custom_interface-0.0.0-py3.8.egg-info/dependency_links.txt
[7.879s] -- Installing: /home/gokul/Desktop/Foundation_Course/VS_Code/Python_VS/src/install/fc_custom_interface/lib/python3.8/site-packages/fc_custom_interface-0.0.0-py3.8.egg-info/SOURCES.txt
[7.879s] -- Installing: /home/gokul/Desktop/Foundation_Course/VS_Code/Python_VS/src/install/fc_custom_interface/lib/python3.8/site-packages/fc_custom_interface-0.0.0-py3.8.egg-info/top_level.txt
[7.879s] -- Installing: /home/gokul/Desktop/Foundation_Course/VS_Code/Python_VS/src/install/fc_custom_interface/lib/python3.8/site-packages/fc_custom_interface-0.0.0-py3.8.egg-info/PKG-INFO
[7.879s] -- Installing: /home/gokul/Desktop/Foundation_Course/VS_Code/Python_VS/src/install/fc_custom_interface/lib/python3.8/site-packages/fc_custom_interface
[7.879s] -- Installing: /home/gokul/Desktop/Foundation_Course/VS_Code/Python_VS/src/install/fc_custom_interface/lib/python3.8/site-packages/fc_custom_interface/fc_custom_interface_s__rosidl_typesupport_c.cpython-38-x86_64-linux-gnu.so
[7.879s] -- Installing: /home/gokul/Desktop/Foundation_Course/VS_Code/Python_VS/src/install/fc_custom_interface/lib/python3.8/site-packages/fc_custom_interface/action
[7.879s] -- Installing: /home/gokul/Desktop/Foundation_Course/VS_Code/Python_VS/src/install/fc_custom_interface/lib/python3.8/site-packages/fc_custom_interface/action/_move_robot_s.c
[7.879s] -- Installing: /home/gokul/Desktop/Foundation_Course/VS_Code/Python_VS/src/install/fc_custom_interface/lib/python3.8/site-packages/fc_custom_interface/action/_move_robot.py
[7.879s] -- Installing: /home/gokul/Desktop/Foundation_Course/VS_Code/Python_VS/src/install/fc_custom_interface/lib/python3.8/site-packages/fc_custom_interface/action/__init__.py
[7.879s] -- Installing: /home/gokul/Desktop/Foundation_Course/VS_Code/Python_VS/src/install/fc_custom_interface/lib/python3.8/site-packages/fc_custom_interface/msg
[7.879s] -- Installing: /home/gokul/Desktop/Foundation_Course/VS_Code/Python_VS/src/install/fc_custom_interface/lib/python3.8/site-packages/fc_custom_interface/msg/_custom_message.py
[7.879s] -- Installing: /home/gokul/Desktop/Foundation_Course/VS_Code/Python_VS/src/install/fc_custom_interface/lib/python3.8/site-packages/fc_custom_interface/msg/_custom_message_s.c
[7.879s] -- Installing: /home/gokul/Desktop/Foundation_Course/VS_Code/Python_VS/src/install/fc_custom_interface/lib/python3.8/site-packages/fc_custom_interface/msg/__init__.py
[7.879s] -- Installing: /home/gokul/Desktop/Foundation_Course/VS_Code/Python_VS/src/install/fc_custom_interface/lib/python3.8/site-packages/fc_custom_interface/__init__.py
[7.880s] -- Installing: /home/gokul/Desktop/Foundation_Course/VS_Code/Python_VS/src/install/fc_custom_interface/lib/python3.8/site-packages/fc_custom_interface/_fc_custom_interface_s.ep.rosidl_typesupport_fastrtps_c.c
[7.880s] -- Installing: /home/gokul/Desktop/Foundation_Course/VS_Code/Python_VS/src/install/fc_custom_interface/lib/python3.8/site-packages/fc_custom_interface/fc_custom_interface_s__rosidl_typesupport_fastrtps_c.cpython-38-x86_64-linux-gnu.so
[7.880s] -- Installing: /home/gokul/Desktop/Foundation_Course/VS_Code/Python_VS/src/install/fc_custom_interface/lib/python3.8/site-packages/fc_custom_interface/libfc_custom_interface__rosidl_generator_py.so
[7.880s] -- Installing: /home/gokul/Desktop/Foundation_Course/VS_Code/Python_VS/src/install/fc_custom_interface/lib/python3.8/site-packages/fc_custom_interface/fc_custom_interface_s__rosidl_typesupport_introspection_c.cpython-38-x86_64-linux-gnu.so
[7.880s] -- Installing: /home/gokul/Desktop/Foundation_Course/VS_Code/Python_VS/src/install/fc_custom_interface/lib/python3.8/site-packages/fc_custom_interface/_fc_custom_interface_s.ep.rosidl_typesupport_c.c
[7.880s] -- Installing: /home/gokul/Desktop/Foundation_Course/VS_Code/Python_VS/src/install/fc_custom_interface/lib/python3.8/site-packages/fc_custom_interface/_fc_custom_interface_s.ep.rosidl_typesupport_introspection_c.c
[7.919s] Listing '/home/gokul/Desktop/Foundation_Course/VS_Code/Python_VS/src/install/fc_custom_interface/lib/python3.8/site-packages/fc_custom_interface'...
[7.919s] Compiling '/home/gokul/Desktop/Foundation_Course/VS_Code/Python_VS/src/install/fc_custom_interface/lib/python3.8/site-packages/fc_custom_interface/__init__.py'...
[7.920s] Listing '/home/gokul/Desktop/Foundation_Course/VS_Code/Python_VS/src/install/fc_custom_interface/lib/python3.8/site-packages/fc_custom_interface/action'...
[7.920s] Compiling '/home/gokul/Desktop/Foundation_Course/VS_Code/Python_VS/src/install/fc_custom_interface/lib/python3.8/site-packages/fc_custom_interface/action/__init__.py'...
[7.920s] Compiling '/home/gokul/Desktop/Foundation_Course/VS_Code/Python_VS/src/install/fc_custom_interface/lib/python3.8/site-packages/fc_custom_interface/action/_move_robot.py'...
[7.920s] Listing '/home/gokul/Desktop/Foundation_Course/VS_Code/Python_VS/src/install/fc_custom_interface/lib/python3.8/site-packages/fc_custom_interface/msg'...
[7.920s] Compiling '/home/gokul/Desktop/Foundation_Course/VS_Code/Python_VS/src/install/fc_custom_interface/lib/python3.8/site-packages/fc_custom_interface/msg/__init__.py'...
[7.921s] Compiling '/home/gokul/Desktop/Foundation_Course/VS_Code/Python_VS/src/install/fc_custom_interface/lib/python3.8/site-packages/fc_custom_interface/msg/_custom_message.py'...
[7.925s] -- Installing: /home/gokul/Desktop/Foundation_Course/VS_Code/Python_VS/src/install/fc_custom_interface/lib/python3.8/site-packages/fc_custom_interface/fc_custom_interface_s__rosidl_typesupport_fastrtps_c.cpython-38-x86_64-linux-gnu.so
[7.926s] -- Set runtime path of "/home/gokul/Desktop/Foundation_Course/VS_Code/Python_VS/src/install/fc_custom_interface/lib/python3.8/site-packages/fc_custom_interface/fc_custom_interface_s__rosidl_typesupport_fastrtps_c.cpython-38-x86_64-linux-gnu.so" to ""
[7.927s] -- Installing: /home/gokul/Desktop/Foundation_Course/VS_Code/Python_VS/src/install/fc_custom_interface/lib/python3.8/site-packages/fc_custom_interface/fc_custom_interface_s__rosidl_typesupport_introspection_c.cpython-38-x86_64-linux-gnu.so
[7.928s] -- Set runtime path of "/home/gokul/Desktop/Foundation_Course/VS_Code/Python_VS/src/install/fc_custom_interface/lib/python3.8/site-packages/fc_custom_interface/fc_custom_interface_s__rosidl_typesupport_introspection_c.cpython-38-x86_64-linux-gnu.so" to ""
[7.929s] -- Installing: /home/gokul/Desktop/Foundation_Course/VS_Code/Python_VS/src/install/fc_custom_interface/lib/python3.8/site-packages/fc_custom_interface/fc_custom_interface_s__rosidl_typesupport_c.cpython-38-x86_64-linux-gnu.so
[7.930s] -- Set runtime path of "/home/gokul/Desktop/Foundation_Course/VS_Code/Python_VS/src/install/fc_custom_interface/lib/python3.8/site-packages/fc_custom_interface/fc_custom_interface_s__rosidl_typesupport_c.cpython-38-x86_64-linux-gnu.so" to ""
[7.930s] -- Installing: /home/gokul/Desktop/Foundation_Course/VS_Code/Python_VS/src/install/fc_custom_interface/lib/libfc_custom_interface__rosidl_generator_py.so
[7.931s] -- Set runtime path of "/home/gokul/Desktop/Foundation_Course/VS_Code/Python_VS/src/install/fc_custom_interface/lib/libfc_custom_interface__rosidl_generator_py.so" to ""
[7.931s] -- Installing: /home/gokul/Desktop/Foundation_Course/VS_Code/Python_VS/src/install/fc_custom_interface/share/fc_custom_interface/msg/CustomMessage.idl
[7.932s] -- Installing: /home/gokul/Desktop/Foundation_Course/VS_Code/Python_VS/src/install/fc_custom_interface/share/fc_custom_interface/action/MoveRobot.idl
[7.932s] -- Installing: /home/gokul/Desktop/Foundation_Course/VS_Code/Python_VS/src/install/fc_custom_interface/share/fc_custom_interface/msg/CustomMessage.msg
[7.933s] -- Installing: /home/gokul/Desktop/Foundation_Course/VS_Code/Python_VS/src/install/fc_custom_interface/share/fc_custom_interface/action/MoveRobot.action
[7.933s] -- Installing: /home/gokul/Desktop/Foundation_Course/VS_Code/Python_VS/src/install/fc_custom_interface/share/ament_index/resource_index/package_run_dependencies/fc_custom_interface
[7.934s] -- Installing: /home/gokul/Desktop/Foundation_Course/VS_Code/Python_VS/src/install/fc_custom_interface/share/ament_index/resource_index/parent_prefix_path/fc_custom_interface
[7.934s] -- Installing: /home/gokul/Desktop/Foundation_Course/VS_Code/Python_VS/src/install/fc_custom_interface/share/fc_custom_interface/environment/ament_prefix_path.sh
[7.934s] -- Installing: /home/gokul/Desktop/Foundation_Course/VS_Code/Python_VS/src/install/fc_custom_interface/share/fc_custom_interface/environment/ament_prefix_path.dsv
[7.935s] -- Installing: /home/gokul/Desktop/Foundation_Course/VS_Code/Python_VS/src/install/fc_custom_interface/share/fc_custom_interface/environment/path.sh
[7.935s] -- Installing: /home/gokul/Desktop/Foundation_Course/VS_Code/Python_VS/src/install/fc_custom_interface/share/fc_custom_interface/environment/path.dsv
[7.935s] -- Installing: /home/gokul/Desktop/Foundation_Course/VS_Code/Python_VS/src/install/fc_custom_interface/share/fc_custom_interface/local_setup.bash
[7.936s] -- Installing: /home/gokul/Desktop/Foundation_Course/VS_Code/Python_VS/src/install/fc_custom_interface/share/fc_custom_interface/local_setup.sh
[7.936s] -- Installing: /home/gokul/Desktop/Foundation_Course/VS_Code/Python_VS/src/install/fc_custom_interface/share/fc_custom_interface/local_setup.zsh
[7.936s] -- Installing: /home/gokul/Desktop/Foundation_Course/VS_Code/Python_VS/src/install/fc_custom_interface/share/fc_custom_interface/local_setup.dsv
[7.937s] -- Installing: /home/gokul/Desktop/Foundation_Course/VS_Code/Python_VS/src/install/fc_custom_interface/share/fc_custom_interface/package.dsv
[7.937s] -- Installing: /home/gokul/Desktop/Foundation_Course/VS_Code/Python_VS/src/install/fc_custom_interface/share/ament_index/resource_index/packages/fc_custom_interface
[7.938s] -- Installing: /home/gokul/Desktop/Foundation_Course/VS_Code/Python_VS/src/install/fc_custom_interface/share/fc_custom_interface/cmake/fc_custom_interface__rosidl_generator_cExport.cmake
[7.938s] -- Installing: /home/gokul/Desktop/Foundation_Course/VS_Code/Python_VS/src/install/fc_custom_interface/share/fc_custom_interface/cmake/fc_custom_interface__rosidl_generator_cExport-noconfig.cmake
[7.938s] -- Installing: /home/gokul/Desktop/Foundation_Course/VS_Code/Python_VS/src/install/fc_custom_interface/share/fc_custom_interface/cmake/fc_custom_interface__rosidl_typesupport_introspection_cExport.cmake
[7.938s] -- Installing: /home/gokul/Desktop/Foundation_Course/VS_Code/Python_VS/src/install/fc_custom_interface/share/fc_custom_interface/cmake/fc_custom_interface__rosidl_typesupport_introspection_cExport-noconfig.cmake
[7.938s] -- Installing: /home/gokul/Desktop/Foundation_Course/VS_Code/Python_VS/src/install/fc_custom_interface/share/fc_custom_interface/cmake/fc_custom_interface__rosidl_typesupport_cExport.cmake
[7.938s] -- Installing: /home/gokul/Desktop/Foundation_Course/VS_Code/Python_VS/src/install/fc_custom_interface/share/fc_custom_interface/cmake/fc_custom_interface__rosidl_typesupport_cExport-noconfig.cmake
[7.939s] -- Installing: /home/gokul/Desktop/Foundation_Course/VS_Code/Python_VS/src/install/fc_custom_interface/share/fc_custom_interface/cmake/fc_custom_interface__rosidl_generator_cppExport.cmake
[7.939s] -- Installing: /home/gokul/Desktop/Foundation_Course/VS_Code/Python_VS/src/install/fc_custom_interface/share/fc_custom_interface/cmake/fc_custom_interface__rosidl_typesupport_introspection_cppExport.cmake
[7.939s] -- Installing: /home/gokul/Desktop/Foundation_Course/VS_Code/Python_VS/src/install/fc_custom_interface/share/fc_custom_interface/cmake/fc_custom_interface__rosidl_typesupport_introspection_cppExport-noconfig.cmake
[7.940s] -- Installing: /home/gokul/Desktop/Foundation_Course/VS_Code/Python_VS/src/install/fc_custom_interface/share/fc_custom_interface/cmake/fc_custom_interface__rosidl_typesupport_cppExport.cmake
[7.940s] -- Installing: /home/gokul/Desktop/Foundation_Course/VS_Code/Python_VS/src/install/fc_custom_interface/share/fc_custom_interface/cmake/fc_custom_interface__rosidl_typesupport_cppExport-noconfig.cmake
[7.940s] -- Installing: /home/gokul/Desktop/Foundation_Course/VS_Code/Python_VS/src/install/fc_custom_interface/share/fc_custom_interface/cmake/export_fc_custom_interface__rosidl_generator_pyExport.cmake
[7.940s] -- Installing: /home/gokul/Desktop/Foundation_Course/VS_Code/Python_VS/src/install/fc_custom_interface/share/fc_custom_interface/cmake/export_fc_custom_interface__rosidl_generator_pyExport-noconfig.cmake
[7.940s] -- Installing: /home/gokul/Desktop/Foundation_Course/VS_Code/Python_VS/src/install/fc_custom_interface/share/fc_custom_interface/cmake/rosidl_cmake-extras.cmake
[7.940s] -- Installing: /home/gokul/Desktop/Foundation_Course/VS_Code/Python_VS/src/install/fc_custom_interface/share/fc_custom_interface/cmake/ament_cmake_export_dependencies-extras.cmake
[7.941s] -- Installing: /home/gokul/Desktop/Foundation_Course/VS_Code/Python_VS/src/install/fc_custom_interface/share/fc_custom_interface/cmake/ament_cmake_export_libraries-extras.cmake
[7.941s] -- Installing: /home/gokul/Desktop/Foundation_Course/VS_Code/Python_VS/src/install/fc_custom_interface/share/fc_custom_interface/cmake/ament_cmake_export_targets-extras.cmake
[7.941s] -- Installing: /home/gokul/Desktop/Foundation_Course/VS_Code/Python_VS/src/install/fc_custom_interface/share/fc_custom_interface/cmake/ament_cmake_export_include_directories-extras.cmake
[7.941s] -- Installing: /home/gokul/Desktop/Foundation_Course/VS_Code/Python_VS/src/install/fc_custom_interface/share/fc_custom_interface/cmake/rosidl_cmake_export_typesupport_libraries-extras.cmake
[7.941s] -- Installing: /home/gokul/Desktop/Foundation_Course/VS_Code/Python_VS/src/install/fc_custom_interface/share/fc_custom_interface/cmake/rosidl_cmake_export_typesupport_targets-extras.cmake
[7.941s] -- Installing: /home/gokul/Desktop/Foundation_Course/VS_Code/Python_VS/src/install/fc_custom_interface/share/fc_custom_interface/cmake/fc_custom_interfaceConfig.cmake
[7.941s] -- Installing: /home/gokul/Desktop/Foundation_Course/VS_Code/Python_VS/src/install/fc_custom_interface/share/fc_custom_interface/cmake/fc_custom_interfaceConfig-version.cmake
[7.941s] -- Installing: /home/gokul/Desktop/Foundation_Course/VS_Code/Python_VS/src/install/fc_custom_interface/share/fc_custom_interface/package.xml
[7.944s] Invoked command in '/home/gokul/Desktop/Foundation_Course/VS_Code/Python_VS/src/build/fc_custom_interface' returned '0': CMAKE_PREFIX_PATH=${CMAKE_PREFIX_PATH}:/home/gokul/Desktop/Foundation_Course/VS_Code/Python_VS/install/python_pubsub:/home/gokul/Desktop/Foundation_Course/VS_Code/Python_VS/install/move_robot:/opt/ros/rolling /usr/bin/cmake --install /home/gokul/Desktop/Foundation_Course/VS_Code/Python_VS/src/build/fc_custom_interface
