[0.174s] DEBUG:colcon:Command line arguments: ['/usr/bin/colcon', 'build']
[0.175s] DEBUG:colcon:Parsed command line arguments: Namespace(allow_overriding=[], ament_cmake_args=None, base_paths=['.'], build_base='build', catkin_cmake_args=None, catkin_skip_building_tests=False, cmake_args=None, cmake_clean_cache=False, cmake_clean_first=False, cmake_force_configure=False, cmake_target=None, cmake_target_skip_unavailable=False, continue_on_error=False, event_handlers=None, executor='parallel', ignore_user_meta=False, install_base='install', log_base=None, log_level=None, main=<bound method BuildVerb.main of <colcon_core.verb.build.BuildVerb object at 0x7f3852c8ed30>>, merge_install=False, metas=['./colcon.meta'], packages_above=None, packages_above_and_dependencies=None, packages_above_depth=None, packages_end=None, packages_ignore=None, packages_ignore_regex=None, packages_select=None, packages_select_build_failed=False, packages_select_by_dep=None, packages_select_regex=None, packages_select_test_failures=False, packages_skip=None, packages_skip_build_finished=False, packages_skip_by_dep=None, packages_skip_regex=None, packages_skip_test_passed=False, packages_skip_up_to=None, packages_start=None, packages_up_to=None, packages_up_to_regex=None, parallel_workers=16, paths=None, symlink_install=False, test_result_base=None, verb_extension=<colcon_core.verb.build.BuildVerb object at 0x7f3852c8ed30>, verb_name='build', verb_parser=<colcon_defaults.argument_parser.defaults.DefaultArgumentsDecorator object at 0x7f3852c172e0>)
[0.202s] Level 1:colcon.colcon_core.package_discovery:discover_packages(colcon_meta) check parameters
[0.202s] Level 1:colcon.colcon_core.package_discovery:discover_packages(recursive) check parameters
[0.202s] Level 1:colcon.colcon_core.package_discovery:discover_packages(ignore) check parameters
[0.202s] Level 1:colcon.colcon_core.package_discovery:discover_packages(path) check parameters
[0.202s] Level 1:colcon.colcon_core.package_discovery:discover_packages(colcon_meta) discover
[0.202s] Level 1:colcon.colcon_core.package_discovery:discover_packages(recursive) discover
[0.202s] INFO:colcon.colcon_core.package_discovery:Crawling recursively for packages in '/home/gokul/Desktop/Foundation_Course/VS_Code/Python_VS/src'
[0.202s] Level 1:colcon.colcon_core.package_identification:_identify(.) by extensions ['ignore', 'ignore_ament_install']
[0.203s] Level 1:colcon.colcon_core.package_identification:_identify(.) by extension 'ignore'
[0.203s] Level 1:colcon.colcon_core.package_identification:_identify(.) by extension 'ignore_ament_install'
[0.203s] Level 1:colcon.colcon_core.package_identification:_identify(.) by extensions ['colcon_pkg']
[0.203s] Level 1:colcon.colcon_core.package_identification:_identify(.) by extension 'colcon_pkg'
[0.203s] Level 1:colcon.colcon_core.package_identification:_identify(.) by extensions ['colcon_meta']
[0.203s] Level 1:colcon.colcon_core.package_identification:_identify(.) by extension 'colcon_meta'
[0.203s] Level 1:colcon.colcon_core.package_identification:_identify(.) by extensions ['ros']
[0.203s] Level 1:colcon.colcon_core.package_identification:_identify(.) by extension 'ros'
[0.243s] Level 1:colcon.colcon_core.package_identification:_identify(.) by extensions ['cmake', 'python']
[0.243s] Level 1:colcon.colcon_core.package_identification:_identify(.) by extension 'cmake'
[0.243s] Level 1:colcon.colcon_core.package_identification:_identify(.) by extension 'python'
[0.243s] Level 1:colcon.colcon_core.package_identification:_identify(.) by extensions ['python_setup_py']
[0.244s] Level 1:colcon.colcon_core.package_identification:_identify(.) by extension 'python_setup_py'
[0.244s] Level 1:colcon.colcon_core.package_identification:_identify(__pycache__) by extensions ['ignore', 'ignore_ament_install']
[0.244s] Level 1:colcon.colcon_core.package_identification:_identify(__pycache__) by extension 'ignore'
[0.244s] Level 1:colcon.colcon_core.package_identification:_identify(__pycache__) by extension 'ignore_ament_install'
[0.244s] Level 1:colcon.colcon_core.package_identification:_identify(__pycache__) by extensions ['colcon_pkg']
[0.244s] Level 1:colcon.colcon_core.package_identification:_identify(__pycache__) by extension 'colcon_pkg'
[0.244s] Level 1:colcon.colcon_core.package_identification:_identify(__pycache__) by extensions ['colcon_meta']
[0.244s] Level 1:colcon.colcon_core.package_identification:_identify(__pycache__) by extension 'colcon_meta'
[0.244s] Level 1:colcon.colcon_core.package_identification:_identify(__pycache__) by extensions ['ros']
[0.244s] Level 1:colcon.colcon_core.package_identification:_identify(__pycache__) by extension 'ros'
[0.244s] Level 1:colcon.colcon_core.package_identification:_identify(__pycache__) by extensions ['cmake', 'python']
[0.244s] Level 1:colcon.colcon_core.package_identification:_identify(__pycache__) by extension 'cmake'
[0.244s] Level 1:colcon.colcon_core.package_identification:_identify(__pycache__) by extension 'python'
[0.244s] Level 1:colcon.colcon_core.package_identification:_identify(__pycache__) by extensions ['python_setup_py']
[0.244s] Level 1:colcon.colcon_core.package_identification:_identify(__pycache__) by extension 'python_setup_py'
[0.245s] Level 1:colcon.colcon_core.package_identification:_identify(build) by extensions ['ignore', 'ignore_ament_install']
[0.245s] Level 1:colcon.colcon_core.package_identification:_identify(build) by extension 'ignore'
[0.245s] Level 1:colcon.colcon_core.package_identification:_identify(build) ignored
[0.245s] Level 1:colcon.colcon_core.package_identification:_identify(calculator) by extensions ['ignore', 'ignore_ament_install']
[0.245s] Level 1:colcon.colcon_core.package_identification:_identify(calculator) by extension 'ignore'
[0.245s] Level 1:colcon.colcon_core.package_identification:_identify(calculator) by extension 'ignore_ament_install'
[0.245s] Level 1:colcon.colcon_core.package_identification:_identify(calculator) by extensions ['colcon_pkg']
[0.245s] Level 1:colcon.colcon_core.package_identification:_identify(calculator) by extension 'colcon_pkg'
[0.245s] Level 1:colcon.colcon_core.package_identification:_identify(calculator) by extensions ['colcon_meta']
[0.245s] Level 1:colcon.colcon_core.package_identification:_identify(calculator) by extension 'colcon_meta'
[0.245s] Level 1:colcon.colcon_core.package_identification:_identify(calculator) by extensions ['ros']
[0.245s] Level 1:colcon.colcon_core.package_identification:_identify(calculator) by extension 'ros'
[0.245s] Level 1:colcon.colcon_core.package_identification:_identify(calculator) by extensions ['cmake', 'python']
[0.245s] Level 1:colcon.colcon_core.package_identification:_identify(calculator) by extension 'cmake'
[0.245s] Level 1:colcon.colcon_core.package_identification:_identify(calculator) by extension 'python'
[0.245s] Level 1:colcon.colcon_core.package_identification:_identify(calculator) by extensions ['python_setup_py']
[0.245s] Level 1:colcon.colcon_core.package_identification:_identify(calculator) by extension 'python_setup_py'
[0.246s] Level 1:colcon.colcon_core.package_identification:_identify(fc_custom_interface) by extensions ['ignore', 'ignore_ament_install']
[0.246s] Level 1:colcon.colcon_core.package_identification:_identify(fc_custom_interface) by extension 'ignore'
[0.246s] Level 1:colcon.colcon_core.package_identification:_identify(fc_custom_interface) by extension 'ignore_ament_install'
[0.246s] Level 1:colcon.colcon_core.package_identification:_identify(fc_custom_interface) by extensions ['colcon_pkg']
[0.246s] Level 1:colcon.colcon_core.package_identification:_identify(fc_custom_interface) by extension 'colcon_pkg'
[0.246s] Level 1:colcon.colcon_core.package_identification:_identify(fc_custom_interface) by extensions ['colcon_meta']
[0.246s] Level 1:colcon.colcon_core.package_identification:_identify(fc_custom_interface) by extension 'colcon_meta'
[0.246s] Level 1:colcon.colcon_core.package_identification:_identify(fc_custom_interface) by extensions ['ros']
[0.246s] Level 1:colcon.colcon_core.package_identification:_identify(fc_custom_interface) by extension 'ros'
[0.249s] DEBUG:colcon.colcon_core.package_identification:Package 'fc_custom_interface' with type 'ros.ament_cmake' and name 'fc_custom_interface'
[0.249s] Level 1:colcon.colcon_core.package_identification:_identify(install) by extensions ['ignore', 'ignore_ament_install']
[0.249s] Level 1:colcon.colcon_core.package_identification:_identify(install) by extension 'ignore'
[0.249s] Level 1:colcon.colcon_core.package_identification:_identify(install) ignored
[0.249s] Level 1:colcon.colcon_core.package_identification:_identify(log) by extensions ['ignore', 'ignore_ament_install']
[0.250s] Level 1:colcon.colcon_core.package_identification:_identify(log) by extension 'ignore'
[0.250s] Level 1:colcon.colcon_core.package_identification:_identify(log) ignored
[0.250s] Level 1:colcon.colcon_core.package_identification:_identify(move_robot) by extensions ['ignore', 'ignore_ament_install']
[0.251s] Level 1:colcon.colcon_core.package_identification:_identify(move_robot) by extension 'ignore'
[0.252s] Level 1:colcon.colcon_core.package_identification:_identify(move_robot) by extension 'ignore_ament_install'
[0.252s] Level 1:colcon.colcon_core.package_identification:_identify(move_robot) by extensions ['colcon_pkg']
[0.252s] Level 1:colcon.colcon_core.package_identification:_identify(move_robot) by extension 'colcon_pkg'
[0.252s] Level 1:colcon.colcon_core.package_identification:_identify(move_robot) by extensions ['colcon_meta']
[0.252s] Level 1:colcon.colcon_core.package_identification:_identify(move_robot) by extension 'colcon_meta'
[0.252s] Level 1:colcon.colcon_core.package_identification:_identify(move_robot) by extensions ['ros']
[0.252s] Level 1:colcon.colcon_core.package_identification:_identify(move_robot) by extension 'ros'
[0.253s] DEBUG:colcon.colcon_core.package_identification:Package 'move_robot' with type 'ros.ament_python' and name 'move_robot'
[0.253s] Level 1:colcon.colcon_core.package_identification:_identify(oops) by extensions ['ignore', 'ignore_ament_install']
[0.253s] Level 1:colcon.colcon_core.package_identification:_identify(oops) by extension 'ignore'
[0.253s] Level 1:colcon.colcon_core.package_identification:_identify(oops) by extension 'ignore_ament_install'
[0.253s] Level 1:colcon.colcon_core.package_identification:_identify(oops) by extensions ['colcon_pkg']
[0.253s] Level 1:colcon.colcon_core.package_identification:_identify(oops) by extension 'colcon_pkg'
[0.253s] Level 1:colcon.colcon_core.package_identification:_identify(oops) by extensions ['colcon_meta']
[0.253s] Level 1:colcon.colcon_core.package_identification:_identify(oops) by extension 'colcon_meta'
[0.253s] Level 1:colcon.colcon_core.package_identification:_identify(oops) by extensions ['ros']
[0.253s] Level 1:colcon.colcon_core.package_identification:_identify(oops) by extension 'ros'
[0.253s] Level 1:colcon.colcon_core.package_identification:_identify(oops) by extensions ['cmake', 'python']
[0.253s] Level 1:colcon.colcon_core.package_identification:_identify(oops) by extension 'cmake'
[0.253s] Level 1:colcon.colcon_core.package_identification:_identify(oops) by extension 'python'
[0.253s] Level 1:colcon.colcon_core.package_identification:_identify(oops) by extensions ['python_setup_py']
[0.253s] Level 1:colcon.colcon_core.package_identification:_identify(oops) by extension 'python_setup_py'
[0.254s] Level 1:colcon.colcon_core.package_identification:_identify(oops/__pycache__) by extensions ['ignore', 'ignore_ament_install']
[0.254s] Level 1:colcon.colcon_core.package_identification:_identify(oops/__pycache__) by extension 'ignore'
[0.254s] Level 1:colcon.colcon_core.package_identification:_identify(oops/__pycache__) by extension 'ignore_ament_install'
[0.254s] Level 1:colcon.colcon_core.package_identification:_identify(oops/__pycache__) by extensions ['colcon_pkg']
[0.254s] Level 1:colcon.colcon_core.package_identification:_identify(oops/__pycache__) by extension 'colcon_pkg'
[0.254s] Level 1:colcon.colcon_core.package_identification:_identify(oops/__pycache__) by extensions ['colcon_meta']
[0.254s] Level 1:colcon.colcon_core.package_identification:_identify(oops/__pycache__) by extension 'colcon_meta'
[0.254s] Level 1:colcon.colcon_core.package_identification:_identify(oops/__pycache__) by extensions ['ros']
[0.254s] Level 1:colcon.colcon_core.package_identification:_identify(oops/__pycache__) by extension 'ros'
[0.254s] Level 1:colcon.colcon_core.package_identification:_identify(oops/__pycache__) by extensions ['cmake', 'python']
[0.254s] Level 1:colcon.colcon_core.package_identification:_identify(oops/__pycache__) by extension 'cmake'
[0.254s] Level 1:colcon.colcon_core.package_identification:_identify(oops/__pycache__) by extension 'python'
[0.254s] Level 1:colcon.colcon_core.package_identification:_identify(oops/__pycache__) by extensions ['python_setup_py']
[0.254s] Level 1:colcon.colcon_core.package_identification:_identify(oops/__pycache__) by extension 'python_setup_py'
[0.254s] Level 1:colcon.colcon_core.package_identification:_identify(oops_assignment1) by extensions ['ignore', 'ignore_ament_install']
[0.254s] Level 1:colcon.colcon_core.package_identification:_identify(oops_assignment1) by extension 'ignore'
[0.254s] Level 1:colcon.colcon_core.package_identification:_identify(oops_assignment1) by extension 'ignore_ament_install'
[0.254s] Level 1:colcon.colcon_core.package_identification:_identify(oops_assignment1) by extensions ['colcon_pkg']
[0.254s] Level 1:colcon.colcon_core.package_identification:_identify(oops_assignment1) by extension 'colcon_pkg'
[0.255s] Level 1:colcon.colcon_core.package_identification:_identify(oops_assignment1) by extensions ['colcon_meta']
[0.255s] Level 1:colcon.colcon_core.package_identification:_identify(oops_assignment1) by extension 'colcon_meta'
[0.255s] Level 1:colcon.colcon_core.package_identification:_identify(oops_assignment1) by extensions ['ros']
[0.255s] Level 1:colcon.colcon_core.package_identification:_identify(oops_assignment1) by extension 'ros'
[0.255s] Level 1:colcon.colcon_core.package_identification:_identify(oops_assignment1) by extensions ['cmake', 'python']
[0.255s] Level 1:colcon.colcon_core.package_identification:_identify(oops_assignment1) by extension 'cmake'
[0.255s] Level 1:colcon.colcon_core.package_identification:_identify(oops_assignment1) by extension 'python'
[0.255s] Level 1:colcon.colcon_core.package_identification:_identify(oops_assignment1) by extensions ['python_setup_py']
[0.255s] Level 1:colcon.colcon_core.package_identification:_identify(oops_assignment1) by extension 'python_setup_py'
[0.255s] Level 1:colcon.colcon_core.package_identification:_identify(oops_assignment1/__pycache__) by extensions ['ignore', 'ignore_ament_install']
[0.255s] Level 1:colcon.colcon_core.package_identification:_identify(oops_assignment1/__pycache__) by extension 'ignore'
[0.255s] Level 1:colcon.colcon_core.package_identification:_identify(oops_assignment1/__pycache__) by extension 'ignore_ament_install'
[0.255s] Level 1:colcon.colcon_core.package_identification:_identify(oops_assignment1/__pycache__) by extensions ['colcon_pkg']
[0.255s] Level 1:colcon.colcon_core.package_identification:_identify(oops_assignment1/__pycache__) by extension 'colcon_pkg'
[0.255s] Level 1:colcon.colcon_core.package_identification:_identify(oops_assignment1/__pycache__) by extensions ['colcon_meta']
[0.255s] Level 1:colcon.colcon_core.package_identification:_identify(oops_assignment1/__pycache__) by extension 'colcon_meta'
[0.255s] Level 1:colcon.colcon_core.package_identification:_identify(oops_assignment1/__pycache__) by extensions ['ros']
[0.255s] Level 1:colcon.colcon_core.package_identification:_identify(oops_assignment1/__pycache__) by extension 'ros'
[0.255s] Level 1:colcon.colcon_core.package_identification:_identify(oops_assignment1/__pycache__) by extensions ['cmake', 'python']
[0.255s] Level 1:colcon.colcon_core.package_identification:_identify(oops_assignment1/__pycache__) by extension 'cmake'
[0.256s] Level 1:colcon.colcon_core.package_identification:_identify(oops_assignment1/__pycache__) by extension 'python'
[0.256s] Level 1:colcon.colcon_core.package_identification:_identify(oops_assignment1/__pycache__) by extensions ['python_setup_py']
[0.256s] Level 1:colcon.colcon_core.package_identification:_identify(oops_assignment1/__pycache__) by extension 'python_setup_py'
[0.256s] Level 1:colcon.colcon_core.package_identification:_identify(python_pubsub) by extensions ['ignore', 'ignore_ament_install']
[0.256s] Level 1:colcon.colcon_core.package_identification:_identify(python_pubsub) by extension 'ignore'
[0.256s] Level 1:colcon.colcon_core.package_identification:_identify(python_pubsub) by extension 'ignore_ament_install'
[0.256s] Level 1:colcon.colcon_core.package_identification:_identify(python_pubsub) by extensions ['colcon_pkg']
[0.256s] Level 1:colcon.colcon_core.package_identification:_identify(python_pubsub) by extension 'colcon_pkg'
[0.256s] Level 1:colcon.colcon_core.package_identification:_identify(python_pubsub) by extensions ['colcon_meta']
[0.256s] Level 1:colcon.colcon_core.package_identification:_identify(python_pubsub) by extension 'colcon_meta'
[0.256s] Level 1:colcon.colcon_core.package_identification:_identify(python_pubsub) by extensions ['ros']
[0.256s] Level 1:colcon.colcon_core.package_identification:_identify(python_pubsub) by extension 'ros'
[0.257s] DEBUG:colcon.colcon_core.package_identification:Package 'python_pubsub' with type 'ros.ament_python' and name 'python_pubsub'
[0.257s] Level 1:colcon.colcon_core.package_discovery:discover_packages(recursive) using defaults
[0.257s] Level 1:colcon.colcon_core.package_discovery:discover_packages(ignore) discover
[0.257s] Level 1:colcon.colcon_core.package_discovery:discover_packages(ignore) using defaults
[0.257s] Level 1:colcon.colcon_core.package_discovery:discover_packages(path) discover
[0.257s] Level 1:colcon.colcon_core.package_discovery:discover_packages(path) using defaults
[0.280s] Level 1:colcon.colcon_core.package_discovery:discover_packages(prefix_path) check parameters
[0.280s] Level 1:colcon.colcon_core.package_discovery:discover_packages(prefix_path) discover
[0.283s] DEBUG:colcon.colcon_installed_package_information.package_discovery:Found 3 installed packages in /home/gokul/Desktop/Foundation_Course/VS_Code/Python_VS/install
[0.285s] DEBUG:colcon.colcon_installed_package_information.package_discovery:Found 271 installed packages in /opt/ros/rolling
[0.286s] Level 1:colcon.colcon_core.package_discovery:discover_packages(prefix_path) using defaults
[0.379s] Level 5:colcon.colcon_core.verb:set package 'fc_custom_interface' build argument 'cmake_args' from command line to 'None'
[0.379s] Level 5:colcon.colcon_core.verb:set package 'fc_custom_interface' build argument 'cmake_target' from command line to 'None'
[0.379s] Level 5:colcon.colcon_core.verb:set package 'fc_custom_interface' build argument 'cmake_target_skip_unavailable' from command line to 'False'
[0.379s] Level 5:colcon.colcon_core.verb:set package 'fc_custom_interface' build argument 'cmake_clean_cache' from command line to 'False'
[0.379s] Level 5:colcon.colcon_core.verb:set package 'fc_custom_interface' build argument 'cmake_clean_first' from command line to 'False'
[0.379s] Level 5:colcon.colcon_core.verb:set package 'fc_custom_interface' build argument 'cmake_force_configure' from command line to 'False'
[0.379s] Level 5:colcon.colcon_core.verb:set package 'fc_custom_interface' build argument 'ament_cmake_args' from command line to 'None'
[0.379s] Level 5:colcon.colcon_core.verb:set package 'fc_custom_interface' build argument 'catkin_cmake_args' from command line to 'None'
[0.379s] Level 5:colcon.colcon_core.verb:set package 'fc_custom_interface' build argument 'catkin_skip_building_tests' from command line to 'False'
[0.379s] DEBUG:colcon.colcon_core.verb:Building package 'fc_custom_interface' with the following arguments: {'ament_cmake_args': None, 'build_base': '/home/gokul/Desktop/Foundation_Course/VS_Code/Python_VS/src/build/fc_custom_interface', 'catkin_cmake_args': None, 'catkin_skip_building_tests': False, 'cmake_args': None, 'cmake_clean_cache': False, 'cmake_clean_first': False, 'cmake_force_configure': False, 'cmake_target': None, 'cmake_target_skip_unavailable': False, 'install_base': '/home/gokul/Desktop/Foundation_Course/VS_Code/Python_VS/src/install/fc_custom_interface', 'merge_install': False, 'path': '/home/gokul/Desktop/Foundation_Course/VS_Code/Python_VS/src/fc_custom_interface', 'symlink_install': False, 'test_result_base': None}
[0.380s] Level 5:colcon.colcon_core.verb:set package 'move_robot' build argument 'cmake_args' from command line to 'None'
[0.380s] Level 5:colcon.colcon_core.verb:set package 'move_robot' build argument 'cmake_target' from command line to 'None'
[0.380s] Level 5:colcon.colcon_core.verb:set package 'move_robot' build argument 'cmake_target_skip_unavailable' from command line to 'False'
[0.380s] Level 5:colcon.colcon_core.verb:set package 'move_robot' build argument 'cmake_clean_cache' from command line to 'False'
[0.380s] Level 5:colcon.colcon_core.verb:set package 'move_robot' build argument 'cmake_clean_first' from command line to 'False'
[0.380s] Level 5:colcon.colcon_core.verb:set package 'move_robot' build argument 'cmake_force_configure' from command line to 'False'
[0.380s] Level 5:colcon.colcon_core.verb:set package 'move_robot' build argument 'ament_cmake_args' from command line to 'None'
[0.380s] Level 5:colcon.colcon_core.verb:set package 'move_robot' build argument 'catkin_cmake_args' from command line to 'None'
[0.380s] Level 5:colcon.colcon_core.verb:set package 'move_robot' build argument 'catkin_skip_building_tests' from command line to 'False'
[0.380s] DEBUG:colcon.colcon_core.verb:Building package 'move_robot' with the following arguments: {'ament_cmake_args': None, 'build_base': '/home/gokul/Desktop/Foundation_Course/VS_Code/Python_VS/src/build/move_robot', 'catkin_cmake_args': None, 'catkin_skip_building_tests': False, 'cmake_args': None, 'cmake_clean_cache': False, 'cmake_clean_first': False, 'cmake_force_configure': False, 'cmake_target': None, 'cmake_target_skip_unavailable': False, 'install_base': '/home/gokul/Desktop/Foundation_Course/VS_Code/Python_VS/src/install/move_robot', 'merge_install': False, 'path': '/home/gokul/Desktop/Foundation_Course/VS_Code/Python_VS/src/move_robot', 'symlink_install': False, 'test_result_base': None}
[0.381s] Level 5:colcon.colcon_core.verb:set package 'python_pubsub' build argument 'cmake_args' from command line to 'None'
[0.381s] Level 5:colcon.colcon_core.verb:set package 'python_pubsub' build argument 'cmake_target' from command line to 'None'
[0.382s] Level 5:colcon.colcon_core.verb:set package 'python_pubsub' build argument 'cmake_target_skip_unavailable' from command line to 'False'
[0.382s] Level 5:colcon.colcon_core.verb:set package 'python_pubsub' build argument 'cmake_clean_cache' from command line to 'False'
[0.382s] Level 5:colcon.colcon_core.verb:set package 'python_pubsub' build argument 'cmake_clean_first' from command line to 'False'
[0.382s] Level 5:colcon.colcon_core.verb:set package 'python_pubsub' build argument 'cmake_force_configure' from command line to 'False'
[0.382s] Level 5:colcon.colcon_core.verb:set package 'python_pubsub' build argument 'ament_cmake_args' from command line to 'None'
[0.382s] Level 5:colcon.colcon_core.verb:set package 'python_pubsub' build argument 'catkin_cmake_args' from command line to 'None'
[0.382s] Level 5:colcon.colcon_core.verb:set package 'python_pubsub' build argument 'catkin_skip_building_tests' from command line to 'False'
[0.382s] DEBUG:colcon.colcon_core.verb:Building package 'python_pubsub' with the following arguments: {'ament_cmake_args': None, 'build_base': '/home/gokul/Desktop/Foundation_Course/VS_Code/Python_VS/src/build/python_pubsub', 'catkin_cmake_args': None, 'catkin_skip_building_tests': False, 'cmake_args': None, 'cmake_clean_cache': False, 'cmake_clean_first': False, 'cmake_force_configure': False, 'cmake_target': None, 'cmake_target_skip_unavailable': False, 'install_base': '/home/gokul/Desktop/Foundation_Course/VS_Code/Python_VS/src/install/python_pubsub', 'merge_install': False, 'path': '/home/gokul/Desktop/Foundation_Course/VS_Code/Python_VS/src/python_pubsub', 'symlink_install': False, 'test_result_base': None}
[0.382s] INFO:colcon.colcon_core.executor:Executing jobs using 'parallel' executor
[0.388s] DEBUG:colcon.colcon_parallel_executor.executor.parallel:run_until_complete
[0.388s] INFO:colcon.colcon_ros.task.ament_cmake.build:Building ROS package in '/home/gokul/Desktop/Foundation_Course/VS_Code/Python_VS/src/fc_custom_interface' with build type 'ament_cmake'
[0.388s] INFO:colcon.colcon_cmake.task.cmake.build:Building CMake package in '/home/gokul/Desktop/Foundation_Course/VS_Code/Python_VS/src/fc_custom_interface'
[0.394s] INFO:colcon.colcon_core.plugin_system:Skipping extension 'colcon_core.shell.bat': Not used on non-Windows systems
[0.395s] INFO:colcon.colcon_core.shell:Skip shell extension 'powershell' for command environment: Not usable outside of PowerShell
[0.395s] DEBUG:colcon.colcon_core.shell:Skip shell extension 'dsv' for command environment
[0.424s] DEBUG:colcon.colcon_core.event_handler.log_command:Invoking command in '/home/gokul/Desktop/Foundation_Course/VS_Code/Python_VS/src/build/fc_custom_interface': CMAKE_PREFIX_PATH=${CMAKE_PREFIX_PATH}:/home/gokul/Desktop/Foundation_Course/VS_Code/Python_VS/install/python_pubsub:/home/gokul/Desktop/Foundation_Course/VS_Code/Python_VS/install/move_robot:/opt/ros/rolling /usr/bin/cmake /home/gokul/Desktop/Foundation_Course/VS_Code/Python_VS/src/fc_custom_interface -DCMAKE_INSTALL_PREFIX=/home/gokul/Desktop/Foundation_Course/VS_Code/Python_VS/src/install/fc_custom_interface
[3.592s] DEBUG:colcon.colcon_core.event_handler.log_command:Invoked command in '/home/gokul/Desktop/Foundation_Course/VS_Code/Python_VS/src/build/fc_custom_interface' returned '0': CMAKE_PREFIX_PATH=${CMAKE_PREFIX_PATH}:/home/gokul/Desktop/Foundation_Course/VS_Code/Python_VS/install/python_pubsub:/home/gokul/Desktop/Foundation_Course/VS_Code/Python_VS/install/move_robot:/opt/ros/rolling /usr/bin/cmake /home/gokul/Desktop/Foundation_Course/VS_Code/Python_VS/src/fc_custom_interface -DCMAKE_INSTALL_PREFIX=/home/gokul/Desktop/Foundation_Course/VS_Code/Python_VS/src/install/fc_custom_interface
[3.597s] DEBUG:colcon.colcon_core.event_handler.log_command:Invoking command in '/home/gokul/Desktop/Foundation_Course/VS_Code/Python_VS/src/build/fc_custom_interface': CMAKE_PREFIX_PATH=${CMAKE_PREFIX_PATH}:/home/gokul/Desktop/Foundation_Course/VS_Code/Python_VS/install/python_pubsub:/home/gokul/Desktop/Foundation_Course/VS_Code/Python_VS/install/move_robot:/opt/ros/rolling /usr/bin/cmake --build /home/gokul/Desktop/Foundation_Course/VS_Code/Python_VS/src/build/fc_custom_interface -- -j16 -l16
[8.120s] DEBUG:colcon.colcon_core.event_handler.log_command:Invoked command in '/home/gokul/Desktop/Foundation_Course/VS_Code/Python_VS/src/build/fc_custom_interface' returned '0': CMAKE_PREFIX_PATH=${CMAKE_PREFIX_PATH}:/home/gokul/Desktop/Foundation_Course/VS_Code/Python_VS/install/python_pubsub:/home/gokul/Desktop/Foundation_Course/VS_Code/Python_VS/install/move_robot:/opt/ros/rolling /usr/bin/cmake --build /home/gokul/Desktop/Foundation_Course/VS_Code/Python_VS/src/build/fc_custom_interface -- -j16 -l16
[8.245s] DEBUG:colcon.colcon_core.event_handler.log_command:Invoking command in '/home/gokul/Desktop/Foundation_Course/VS_Code/Python_VS/src/build/fc_custom_interface': CMAKE_PREFIX_PATH=${CMAKE_PREFIX_PATH}:/home/gokul/Desktop/Foundation_Course/VS_Code/Python_VS/install/python_pubsub:/home/gokul/Desktop/Foundation_Course/VS_Code/Python_VS/install/move_robot:/opt/ros/rolling /usr/bin/cmake --install /home/gokul/Desktop/Foundation_Course/VS_Code/Python_VS/src/build/fc_custom_interface
[8.333s] Level 1:colcon.colcon_core.environment:create_environment_scripts_only(fc_custom_interface)
[8.334s] DEBUG:colcon.colcon_core.event_handler.log_command:Invoked command in '/home/gokul/Desktop/Foundation_Course/VS_Code/Python_VS/src/build/fc_custom_interface' returned '0': CMAKE_PREFIX_PATH=${CMAKE_PREFIX_PATH}:/home/gokul/Desktop/Foundation_Course/VS_Code/Python_VS/install/python_pubsub:/home/gokul/Desktop/Foundation_Course/VS_Code/Python_VS/install/move_robot:/opt/ros/rolling /usr/bin/cmake --install /home/gokul/Desktop/Foundation_Course/VS_Code/Python_VS/src/build/fc_custom_interface
[8.353s] Level 1:colcon.colcon_core.environment:checking '/home/gokul/Desktop/Foundation_Course/VS_Code/Python_VS/src/install/fc_custom_interface' for CMake module files
[8.353s] Level 1:colcon.colcon_core.environment:checking '/home/gokul/Desktop/Foundation_Course/VS_Code/Python_VS/src/install/fc_custom_interface' for CMake config files
[8.354s] Level 1:colcon.colcon_core.shell:create_environment_hook('fc_custom_interface', 'cmake_prefix_path')
[8.355s] INFO:colcon.colcon_core.shell:Creating environment hook '/home/gokul/Desktop/Foundation_Course/VS_Code/Python_VS/src/install/fc_custom_interface/share/fc_custom_interface/hook/cmake_prefix_path.ps1'
[8.356s] INFO:colcon.colcon_core.shell:Creating environment descriptor '/home/gokul/Desktop/Foundation_Course/VS_Code/Python_VS/src/install/fc_custom_interface/share/fc_custom_interface/hook/cmake_prefix_path.dsv'
[8.357s] INFO:colcon.colcon_core.shell:Creating environment hook '/home/gokul/Desktop/Foundation_Course/VS_Code/Python_VS/src/install/fc_custom_interface/share/fc_custom_interface/hook/cmake_prefix_path.sh'
[8.358s] Level 1:colcon.colcon_core.environment:checking '/home/gokul/Desktop/Foundation_Course/VS_Code/Python_VS/src/install/fc_custom_interface/lib'
[8.358s] Level 1:colcon.colcon_core.shell:create_environment_hook('fc_custom_interface', 'ld_library_path_lib')
[8.360s] INFO:colcon.colcon_core.shell:Creating environment hook '/home/gokul/Desktop/Foundation_Course/VS_Code/Python_VS/src/install/fc_custom_interface/share/fc_custom_interface/hook/ld_library_path_lib.ps1'
[8.360s] INFO:colcon.colcon_core.shell:Creating environment descriptor '/home/gokul/Desktop/Foundation_Course/VS_Code/Python_VS/src/install/fc_custom_interface/share/fc_custom_interface/hook/ld_library_path_lib.dsv'
[8.360s] INFO:colcon.colcon_core.shell:Creating environment hook '/home/gokul/Desktop/Foundation_Course/VS_Code/Python_VS/src/install/fc_custom_interface/share/fc_custom_interface/hook/ld_library_path_lib.sh'
[8.361s] Level 1:colcon.colcon_core.environment:checking '/home/gokul/Desktop/Foundation_Course/VS_Code/Python_VS/src/install/fc_custom_interface/bin'
[8.361s] Level 1:colcon.colcon_core.environment:checking '/home/gokul/Desktop/Foundation_Course/VS_Code/Python_VS/src/install/fc_custom_interface/lib/pkgconfig/fc_custom_interface.pc'
[8.361s] Level 1:colcon.colcon_core.environment:checking '/home/gokul/Desktop/Foundation_Course/VS_Code/Python_VS/src/install/fc_custom_interface/lib/python3.8/site-packages'
[8.361s] Level 1:colcon.colcon_core.shell:create_environment_hook('fc_custom_interface', 'pythonpath')
[8.362s] INFO:colcon.colcon_core.shell:Creating environment hook '/home/gokul/Desktop/Foundation_Course/VS_Code/Python_VS/src/install/fc_custom_interface/share/fc_custom_interface/hook/pythonpath.ps1'
[8.363s] INFO:colcon.colcon_core.shell:Creating environment descriptor '/home/gokul/Desktop/Foundation_Course/VS_Code/Python_VS/src/install/fc_custom_interface/share/fc_custom_interface/hook/pythonpath.dsv'
[8.363s] INFO:colcon.colcon_core.shell:Creating environment hook '/home/gokul/Desktop/Foundation_Course/VS_Code/Python_VS/src/install/fc_custom_interface/share/fc_custom_interface/hook/pythonpath.sh'
[8.363s] Level 1:colcon.colcon_core.environment:checking '/home/gokul/Desktop/Foundation_Course/VS_Code/Python_VS/src/install/fc_custom_interface/bin'
[8.365s] INFO:colcon.colcon_core.shell:Creating package script '/home/gokul/Desktop/Foundation_Course/VS_Code/Python_VS/src/install/fc_custom_interface/share/fc_custom_interface/package.ps1'
[8.366s] INFO:colcon.colcon_core.shell:Creating package descriptor '/home/gokul/Desktop/Foundation_Course/VS_Code/Python_VS/src/install/fc_custom_interface/share/fc_custom_interface/package.dsv'
[8.367s] INFO:colcon.colcon_core.shell:Creating package script '/home/gokul/Desktop/Foundation_Course/VS_Code/Python_VS/src/install/fc_custom_interface/share/fc_custom_interface/package.sh'
[8.368s] INFO:colcon.colcon_core.shell:Creating package script '/home/gokul/Desktop/Foundation_Course/VS_Code/Python_VS/src/install/fc_custom_interface/share/fc_custom_interface/package.bash'
[8.369s] INFO:colcon.colcon_core.shell:Creating package script '/home/gokul/Desktop/Foundation_Course/VS_Code/Python_VS/src/install/fc_custom_interface/share/fc_custom_interface/package.zsh'
[8.369s] Level 1:colcon.colcon_core.environment:create_file_with_runtime_dependencies(/home/gokul/Desktop/Foundation_Course/VS_Code/Python_VS/src/install/fc_custom_interface/share/colcon-core/packages/fc_custom_interface)
[8.460s] Level 1:colcon.colcon_core.environment:create_environment_scripts_only(fc_custom_interface)
[8.464s] Level 1:colcon.colcon_core.environment:checking '/home/gokul/Desktop/Foundation_Course/VS_Code/Python_VS/src/install/fc_custom_interface' for CMake module files
[8.465s] Level 1:colcon.colcon_core.environment:checking '/home/gokul/Desktop/Foundation_Course/VS_Code/Python_VS/src/install/fc_custom_interface' for CMake config files
[8.466s] Level 1:colcon.colcon_core.shell:create_environment_hook('fc_custom_interface', 'cmake_prefix_path')
[8.467s] INFO:colcon.colcon_core.shell:Creating environment hook '/home/gokul/Desktop/Foundation_Course/VS_Code/Python_VS/src/install/fc_custom_interface/share/fc_custom_interface/hook/cmake_prefix_path.ps1'
[8.468s] INFO:colcon.colcon_core.shell:Creating environment descriptor '/home/gokul/Desktop/Foundation_Course/VS_Code/Python_VS/src/install/fc_custom_interface/share/fc_custom_interface/hook/cmake_prefix_path.dsv'
[8.468s] INFO:colcon.colcon_core.shell:Creating environment hook '/home/gokul/Desktop/Foundation_Course/VS_Code/Python_VS/src/install/fc_custom_interface/share/fc_custom_interface/hook/cmake_prefix_path.sh'
[8.468s] Level 1:colcon.colcon_core.environment:checking '/home/gokul/Desktop/Foundation_Course/VS_Code/Python_VS/src/install/fc_custom_interface/lib'
[8.468s] Level 1:colcon.colcon_core.shell:create_environment_hook('fc_custom_interface', 'ld_library_path_lib')
[8.470s] INFO:colcon.colcon_core.shell:Creating environment hook '/home/gokul/Desktop/Foundation_Course/VS_Code/Python_VS/src/install/fc_custom_interface/share/fc_custom_interface/hook/ld_library_path_lib.ps1'
[8.470s] INFO:colcon.colcon_core.shell:Creating environment descriptor '/home/gokul/Desktop/Foundation_Course/VS_Code/Python_VS/src/install/fc_custom_interface/share/fc_custom_interface/hook/ld_library_path_lib.dsv'
[8.470s] INFO:colcon.colcon_core.shell:Creating environment hook '/home/gokul/Desktop/Foundation_Course/VS_Code/Python_VS/src/install/fc_custom_interface/share/fc_custom_interface/hook/ld_library_path_lib.sh'
[8.471s] Level 1:colcon.colcon_core.environment:checking '/home/gokul/Desktop/Foundation_Course/VS_Code/Python_VS/src/install/fc_custom_interface/bin'
[8.471s] Level 1:colcon.colcon_core.environment:checking '/home/gokul/Desktop/Foundation_Course/VS_Code/Python_VS/src/install/fc_custom_interface/lib/pkgconfig/fc_custom_interface.pc'
[8.471s] Level 1:colcon.colcon_core.environment:checking '/home/gokul/Desktop/Foundation_Course/VS_Code/Python_VS/src/install/fc_custom_interface/lib/python3.8/site-packages'
[8.471s] Level 1:colcon.colcon_core.shell:create_environment_hook('fc_custom_interface', 'pythonpath')
[8.473s] INFO:colcon.colcon_core.shell:Creating environment hook '/home/gokul/Desktop/Foundation_Course/VS_Code/Python_VS/src/install/fc_custom_interface/share/fc_custom_interface/hook/pythonpath.ps1'
[8.473s] INFO:colcon.colcon_core.shell:Creating environment descriptor '/home/gokul/Desktop/Foundation_Course/VS_Code/Python_VS/src/install/fc_custom_interface/share/fc_custom_interface/hook/pythonpath.dsv'
[8.473s] INFO:colcon.colcon_core.shell:Creating environment hook '/home/gokul/Desktop/Foundation_Course/VS_Code/Python_VS/src/install/fc_custom_interface/share/fc_custom_interface/hook/pythonpath.sh'
[8.474s] Level 1:colcon.colcon_core.environment:checking '/home/gokul/Desktop/Foundation_Course/VS_Code/Python_VS/src/install/fc_custom_interface/bin'
[8.476s] INFO:colcon.colcon_core.shell:Creating package script '/home/gokul/Desktop/Foundation_Course/VS_Code/Python_VS/src/install/fc_custom_interface/share/fc_custom_interface/package.ps1'
[8.476s] INFO:colcon.colcon_core.shell:Creating package descriptor '/home/gokul/Desktop/Foundation_Course/VS_Code/Python_VS/src/install/fc_custom_interface/share/fc_custom_interface/package.dsv'
[8.477s] INFO:colcon.colcon_core.shell:Creating package script '/home/gokul/Desktop/Foundation_Course/VS_Code/Python_VS/src/install/fc_custom_interface/share/fc_custom_interface/package.sh'
[8.477s] INFO:colcon.colcon_core.shell:Creating package script '/home/gokul/Desktop/Foundation_Course/VS_Code/Python_VS/src/install/fc_custom_interface/share/fc_custom_interface/package.bash'
[8.477s] INFO:colcon.colcon_core.shell:Creating package script '/home/gokul/Desktop/Foundation_Course/VS_Code/Python_VS/src/install/fc_custom_interface/share/fc_custom_interface/package.zsh'
[8.478s] Level 1:colcon.colcon_core.environment:create_file_with_runtime_dependencies(/home/gokul/Desktop/Foundation_Course/VS_Code/Python_VS/src/install/fc_custom_interface/share/colcon-core/packages/fc_custom_interface)
[8.478s] INFO:colcon.colcon_ros.task.ament_python.build:Building ROS package in '/home/gokul/Desktop/Foundation_Course/VS_Code/Python_VS/src/move_robot' with build type 'ament_python'
[8.478s] Level 1:colcon.colcon_core.shell:create_environment_hook('move_robot', 'ament_prefix_path')
[8.480s] INFO:colcon.colcon_core.shell:Creating environment hook '/home/gokul/Desktop/Foundation_Course/VS_Code/Python_VS/src/install/move_robot/share/move_robot/hook/ament_prefix_path.ps1'
[8.481s] INFO:colcon.colcon_core.shell:Creating environment descriptor '/home/gokul/Desktop/Foundation_Course/VS_Code/Python_VS/src/install/move_robot/share/move_robot/hook/ament_prefix_path.dsv'
[8.481s] INFO:colcon.colcon_core.shell:Creating environment hook '/home/gokul/Desktop/Foundation_Course/VS_Code/Python_VS/src/install/move_robot/share/move_robot/hook/ament_prefix_path.sh'
[8.483s] INFO:colcon.colcon_core.shell:Skip shell extension 'powershell' for command environment: Not usable outside of PowerShell
[8.483s] DEBUG:colcon.colcon_core.shell:Skip shell extension 'dsv' for command environment
[8.490s] INFO:colcon.colcon_ros.task.ament_python.build:Building ROS package in '/home/gokul/Desktop/Foundation_Course/VS_Code/Python_VS/src/python_pubsub' with build type 'ament_python'
[8.490s] Level 1:colcon.colcon_core.shell:create_environment_hook('python_pubsub', 'ament_prefix_path')
[8.492s] INFO:colcon.colcon_core.shell:Creating environment hook '/home/gokul/Desktop/Foundation_Course/VS_Code/Python_VS/src/install/python_pubsub/share/python_pubsub/hook/ament_prefix_path.ps1'
[8.493s] INFO:colcon.colcon_core.shell:Creating environment descriptor '/home/gokul/Desktop/Foundation_Course/VS_Code/Python_VS/src/install/python_pubsub/share/python_pubsub/hook/ament_prefix_path.dsv'
[8.493s] INFO:colcon.colcon_core.shell:Creating environment hook '/home/gokul/Desktop/Foundation_Course/VS_Code/Python_VS/src/install/python_pubsub/share/python_pubsub/hook/ament_prefix_path.sh'
[8.495s] INFO:colcon.colcon_core.shell:Skip shell extension 'powershell' for command environment: Not usable outside of PowerShell
[8.495s] DEBUG:colcon.colcon_core.shell:Skip shell extension 'dsv' for command environment
[8.793s] INFO:colcon.colcon_core.task.python.build:Building Python package in '/home/gokul/Desktop/Foundation_Course/VS_Code/Python_VS/src/move_robot'
[8.797s] INFO:colcon.colcon_core.shell:Skip shell extension 'powershell' for command environment: Not usable outside of PowerShell
[8.797s] DEBUG:colcon.colcon_core.shell:Skip shell extension 'dsv' for command environment
[9.126s] WARNING:colcon.colcon_ros.task.ament_python.build:Package 'python_pubsub' doesn't explicitly install a marker in the package index (colcon-ros currently does it implicitly but that fallback will be removed in the future)
[9.126s] INFO:colcon.colcon_core.task.python.build:Building Python package in '/home/gokul/Desktop/Foundation_Course/VS_Code/Python_VS/src/python_pubsub'
[9.130s] INFO:colcon.colcon_core.shell:Skip shell extension 'powershell' for command environment: Not usable outside of PowerShell
[9.130s] DEBUG:colcon.colcon_core.shell:Skip shell extension 'dsv' for command environment
[9.641s] DEBUG:colcon.colcon_core.event_handler.log_command:Invoking command in '/home/gokul/Desktop/Foundation_Course/VS_Code/Python_VS/src/move_robot': AMENT_PREFIX_PATH=/home/gokul/Desktop/Foundation_Course/VS_Code/Python_VS/src/install/fc_custom_interface:${AMENT_PREFIX_PATH} CMAKE_PREFIX_PATH=/home/gokul/Desktop/Foundation_Course/VS_Code/Python_VS/src/install/fc_custom_interface:${CMAKE_PREFIX_PATH} LD_LIBRARY_PATH=/home/gokul/Desktop/Foundation_Course/VS_Code/Python_VS/src/install/fc_custom_interface/lib:${LD_LIBRARY_PATH} PYTHONPATH=/home/gokul/Desktop/Foundation_Course/VS_Code/Python_VS/src/install/move_robot/lib/python3.8/site-packages:/home/gokul/Desktop/Foundation_Course/VS_Code/Python_VS/src/install/fc_custom_interface/lib/python3.8/site-packages:${PYTHONPATH} /usr/bin/python3 setup.py egg_info --egg-base ../build/move_robot build --build-base /home/gokul/Desktop/Foundation_Course/VS_Code/Python_VS/src/build/move_robot/build install --prefix /home/gokul/Desktop/Foundation_Course/VS_Code/Python_VS/src/install/move_robot --record /home/gokul/Desktop/Foundation_Course/VS_Code/Python_VS/src/build/move_robot/install.log --single-version-externally-managed
[9.646s] DEBUG:colcon.colcon_core.event_handler.log_command:Invoking command in '/home/gokul/Desktop/Foundation_Course/VS_Code/Python_VS/src/python_pubsub': AMENT_PREFIX_PATH=/home/gokul/Desktop/Foundation_Course/VS_Code/Python_VS/src/install/fc_custom_interface:${AMENT_PREFIX_PATH} CMAKE_PREFIX_PATH=/home/gokul/Desktop/Foundation_Course/VS_Code/Python_VS/src/install/fc_custom_interface:${CMAKE_PREFIX_PATH} LD_LIBRARY_PATH=/home/gokul/Desktop/Foundation_Course/VS_Code/Python_VS/src/install/fc_custom_interface/lib:${LD_LIBRARY_PATH} PYTHONPATH=/home/gokul/Desktop/Foundation_Course/VS_Code/Python_VS/src/install/python_pubsub/lib/python3.8/site-packages:/home/gokul/Desktop/Foundation_Course/VS_Code/Python_VS/src/install/fc_custom_interface/lib/python3.8/site-packages:${PYTHONPATH} /usr/bin/python3 setup.py egg_info --egg-base ../build/python_pubsub build --build-base /home/gokul/Desktop/Foundation_Course/VS_Code/Python_VS/src/build/python_pubsub/build install --prefix /home/gokul/Desktop/Foundation_Course/VS_Code/Python_VS/src/install/python_pubsub --record /home/gokul/Desktop/Foundation_Course/VS_Code/Python_VS/src/build/python_pubsub/install.log --single-version-externally-managed
[10.011s] Level 1:colcon.colcon_core.environment:checking '/home/gokul/Desktop/Foundation_Course/VS_Code/Python_VS/src/install/python_pubsub' for CMake module files
[10.012s] DEBUG:colcon.colcon_core.event_handler.log_command:Invoked command in '/home/gokul/Desktop/Foundation_Course/VS_Code/Python_VS/src/python_pubsub' returned '0': AMENT_PREFIX_PATH=/home/gokul/Desktop/Foundation_Course/VS_Code/Python_VS/src/install/fc_custom_interface:${AMENT_PREFIX_PATH} CMAKE_PREFIX_PATH=/home/gokul/Desktop/Foundation_Course/VS_Code/Python_VS/src/install/fc_custom_interface:${CMAKE_PREFIX_PATH} LD_LIBRARY_PATH=/home/gokul/Desktop/Foundation_Course/VS_Code/Python_VS/src/install/fc_custom_interface/lib:${LD_LIBRARY_PATH} PYTHONPATH=/home/gokul/Desktop/Foundation_Course/VS_Code/Python_VS/src/install/python_pubsub/lib/python3.8/site-packages:/home/gokul/Desktop/Foundation_Course/VS_Code/Python_VS/src/install/fc_custom_interface/lib/python3.8/site-packages:${PYTHONPATH} /usr/bin/python3 setup.py egg_info --egg-base ../build/python_pubsub build --build-base /home/gokul/Desktop/Foundation_Course/VS_Code/Python_VS/src/build/python_pubsub/build install --prefix /home/gokul/Desktop/Foundation_Course/VS_Code/Python_VS/src/install/python_pubsub --record /home/gokul/Desktop/Foundation_Course/VS_Code/Python_VS/src/build/python_pubsub/install.log --single-version-externally-managed
[10.013s] Level 1:colcon.colcon_core.environment:checking '/home/gokul/Desktop/Foundation_Course/VS_Code/Python_VS/src/install/python_pubsub' for CMake config files
[10.014s] Level 1:colcon.colcon_core.environment:checking '/home/gokul/Desktop/Foundation_Course/VS_Code/Python_VS/src/install/python_pubsub/lib'
[10.014s] Level 1:colcon.colcon_core.environment:checking '/home/gokul/Desktop/Foundation_Course/VS_Code/Python_VS/src/install/python_pubsub/bin'
[10.014s] Level 1:colcon.colcon_core.environment:checking '/home/gokul/Desktop/Foundation_Course/VS_Code/Python_VS/src/install/python_pubsub/lib/pkgconfig/python_pubsub.pc'
[10.015s] Level 1:colcon.colcon_core.environment:checking '/home/gokul/Desktop/Foundation_Course/VS_Code/Python_VS/src/install/python_pubsub/lib/python3.8/site-packages'
[10.015s] Level 1:colcon.colcon_core.shell:create_environment_hook('python_pubsub', 'pythonpath')
[10.018s] INFO:colcon.colcon_core.shell:Creating environment hook '/home/gokul/Desktop/Foundation_Course/VS_Code/Python_VS/src/install/python_pubsub/share/python_pubsub/hook/pythonpath.ps1'
[10.019s] INFO:colcon.colcon_core.shell:Creating environment descriptor '/home/gokul/Desktop/Foundation_Course/VS_Code/Python_VS/src/install/python_pubsub/share/python_pubsub/hook/pythonpath.dsv'
[10.020s] INFO:colcon.colcon_core.shell:Creating environment hook '/home/gokul/Desktop/Foundation_Course/VS_Code/Python_VS/src/install/python_pubsub/share/python_pubsub/hook/pythonpath.sh'
[10.020s] Level 1:colcon.colcon_core.environment:checking '/home/gokul/Desktop/Foundation_Course/VS_Code/Python_VS/src/install/python_pubsub/bin'
[10.021s] Level 1:colcon.colcon_core.environment:create_environment_scripts_only(python_pubsub)
[10.022s] INFO:colcon.colcon_core.shell:Creating package script '/home/gokul/Desktop/Foundation_Course/VS_Code/Python_VS/src/install/python_pubsub/share/python_pubsub/package.ps1'
[10.023s] INFO:colcon.colcon_core.shell:Creating package descriptor '/home/gokul/Desktop/Foundation_Course/VS_Code/Python_VS/src/install/python_pubsub/share/python_pubsub/package.dsv'
[10.023s] INFO:colcon.colcon_core.shell:Creating package script '/home/gokul/Desktop/Foundation_Course/VS_Code/Python_VS/src/install/python_pubsub/share/python_pubsub/package.sh'
[10.024s] INFO:colcon.colcon_core.shell:Creating package script '/home/gokul/Desktop/Foundation_Course/VS_Code/Python_VS/src/install/python_pubsub/share/python_pubsub/package.bash'
[10.024s] INFO:colcon.colcon_core.shell:Creating package script '/home/gokul/Desktop/Foundation_Course/VS_Code/Python_VS/src/install/python_pubsub/share/python_pubsub/package.zsh'
[10.024s] Level 1:colcon.colcon_core.environment:create_file_with_runtime_dependencies(/home/gokul/Desktop/Foundation_Course/VS_Code/Python_VS/src/install/python_pubsub/share/colcon-core/packages/python_pubsub)
[10.027s] Level 1:colcon.colcon_core.environment:checking '/home/gokul/Desktop/Foundation_Course/VS_Code/Python_VS/src/install/move_robot' for CMake module files
[10.028s] Level 1:colcon.colcon_core.environment:checking '/home/gokul/Desktop/Foundation_Course/VS_Code/Python_VS/src/install/move_robot' for CMake config files
[10.029s] Level 1:colcon.colcon_core.environment:checking '/home/gokul/Desktop/Foundation_Course/VS_Code/Python_VS/src/install/move_robot/lib'
[10.030s] Level 1:colcon.colcon_core.environment:checking '/home/gokul/Desktop/Foundation_Course/VS_Code/Python_VS/src/install/move_robot/bin'
[10.030s] Level 1:colcon.colcon_core.environment:checking '/home/gokul/Desktop/Foundation_Course/VS_Code/Python_VS/src/install/move_robot/lib/pkgconfig/move_robot.pc'
[10.030s] Level 1:colcon.colcon_core.environment:checking '/home/gokul/Desktop/Foundation_Course/VS_Code/Python_VS/src/install/move_robot/lib/python3.8/site-packages'
[10.030s] Level 1:colcon.colcon_core.shell:create_environment_hook('move_robot', 'pythonpath')
[10.032s] INFO:colcon.colcon_core.shell:Creating environment hook '/home/gokul/Desktop/Foundation_Course/VS_Code/Python_VS/src/install/move_robot/share/move_robot/hook/pythonpath.ps1'
[10.032s] DEBUG:colcon.colcon_core.event_handler.log_command:Invoked command in '/home/gokul/Desktop/Foundation_Course/VS_Code/Python_VS/src/move_robot' returned '0': AMENT_PREFIX_PATH=/home/gokul/Desktop/Foundation_Course/VS_Code/Python_VS/src/install/fc_custom_interface:${AMENT_PREFIX_PATH} CMAKE_PREFIX_PATH=/home/gokul/Desktop/Foundation_Course/VS_Code/Python_VS/src/install/fc_custom_interface:${CMAKE_PREFIX_PATH} LD_LIBRARY_PATH=/home/gokul/Desktop/Foundation_Course/VS_Code/Python_VS/src/install/fc_custom_interface/lib:${LD_LIBRARY_PATH} PYTHONPATH=/home/gokul/Desktop/Foundation_Course/VS_Code/Python_VS/src/install/move_robot/lib/python3.8/site-packages:/home/gokul/Desktop/Foundation_Course/VS_Code/Python_VS/src/install/fc_custom_interface/lib/python3.8/site-packages:${PYTHONPATH} /usr/bin/python3 setup.py egg_info --egg-base ../build/move_robot build --build-base /home/gokul/Desktop/Foundation_Course/VS_Code/Python_VS/src/build/move_robot/build install --prefix /home/gokul/Desktop/Foundation_Course/VS_Code/Python_VS/src/install/move_robot --record /home/gokul/Desktop/Foundation_Course/VS_Code/Python_VS/src/build/move_robot/install.log --single-version-externally-managed
[10.033s] INFO:colcon.colcon_core.shell:Creating environment descriptor '/home/gokul/Desktop/Foundation_Course/VS_Code/Python_VS/src/install/move_robot/share/move_robot/hook/pythonpath.dsv'
[10.033s] INFO:colcon.colcon_core.shell:Creating environment hook '/home/gokul/Desktop/Foundation_Course/VS_Code/Python_VS/src/install/move_robot/share/move_robot/hook/pythonpath.sh'
[10.034s] Level 1:colcon.colcon_core.environment:checking '/home/gokul/Desktop/Foundation_Course/VS_Code/Python_VS/src/install/move_robot/bin'
[10.034s] Level 1:colcon.colcon_core.environment:create_environment_scripts_only(move_robot)
[10.035s] INFO:colcon.colcon_core.shell:Creating package script '/home/gokul/Desktop/Foundation_Course/VS_Code/Python_VS/src/install/move_robot/share/move_robot/package.ps1'
[10.036s] INFO:colcon.colcon_core.shell:Creating package descriptor '/home/gokul/Desktop/Foundation_Course/VS_Code/Python_VS/src/install/move_robot/share/move_robot/package.dsv'
[10.036s] INFO:colcon.colcon_core.shell:Creating package script '/home/gokul/Desktop/Foundation_Course/VS_Code/Python_VS/src/install/move_robot/share/move_robot/package.sh'
[10.037s] INFO:colcon.colcon_core.shell:Creating package script '/home/gokul/Desktop/Foundation_Course/VS_Code/Python_VS/src/install/move_robot/share/move_robot/package.bash'
[10.037s] INFO:colcon.colcon_core.shell:Creating package script '/home/gokul/Desktop/Foundation_Course/VS_Code/Python_VS/src/install/move_robot/share/move_robot/package.zsh'
[10.037s] Level 1:colcon.colcon_core.environment:create_file_with_runtime_dependencies(/home/gokul/Desktop/Foundation_Course/VS_Code/Python_VS/src/install/move_robot/share/colcon-core/packages/move_robot)
[10.038s] DEBUG:colcon.colcon_parallel_executor.executor.parallel:closing loop
[10.039s] DEBUG:colcon.colcon_parallel_executor.executor.parallel:loop closed
[10.039s] DEBUG:colcon.colcon_parallel_executor.executor.parallel:run_until_complete finished with '0'
[10.039s] DEBUG:colcon.colcon_core.event_reactor:joining thread
[10.052s] INFO:colcon.colcon_core.plugin_system:Skipping extension 'colcon_notification.desktop_notification.terminal_notifier': Not used on non-Darwin systems
[10.052s] INFO:colcon.colcon_core.plugin_system:Skipping extension 'colcon_notification.desktop_notification.win32': Not used on non-Windows systems
[10.052s] INFO:colcon.colcon_notification.desktop_notification:Sending desktop notification using 'notify2'
[10.071s] DEBUG:colcon.colcon_core.event_reactor:joined thread
[10.073s] INFO:colcon.colcon_core.shell:Creating prefix script '/home/gokul/Desktop/Foundation_Course/VS_Code/Python_VS/src/install/local_setup.ps1'
[10.074s] INFO:colcon.colcon_core.shell:Creating prefix util module '/home/gokul/Desktop/Foundation_Course/VS_Code/Python_VS/src/install/_local_setup_util_ps1.py'
[10.076s] INFO:colcon.colcon_core.shell:Creating prefix chain script '/home/gokul/Desktop/Foundation_Course/VS_Code/Python_VS/src/install/setup.ps1'
[10.079s] INFO:colcon.colcon_core.shell:Creating prefix script '/home/gokul/Desktop/Foundation_Course/VS_Code/Python_VS/src/install/local_setup.sh'
[10.080s] INFO:colcon.colcon_core.shell:Creating prefix util module '/home/gokul/Desktop/Foundation_Course/VS_Code/Python_VS/src/install/_local_setup_util_sh.py'
[10.082s] INFO:colcon.colcon_core.shell:Creating prefix chain script '/home/gokul/Desktop/Foundation_Course/VS_Code/Python_VS/src/install/setup.sh'
[10.085s] INFO:colcon.colcon_core.shell:Creating prefix script '/home/gokul/Desktop/Foundation_Course/VS_Code/Python_VS/src/install/local_setup.bash'
[10.086s] INFO:colcon.colcon_core.shell:Creating prefix chain script '/home/gokul/Desktop/Foundation_Course/VS_Code/Python_VS/src/install/setup.bash'
[10.089s] INFO:colcon.colcon_core.shell:Creating prefix script '/home/gokul/Desktop/Foundation_Course/VS_Code/Python_VS/src/install/local_setup.zsh'
[10.090s] INFO:colcon.colcon_core.shell:Creating prefix chain script '/home/gokul/Desktop/Foundation_Course/VS_Code/Python_VS/src/install/setup.zsh'
