running egg_info
writing ../build/python_pubsub/python_pubsub.egg-info/PKG-INFO
writing dependency_links to ../build/python_pubsub/python_pubsub.egg-info/dependency_links.txt
writing entry points to ../build/python_pubsub/python_pubsub.egg-info/entry_points.txt
writing requirements to ../build/python_pubsub/python_pubsub.egg-info/requires.txt
writing top-level names to ../build/python_pubsub/python_pubsub.egg-info/top_level.txt
reading manifest file '../build/python_pubsub/python_pubsub.egg-info/SOURCES.txt'
writing manifest file '../build/python_pubsub/python_pubsub.egg-info/SOURCES.txt'
running build
running build_py
running install
running install_lib
running install_data
running install_egg_info
removing '/home/gokul/Desktop/Foundation_Course/VS_Code/Python_VS/src/install/python_pubsub/lib/python3.8/site-packages/python_pubsub-0.0.0-py3.8.egg-info' (and everything under it)
Copying ../build/python_pubsub/python_pubsub.egg-info to /home/gokul/Desktop/Foundation_Course/VS_Code/Python_VS/src/install/python_pubsub/lib/python3.8/site-packages/python_pubsub-0.0.0-py3.8.egg-info
running install_scripts
Installing publisher script to /home/gokul/Desktop/Foundation_Course/VS_Code/Python_VS/src/install/python_pubsub/lib/python_pubsub
Installing subscriber script to /home/gokul/Desktop/Foundation_Course/VS_Code/Python_VS/src/install/python_pubsub/lib/python_pubsub
writing list of installed files to '/home/gokul/Desktop/Foundation_Course/VS_Code/Python_VS/src/build/python_pubsub/install.log'
