[1.254s] Invoking command in '/home/gokul/Desktop/Foundation_Course/VS_Code/Python_VS/src/python_pubsub': AMENT_PREFIX_PATH=/home/gokul/Desktop/Foundation_Course/VS_Code/Python_VS/src/install/fc_custom_interface:${AMENT_PREFIX_PATH} CMAKE_PREFIX_PATH=/home/gokul/Desktop/Foundation_Course/VS_Code/Python_VS/src/install/fc_custom_interface:${CMAKE_PREFIX_PATH} LD_LIBRARY_PATH=/home/gokul/Desktop/Foundation_Course/VS_Code/Python_VS/src/install/fc_custom_interface/lib:${LD_LIBRARY_PATH} PYTHONPATH=/home/gokul/Desktop/Foundation_Course/VS_Code/Python_VS/src/install/python_pubsub/lib/python3.8/site-packages:/home/gokul/Desktop/Foundation_Course/VS_Code/Python_VS/src/install/fc_custom_interface/lib/python3.8/site-packages:${PYTHONPATH} /usr/bin/python3 setup.py egg_info --egg-base ../build/python_pubsub build --build-base /home/gokul/Desktop/Foundation_Course/VS_Code/Python_VS/src/build/python_pubsub/build install --prefix /home/gokul/Desktop/Foundation_Course/VS_Code/Python_VS/src/install/python_pubsub --record /home/gokul/Desktop/Foundation_Course/VS_Code/Python_VS/src/build/python_pubsub/install.log --single-version-externally-managed
[1.520s] running egg_info
[1.521s] writing ../build/python_pubsub/python_pubsub.egg-info/PKG-INFO
[1.521s] writing dependency_links to ../build/python_pubsub/python_pubsub.egg-info/dependency_links.txt
[1.521s] writing entry points to ../build/python_pubsub/python_pubsub.egg-info/entry_points.txt
[1.521s] writing requirements to ../build/python_pubsub/python_pubsub.egg-info/requires.txt
[1.521s] writing top-level names to ../build/python_pubsub/python_pubsub.egg-info/top_level.txt
[1.561s] reading manifest file '../build/python_pubsub/python_pubsub.egg-info/SOURCES.txt'
[1.563s] writing manifest file '../build/python_pubsub/python_pubsub.egg-info/SOURCES.txt'
[1.563s] running build
[1.563s] running build_py
[1.563s] running install
[1.565s] running install_lib
[1.567s] running install_data
[1.568s] running install_egg_info
[1.570s] removing '/home/gokul/Desktop/Foundation_Course/VS_Code/Python_VS/src/install/python_pubsub/lib/python3.8/site-packages/python_pubsub-0.0.0-py3.8.egg-info' (and everything under it)
[1.571s] Copying ../build/python_pubsub/python_pubsub.egg-info to /home/gokul/Desktop/Foundation_Course/VS_Code/Python_VS/src/install/python_pubsub/lib/python3.8/site-packages/python_pubsub-0.0.0-py3.8.egg-info
[1.572s] running install_scripts
[1.597s] Installing publisher script to /home/gokul/Desktop/Foundation_Course/VS_Code/Python_VS/src/install/python_pubsub/lib/python_pubsub
[1.597s] Installing subscriber script to /home/gokul/Desktop/Foundation_Course/VS_Code/Python_VS/src/install/python_pubsub/lib/python_pubsub
[1.598s] writing list of installed files to '/home/gokul/Desktop/Foundation_Course/VS_Code/Python_VS/src/build/python_pubsub/install.log'
[1.635s] Invoked command in '/home/gokul/Desktop/Foundation_Course/VS_Code/Python_VS/src/python_pubsub' returned '0': AMENT_PREFIX_PATH=/home/gokul/Desktop/Foundation_Course/VS_Code/Python_VS/src/install/fc_custom_interface:${AMENT_PREFIX_PATH} CMAKE_PREFIX_PATH=/home/gokul/Desktop/Foundation_Course/VS_Code/Python_VS/src/install/fc_custom_interface:${CMAKE_PREFIX_PATH} LD_LIBRARY_PATH=/home/gokul/Desktop/Foundation_Course/VS_Code/Python_VS/src/install/fc_custom_interface/lib:${LD_LIBRARY_PATH} PYTHONPATH=/home/gokul/Desktop/Foundation_Course/VS_Code/Python_VS/src/install/python_pubsub/lib/python3.8/site-packages:/home/gokul/Desktop/Foundation_Course/VS_Code/Python_VS/src/install/fc_custom_interface/lib/python3.8/site-packages:${PYTHONPATH} /usr/bin/python3 setup.py egg_info --egg-base ../build/python_pubsub build --build-base /home/gokul/Desktop/Foundation_Course/VS_Code/Python_VS/src/build/python_pubsub/build install --prefix /home/gokul/Desktop/Foundation_Course/VS_Code/Python_VS/src/install/python_pubsub --record /home/gokul/Desktop/Foundation_Course/VS_Code/Python_VS/src/build/python_pubsub/install.log --single-version-externally-managed
