[  2%] Built target fc_custom_interface__cpp
[ 12%] Built target fc_custom_interface__rosidl_generator_c
[ 12%] Built target ament_cmake_python_copy_fc_custom_interface
[ 23%] Built target fc_custom_interface__rosidl_typesupport_introspection_cpp
[ 33%] Built target fc_custom_interface__rosidl_typesupport_cpp
[ 43%] Built target fc_custom_interface__rosidl_typesupport_introspection_c
[ 53%] Built target fc_custom_interface__rosidl_typesupport_c
[ 64%] Built target fc_custom_interface__rosidl_typesupport_fastrtps_cpp
[ 74%] Built target fc_custom_interface__rosidl_typesupport_fastrtps_c
[ 74%] Built target fc_custom_interface
[ 76%] Built target fc_custom_interface__py
[ 84%] Built target fc_custom_interface__rosidl_generator_py
[ 89%] Built target fc_custom_interface__rosidl_typesupport_c__pyext
[ 94%] Built target fc_custom_interface__rosidl_typesupport_fastrtps_c__pyext
[100%] Built target fc_custom_interface__rosidl_typesupport_introspection_c__pyext
running egg_info
writing fc_custom_interface.egg-info/PKG-INFO
writing dependency_links to fc_custom_interface.egg-info/dependency_links.txt
writing top-level names to fc_custom_interface.egg-info/top_level.txt
reading manifest file 'fc_custom_interface.egg-info/SOURCES.txt'
writing manifest file 'fc_custom_interface.egg-info/SOURCES.txt'
[100%] Built target ament_cmake_python_build_fc_custom_interface_egg
-- Install configuration: ""
-- Up-to-date: /home/gokul/Desktop/Foundation_Course/VS_Code/Python_VS/src/install/fc_custom_interface/share/ament_index/resource_index/rosidl_interfaces/fc_custom_interface
-- Up-to-date: /home/gokul/Desktop/Foundation_Course/VS_Code/Python_VS/src/install/fc_custom_interface/include/fc_custom_interface
-- Up-to-date: /home/gokul/Desktop/Foundation_Course/VS_Code/Python_VS/src/install/fc_custom_interface/include/fc_custom_interface/action
-- Up-to-date: /home/gokul/Desktop/Foundation_Course/VS_Code/Python_VS/src/install/fc_custom_interface/include/fc_custom_interface/action/detail
-- Up-to-date: /home/gokul/Desktop/Foundation_Course/VS_Code/Python_VS/src/install/fc_custom_interface/include/fc_custom_interface/action/detail/move_robot__functions.c
-- Up-to-date: /home/gokul/Desktop/Foundation_Course/VS_Code/Python_VS/src/install/fc_custom_interface/include/fc_custom_interface/action/detail/move_robot__functions.h
-- Up-to-date: /home/gokul/Desktop/Foundation_Course/VS_Code/Python_VS/src/install/fc_custom_interface/include/fc_custom_interface/action/detail/move_robot__type_support.h
-- Up-to-date: /home/gokul/Desktop/Foundation_Course/VS_Code/Python_VS/src/install/fc_custom_interface/include/fc_custom_interface/action/detail/move_robot__struct.h
-- Up-to-date: /home/gokul/Desktop/Foundation_Course/VS_Code/Python_VS/src/install/fc_custom_interface/include/fc_custom_interface/action/move_robot.h
-- Up-to-date: /home/gokul/Desktop/Foundation_Course/VS_Code/Python_VS/src/install/fc_custom_interface/include/fc_custom_interface/msg
-- Up-to-date: /home/gokul/Desktop/Foundation_Course/VS_Code/Python_VS/src/install/fc_custom_interface/include/fc_custom_interface/msg/detail
-- Up-to-date: /home/gokul/Desktop/Foundation_Course/VS_Code/Python_VS/src/install/fc_custom_interface/include/fc_custom_interface/msg/detail/custom_message__functions.h
-- Up-to-date: /home/gokul/Desktop/Foundation_Course/VS_Code/Python_VS/src/install/fc_custom_interface/include/fc_custom_interface/msg/detail/custom_message__type_support.h
-- Up-to-date: /home/gokul/Desktop/Foundation_Course/VS_Code/Python_VS/src/install/fc_custom_interface/include/fc_custom_interface/msg/detail/custom_message__struct.h
-- Up-to-date: /home/gokul/Desktop/Foundation_Course/VS_Code/Python_VS/src/install/fc_custom_interface/include/fc_custom_interface/msg/detail/custom_message__functions.c
-- Up-to-date: /home/gokul/Desktop/Foundation_Course/VS_Code/Python_VS/src/install/fc_custom_interface/include/fc_custom_interface/msg/rosidl_generator_c__visibility_control.h
-- Up-to-date: /home/gokul/Desktop/Foundation_Course/VS_Code/Python_VS/src/install/fc_custom_interface/include/fc_custom_interface/msg/custom_message.h
-- Up-to-date: /home/gokul/Desktop/Foundation_Course/VS_Code/Python_VS/src/install/fc_custom_interface/share/fc_custom_interface/environment/library_path.sh
-- Up-to-date: /home/gokul/Desktop/Foundation_Course/VS_Code/Python_VS/src/install/fc_custom_interface/share/fc_custom_interface/environment/library_path.dsv
-- Up-to-date: /home/gokul/Desktop/Foundation_Course/VS_Code/Python_VS/src/install/fc_custom_interface/lib/libfc_custom_interface__rosidl_generator_c.so
-- Up-to-date: /home/gokul/Desktop/Foundation_Course/VS_Code/Python_VS/src/install/fc_custom_interface/include/fc_custom_interface
-- Up-to-date: /home/gokul/Desktop/Foundation_Course/VS_Code/Python_VS/src/install/fc_custom_interface/include/fc_custom_interface/action
-- Up-to-date: /home/gokul/Desktop/Foundation_Course/VS_Code/Python_VS/src/install/fc_custom_interface/include/fc_custom_interface/action/detail
-- Up-to-date: /home/gokul/Desktop/Foundation_Course/VS_Code/Python_VS/src/install/fc_custom_interface/include/fc_custom_interface/action/detail/move_robot__rosidl_typesupport_fastrtps_c.h
-- Up-to-date: /home/gokul/Desktop/Foundation_Course/VS_Code/Python_VS/src/install/fc_custom_interface/include/fc_custom_interface/msg
-- Up-to-date: /home/gokul/Desktop/Foundation_Course/VS_Code/Python_VS/src/install/fc_custom_interface/include/fc_custom_interface/msg/detail
-- Up-to-date: /home/gokul/Desktop/Foundation_Course/VS_Code/Python_VS/src/install/fc_custom_interface/include/fc_custom_interface/msg/detail/custom_message__rosidl_typesupport_fastrtps_c.h
-- Up-to-date: /home/gokul/Desktop/Foundation_Course/VS_Code/Python_VS/src/install/fc_custom_interface/include/fc_custom_interface/msg/rosidl_typesupport_fastrtps_c__visibility_control.h
-- Up-to-date: /home/gokul/Desktop/Foundation_Course/VS_Code/Python_VS/src/install/fc_custom_interface/lib/libfc_custom_interface__rosidl_typesupport_fastrtps_c.so
-- Up-to-date: /home/gokul/Desktop/Foundation_Course/VS_Code/Python_VS/src/install/fc_custom_interface/include/fc_custom_interface
-- Up-to-date: /home/gokul/Desktop/Foundation_Course/VS_Code/Python_VS/src/install/fc_custom_interface/include/fc_custom_interface/action
-- Up-to-date: /home/gokul/Desktop/Foundation_Course/VS_Code/Python_VS/src/install/fc_custom_interface/include/fc_custom_interface/action/detail
-- Up-to-date: /home/gokul/Desktop/Foundation_Course/VS_Code/Python_VS/src/install/fc_custom_interface/include/fc_custom_interface/action/detail/move_robot__rosidl_typesupport_fastrtps_cpp.hpp
-- Up-to-date: /home/gokul/Desktop/Foundation_Course/VS_Code/Python_VS/src/install/fc_custom_interface/include/fc_custom_interface/action/detail/dds_fastrtps
-- Up-to-date: /home/gokul/Desktop/Foundation_Course/VS_Code/Python_VS/src/install/fc_custom_interface/include/fc_custom_interface/msg
-- Up-to-date: /home/gokul/Desktop/Foundation_Course/VS_Code/Python_VS/src/install/fc_custom_interface/include/fc_custom_interface/msg/detail
-- Up-to-date: /home/gokul/Desktop/Foundation_Course/VS_Code/Python_VS/src/install/fc_custom_interface/include/fc_custom_interface/msg/detail/custom_message__rosidl_typesupport_fastrtps_cpp.hpp
-- Up-to-date: /home/gokul/Desktop/Foundation_Course/VS_Code/Python_VS/src/install/fc_custom_interface/include/fc_custom_interface/msg/detail/dds_fastrtps
-- Up-to-date: /home/gokul/Desktop/Foundation_Course/VS_Code/Python_VS/src/install/fc_custom_interface/include/fc_custom_interface/msg/rosidl_typesupport_fastrtps_cpp__visibility_control.h
-- Up-to-date: /home/gokul/Desktop/Foundation_Course/VS_Code/Python_VS/src/install/fc_custom_interface/lib/libfc_custom_interface__rosidl_typesupport_fastrtps_cpp.so
-- Up-to-date: /home/gokul/Desktop/Foundation_Course/VS_Code/Python_VS/src/install/fc_custom_interface/include/fc_custom_interface
-- Up-to-date: /home/gokul/Desktop/Foundation_Course/VS_Code/Python_VS/src/install/fc_custom_interface/include/fc_custom_interface/action
-- Up-to-date: /home/gokul/Desktop/Foundation_Course/VS_Code/Python_VS/src/install/fc_custom_interface/include/fc_custom_interface/action/detail
-- Up-to-date: /home/gokul/Desktop/Foundation_Course/VS_Code/Python_VS/src/install/fc_custom_interface/include/fc_custom_interface/action/detail/move_robot__rosidl_typesupport_introspection_c.h
-- Up-to-date: /home/gokul/Desktop/Foundation_Course/VS_Code/Python_VS/src/install/fc_custom_interface/include/fc_custom_interface/action/detail/move_robot__type_support.c
-- Up-to-date: /home/gokul/Desktop/Foundation_Course/VS_Code/Python_VS/src/install/fc_custom_interface/include/fc_custom_interface/msg
-- Up-to-date: /home/gokul/Desktop/Foundation_Course/VS_Code/Python_VS/src/install/fc_custom_interface/include/fc_custom_interface/msg/detail
-- Up-to-date: /home/gokul/Desktop/Foundation_Course/VS_Code/Python_VS/src/install/fc_custom_interface/include/fc_custom_interface/msg/detail/custom_message__rosidl_typesupport_introspection_c.h
-- Up-to-date: /home/gokul/Desktop/Foundation_Course/VS_Code/Python_VS/src/install/fc_custom_interface/include/fc_custom_interface/msg/detail/custom_message__type_support.c
-- Up-to-date: /home/gokul/Desktop/Foundation_Course/VS_Code/Python_VS/src/install/fc_custom_interface/include/fc_custom_interface/msg/rosidl_typesupport_introspection_c__visibility_control.h
-- Up-to-date: /home/gokul/Desktop/Foundation_Course/VS_Code/Python_VS/src/install/fc_custom_interface/lib/libfc_custom_interface__rosidl_typesupport_introspection_c.so
-- Up-to-date: /home/gokul/Desktop/Foundation_Course/VS_Code/Python_VS/src/install/fc_custom_interface/lib/libfc_custom_interface__rosidl_typesupport_c.so
-- Up-to-date: /home/gokul/Desktop/Foundation_Course/VS_Code/Python_VS/src/install/fc_custom_interface/include/fc_custom_interface
-- Up-to-date: /home/gokul/Desktop/Foundation_Course/VS_Code/Python_VS/src/install/fc_custom_interface/include/fc_custom_interface/action
-- Up-to-date: /home/gokul/Desktop/Foundation_Course/VS_Code/Python_VS/src/install/fc_custom_interface/include/fc_custom_interface/action/detail
-- Up-to-date: /home/gokul/Desktop/Foundation_Course/VS_Code/Python_VS/src/install/fc_custom_interface/include/fc_custom_interface/action/detail/move_robot__struct.hpp
-- Up-to-date: /home/gokul/Desktop/Foundation_Course/VS_Code/Python_VS/src/install/fc_custom_interface/include/fc_custom_interface/action/detail/move_robot__builder.hpp
-- Up-to-date: /home/gokul/Desktop/Foundation_Course/VS_Code/Python_VS/src/install/fc_custom_interface/include/fc_custom_interface/action/detail/move_robot__traits.hpp
-- Up-to-date: /home/gokul/Desktop/Foundation_Course/VS_Code/Python_VS/src/install/fc_custom_interface/include/fc_custom_interface/action/move_robot.hpp
-- Up-to-date: /home/gokul/Desktop/Foundation_Course/VS_Code/Python_VS/src/install/fc_custom_interface/include/fc_custom_interface/msg
-- Up-to-date: /home/gokul/Desktop/Foundation_Course/VS_Code/Python_VS/src/install/fc_custom_interface/include/fc_custom_interface/msg/detail
-- Up-to-date: /home/gokul/Desktop/Foundation_Course/VS_Code/Python_VS/src/install/fc_custom_interface/include/fc_custom_interface/msg/detail/custom_message__traits.hpp
-- Up-to-date: /home/gokul/Desktop/Foundation_Course/VS_Code/Python_VS/src/install/fc_custom_interface/include/fc_custom_interface/msg/detail/custom_message__struct.hpp
-- Up-to-date: /home/gokul/Desktop/Foundation_Course/VS_Code/Python_VS/src/install/fc_custom_interface/include/fc_custom_interface/msg/detail/custom_message__builder.hpp
-- Up-to-date: /home/gokul/Desktop/Foundation_Course/VS_Code/Python_VS/src/install/fc_custom_interface/include/fc_custom_interface/msg/custom_message.hpp
-- Up-to-date: /home/gokul/Desktop/Foundation_Course/VS_Code/Python_VS/src/install/fc_custom_interface/include/fc_custom_interface
-- Up-to-date: /home/gokul/Desktop/Foundation_Course/VS_Code/Python_VS/src/install/fc_custom_interface/include/fc_custom_interface/action
-- Up-to-date: /home/gokul/Desktop/Foundation_Course/VS_Code/Python_VS/src/install/fc_custom_interface/include/fc_custom_interface/action/detail
-- Up-to-date: /home/gokul/Desktop/Foundation_Course/VS_Code/Python_VS/src/install/fc_custom_interface/include/fc_custom_interface/action/detail/move_robot__type_support.cpp
-- Up-to-date: /home/gokul/Desktop/Foundation_Course/VS_Code/Python_VS/src/install/fc_custom_interface/include/fc_custom_interface/action/detail/move_robot__rosidl_typesupport_introspection_cpp.hpp
-- Up-to-date: /home/gokul/Desktop/Foundation_Course/VS_Code/Python_VS/src/install/fc_custom_interface/include/fc_custom_interface/msg
-- Up-to-date: /home/gokul/Desktop/Foundation_Course/VS_Code/Python_VS/src/install/fc_custom_interface/include/fc_custom_interface/msg/detail
-- Up-to-date: /home/gokul/Desktop/Foundation_Course/VS_Code/Python_VS/src/install/fc_custom_interface/include/fc_custom_interface/msg/detail/custom_message__rosidl_typesupport_introspection_cpp.hpp
-- Up-to-date: /home/gokul/Desktop/Foundation_Course/VS_Code/Python_VS/src/install/fc_custom_interface/include/fc_custom_interface/msg/detail/custom_message__type_support.cpp
-- Up-to-date: /home/gokul/Desktop/Foundation_Course/VS_Code/Python_VS/src/install/fc_custom_interface/lib/libfc_custom_interface__rosidl_typesupport_introspection_cpp.so
-- Up-to-date: /home/gokul/Desktop/Foundation_Course/VS_Code/Python_VS/src/install/fc_custom_interface/lib/libfc_custom_interface__rosidl_typesupport_cpp.so
-- Up-to-date: /home/gokul/Desktop/Foundation_Course/VS_Code/Python_VS/src/install/fc_custom_interface/share/fc_custom_interface/environment/pythonpath.sh
-- Up-to-date: /home/gokul/Desktop/Foundation_Course/VS_Code/Python_VS/src/install/fc_custom_interface/share/fc_custom_interface/environment/pythonpath.dsv
-- Up-to-date: /home/gokul/Desktop/Foundation_Course/VS_Code/Python_VS/src/install/fc_custom_interface/lib/python3.8/site-packages/fc_custom_interface-0.0.0-py3.8.egg-info
-- Installing: /home/gokul/Desktop/Foundation_Course/VS_Code/Python_VS/src/install/fc_custom_interface/lib/python3.8/site-packages/fc_custom_interface-0.0.0-py3.8.egg-info/dependency_links.txt
-- Installing: /home/gokul/Desktop/Foundation_Course/VS_Code/Python_VS/src/install/fc_custom_interface/lib/python3.8/site-packages/fc_custom_interface-0.0.0-py3.8.egg-info/SOURCES.txt
-- Installing: /home/gokul/Desktop/Foundation_Course/VS_Code/Python_VS/src/install/fc_custom_interface/lib/python3.8/site-packages/fc_custom_interface-0.0.0-py3.8.egg-info/top_level.txt
-- Installing: /home/gokul/Desktop/Foundation_Course/VS_Code/Python_VS/src/install/fc_custom_interface/lib/python3.8/site-packages/fc_custom_interface-0.0.0-py3.8.egg-info/PKG-INFO
-- Up-to-date: /home/gokul/Desktop/Foundation_Course/VS_Code/Python_VS/src/install/fc_custom_interface/lib/python3.8/site-packages/fc_custom_interface
-- Up-to-date: /home/gokul/Desktop/Foundation_Course/VS_Code/Python_VS/src/install/fc_custom_interface/lib/python3.8/site-packages/fc_custom_interface/fc_custom_interface_s__rosidl_typesupport_c.cpython-38-x86_64-linux-gnu.so
-- Up-to-date: /home/gokul/Desktop/Foundation_Course/VS_Code/Python_VS/src/install/fc_custom_interface/lib/python3.8/site-packages/fc_custom_interface/action
-- Up-to-date: /home/gokul/Desktop/Foundation_Course/VS_Code/Python_VS/src/install/fc_custom_interface/lib/python3.8/site-packages/fc_custom_interface/action/_move_robot_s.c
-- Up-to-date: /home/gokul/Desktop/Foundation_Course/VS_Code/Python_VS/src/install/fc_custom_interface/lib/python3.8/site-packages/fc_custom_interface/action/_move_robot.py
-- Up-to-date: /home/gokul/Desktop/Foundation_Course/VS_Code/Python_VS/src/install/fc_custom_interface/lib/python3.8/site-packages/fc_custom_interface/action/__init__.py
-- Up-to-date: /home/gokul/Desktop/Foundation_Course/VS_Code/Python_VS/src/install/fc_custom_interface/lib/python3.8/site-packages/fc_custom_interface/msg
-- Up-to-date: /home/gokul/Desktop/Foundation_Course/VS_Code/Python_VS/src/install/fc_custom_interface/lib/python3.8/site-packages/fc_custom_interface/msg/_custom_message.py
-- Up-to-date: /home/gokul/Desktop/Foundation_Course/VS_Code/Python_VS/src/install/fc_custom_interface/lib/python3.8/site-packages/fc_custom_interface/msg/_custom_message_s.c
-- Up-to-date: /home/gokul/Desktop/Foundation_Course/VS_Code/Python_VS/src/install/fc_custom_interface/lib/python3.8/site-packages/fc_custom_interface/msg/__init__.py
-- Up-to-date: /home/gokul/Desktop/Foundation_Course/VS_Code/Python_VS/src/install/fc_custom_interface/lib/python3.8/site-packages/fc_custom_interface/__init__.py
-- Up-to-date: /home/gokul/Desktop/Foundation_Course/VS_Code/Python_VS/src/install/fc_custom_interface/lib/python3.8/site-packages/fc_custom_interface/_fc_custom_interface_s.ep.rosidl_typesupport_fastrtps_c.c
-- Up-to-date: /home/gokul/Desktop/Foundation_Course/VS_Code/Python_VS/src/install/fc_custom_interface/lib/python3.8/site-packages/fc_custom_interface/fc_custom_interface_s__rosidl_typesupport_fastrtps_c.cpython-38-x86_64-linux-gnu.so
-- Up-to-date: /home/gokul/Desktop/Foundation_Course/VS_Code/Python_VS/src/install/fc_custom_interface/lib/python3.8/site-packages/fc_custom_interface/libfc_custom_interface__rosidl_generator_py.so
-- Up-to-date: /home/gokul/Desktop/Foundation_Course/VS_Code/Python_VS/src/install/fc_custom_interface/lib/python3.8/site-packages/fc_custom_interface/fc_custom_interface_s__rosidl_typesupport_introspection_c.cpython-38-x86_64-linux-gnu.so
-- Up-to-date: /home/gokul/Desktop/Foundation_Course/VS_Code/Python_VS/src/install/fc_custom_interface/lib/python3.8/site-packages/fc_custom_interface/_fc_custom_interface_s.ep.rosidl_typesupport_c.c
-- Up-to-date: /home/gokul/Desktop/Foundation_Course/VS_Code/Python_VS/src/install/fc_custom_interface/lib/python3.8/site-packages/fc_custom_interface/_fc_custom_interface_s.ep.rosidl_typesupport_introspection_c.c
Listing '/home/gokul/Desktop/Foundation_Course/VS_Code/Python_VS/src/install/fc_custom_interface/lib/python3.8/site-packages/fc_custom_interface'...
Listing '/home/gokul/Desktop/Foundation_Course/VS_Code/Python_VS/src/install/fc_custom_interface/lib/python3.8/site-packages/fc_custom_interface/action'...
Listing '/home/gokul/Desktop/Foundation_Course/VS_Code/Python_VS/src/install/fc_custom_interface/lib/python3.8/site-packages/fc_custom_interface/msg'...
-- Up-to-date: /home/gokul/Desktop/Foundation_Course/VS_Code/Python_VS/src/install/fc_custom_interface/lib/python3.8/site-packages/fc_custom_interface/fc_custom_interface_s__rosidl_typesupport_fastrtps_c.cpython-38-x86_64-linux-gnu.so
-- Up-to-date: /home/gokul/Desktop/Foundation_Course/VS_Code/Python_VS/src/install/fc_custom_interface/lib/python3.8/site-packages/fc_custom_interface/fc_custom_interface_s__rosidl_typesupport_introspection_c.cpython-38-x86_64-linux-gnu.so
-- Up-to-date: /home/gokul/Desktop/Foundation_Course/VS_Code/Python_VS/src/install/fc_custom_interface/lib/python3.8/site-packages/fc_custom_interface/fc_custom_interface_s__rosidl_typesupport_c.cpython-38-x86_64-linux-gnu.so
-- Up-to-date: /home/gokul/Desktop/Foundation_Course/VS_Code/Python_VS/src/install/fc_custom_interface/lib/libfc_custom_interface__rosidl_generator_py.so
-- Up-to-date: /home/gokul/Desktop/Foundation_Course/VS_Code/Python_VS/src/install/fc_custom_interface/share/fc_custom_interface/msg/CustomMessage.idl
-- Up-to-date: /home/gokul/Desktop/Foundation_Course/VS_Code/Python_VS/src/install/fc_custom_interface/share/fc_custom_interface/action/MoveRobot.idl
-- Up-to-date: /home/gokul/Desktop/Foundation_Course/VS_Code/Python_VS/src/install/fc_custom_interface/share/fc_custom_interface/msg/CustomMessage.msg
-- Up-to-date: /home/gokul/Desktop/Foundation_Course/VS_Code/Python_VS/src/install/fc_custom_interface/share/fc_custom_interface/action/MoveRobot.action
-- Up-to-date: /home/gokul/Desktop/Foundation_Course/VS_Code/Python_VS/src/install/fc_custom_interface/share/ament_index/resource_index/package_run_dependencies/fc_custom_interface
-- Up-to-date: /home/gokul/Desktop/Foundation_Course/VS_Code/Python_VS/src/install/fc_custom_interface/share/ament_index/resource_index/parent_prefix_path/fc_custom_interface
-- Up-to-date: /home/gokul/Desktop/Foundation_Course/VS_Code/Python_VS/src/install/fc_custom_interface/share/fc_custom_interface/environment/ament_prefix_path.sh
-- Up-to-date: /home/gokul/Desktop/Foundation_Course/VS_Code/Python_VS/src/install/fc_custom_interface/share/fc_custom_interface/environment/ament_prefix_path.dsv
-- Up-to-date: /home/gokul/Desktop/Foundation_Course/VS_Code/Python_VS/src/install/fc_custom_interface/share/fc_custom_interface/environment/path.sh
-- Up-to-date: /home/gokul/Desktop/Foundation_Course/VS_Code/Python_VS/src/install/fc_custom_interface/share/fc_custom_interface/environment/path.dsv
-- Up-to-date: /home/gokul/Desktop/Foundation_Course/VS_Code/Python_VS/src/install/fc_custom_interface/share/fc_custom_interface/local_setup.bash
-- Up-to-date: /home/gokul/Desktop/Foundation_Course/VS_Code/Python_VS/src/install/fc_custom_interface/share/fc_custom_interface/local_setup.sh
-- Up-to-date: /home/gokul/Desktop/Foundation_Course/VS_Code/Python_VS/src/install/fc_custom_interface/share/fc_custom_interface/local_setup.zsh
-- Up-to-date: /home/gokul/Desktop/Foundation_Course/VS_Code/Python_VS/src/install/fc_custom_interface/share/fc_custom_interface/local_setup.dsv
-- Installing: /home/gokul/Desktop/Foundation_Course/VS_Code/Python_VS/src/install/fc_custom_interface/share/fc_custom_interface/package.dsv
-- Up-to-date: /home/gokul/Desktop/Foundation_Course/VS_Code/Python_VS/src/install/fc_custom_interface/share/ament_index/resource_index/packages/fc_custom_interface
-- Up-to-date: /home/gokul/Desktop/Foundation_Course/VS_Code/Python_VS/src/install/fc_custom_interface/share/fc_custom_interface/cmake/fc_custom_interface__rosidl_generator_cExport.cmake
-- Up-to-date: /home/gokul/Desktop/Foundation_Course/VS_Code/Python_VS/src/install/fc_custom_interface/share/fc_custom_interface/cmake/fc_custom_interface__rosidl_generator_cExport-noconfig.cmake
-- Up-to-date: /home/gokul/Desktop/Foundation_Course/VS_Code/Python_VS/src/install/fc_custom_interface/share/fc_custom_interface/cmake/fc_custom_interface__rosidl_typesupport_introspection_cExport.cmake
-- Up-to-date: /home/gokul/Desktop/Foundation_Course/VS_Code/Python_VS/src/install/fc_custom_interface/share/fc_custom_interface/cmake/fc_custom_interface__rosidl_typesupport_introspection_cExport-noconfig.cmake
-- Up-to-date: /home/gokul/Desktop/Foundation_Course/VS_Code/Python_VS/src/install/fc_custom_interface/share/fc_custom_interface/cmake/fc_custom_interface__rosidl_typesupport_cExport.cmake
-- Up-to-date: /home/gokul/Desktop/Foundation_Course/VS_Code/Python_VS/src/install/fc_custom_interface/share/fc_custom_interface/cmake/fc_custom_interface__rosidl_typesupport_cExport-noconfig.cmake
-- Up-to-date: /home/gokul/Desktop/Foundation_Course/VS_Code/Python_VS/src/install/fc_custom_interface/share/fc_custom_interface/cmake/fc_custom_interface__rosidl_generator_cppExport.cmake
-- Up-to-date: /home/gokul/Desktop/Foundation_Course/VS_Code/Python_VS/src/install/fc_custom_interface/share/fc_custom_interface/cmake/fc_custom_interface__rosidl_typesupport_introspection_cppExport.cmake
-- Up-to-date: /home/gokul/Desktop/Foundation_Course/VS_Code/Python_VS/src/install/fc_custom_interface/share/fc_custom_interface/cmake/fc_custom_interface__rosidl_typesupport_introspection_cppExport-noconfig.cmake
-- Up-to-date: /home/gokul/Desktop/Foundation_Course/VS_Code/Python_VS/src/install/fc_custom_interface/share/fc_custom_interface/cmake/fc_custom_interface__rosidl_typesupport_cppExport.cmake
-- Up-to-date: /home/gokul/Desktop/Foundation_Course/VS_Code/Python_VS/src/install/fc_custom_interface/share/fc_custom_interface/cmake/fc_custom_interface__rosidl_typesupport_cppExport-noconfig.cmake
-- Up-to-date: /home/gokul/Desktop/Foundation_Course/VS_Code/Python_VS/src/install/fc_custom_interface/share/fc_custom_interface/cmake/export_fc_custom_interface__rosidl_generator_pyExport.cmake
-- Up-to-date: /home/gokul/Desktop/Foundation_Course/VS_Code/Python_VS/src/install/fc_custom_interface/share/fc_custom_interface/cmake/export_fc_custom_interface__rosidl_generator_pyExport-noconfig.cmake
-- Up-to-date: /home/gokul/Desktop/Foundation_Course/VS_Code/Python_VS/src/install/fc_custom_interface/share/fc_custom_interface/cmake/rosidl_cmake-extras.cmake
-- Up-to-date: /home/gokul/Desktop/Foundation_Course/VS_Code/Python_VS/src/install/fc_custom_interface/share/fc_custom_interface/cmake/ament_cmake_export_dependencies-extras.cmake
-- Up-to-date: /home/gokul/Desktop/Foundation_Course/VS_Code/Python_VS/src/install/fc_custom_interface/share/fc_custom_interface/cmake/ament_cmake_export_libraries-extras.cmake
-- Up-to-date: /home/gokul/Desktop/Foundation_Course/VS_Code/Python_VS/src/install/fc_custom_interface/share/fc_custom_interface/cmake/ament_cmake_export_targets-extras.cmake
-- Up-to-date: /home/gokul/Desktop/Foundation_Course/VS_Code/Python_VS/src/install/fc_custom_interface/share/fc_custom_interface/cmake/ament_cmake_export_include_directories-extras.cmake
-- Up-to-date: /home/gokul/Desktop/Foundation_Course/VS_Code/Python_VS/src/install/fc_custom_interface/share/fc_custom_interface/cmake/rosidl_cmake_export_typesupport_libraries-extras.cmake
-- Up-to-date: /home/gokul/Desktop/Foundation_Course/VS_Code/Python_VS/src/install/fc_custom_interface/share/fc_custom_interface/cmake/rosidl_cmake_export_typesupport_targets-extras.cmake
-- Up-to-date: /home/gokul/Desktop/Foundation_Course/VS_Code/Python_VS/src/install/fc_custom_interface/share/fc_custom_interface/cmake/fc_custom_interfaceConfig.cmake
-- Up-to-date: /home/gokul/Desktop/Foundation_Course/VS_Code/Python_VS/src/install/fc_custom_interface/share/fc_custom_interface/cmake/fc_custom_interfaceConfig-version.cmake
-- Up-to-date: /home/gokul/Desktop/Foundation_Course/VS_Code/Python_VS/src/install/fc_custom_interface/share/fc_custom_interface/package.xml
