[0.037s] Invoking command in '/home/gokul/Desktop/Foundation_Course/VS_Code/Python_VS/src/build/fc_custom_interface': CMAKE_PREFIX_PATH=${CMAKE_PREFIX_PATH}:/home/gokul/Desktop/Foundation_Course/VS_Code/Python_VS/install/python_pubsub:/home/gokul/Desktop/Foundation_Course/VS_Code/Python_VS/install/move_robot:/opt/ros/rolling /usr/bin/cmake --build /home/gokul/Desktop/Foundation_Course/VS_Code/Python_VS/src/build/fc_custom_interface -- -j16 -l16
[0.130s] [  2%] Built target fc_custom_interface__cpp
[0.134s] [ 12%] Built target fc_custom_interface__rosidl_generator_c
[0.138s] [ 12%] Built target ament_cmake_python_copy_fc_custom_interface
[0.166s] [ 23%] Built target fc_custom_interface__rosidl_typesupport_introspection_cpp
[0.167s] [ 33%] Built target fc_custom_interface__rosidl_typesupport_cpp
[0.169s] [ 43%] Built target fc_custom_interface__rosidl_typesupport_introspection_c
[0.170s] [ 53%] Built target fc_custom_interface__rosidl_typesupport_c
[0.177s] [ 64%] Built target fc_custom_interface__rosidl_typesupport_fastrtps_cpp
[0.226s] [ 74%] Built target fc_custom_interface__rosidl_typesupport_fastrtps_c
[0.264s] [ 74%] Built target fc_custom_interface
[0.298s] [ 76%] Built target fc_custom_interface__py
[0.339s] [ 84%] Built target fc_custom_interface__rosidl_generator_py
[0.373s] [ 89%] Built target fc_custom_interface__rosidl_typesupport_c__pyext
[0.378s] [ 94%] Built target fc_custom_interface__rosidl_typesupport_fastrtps_c__pyext
[0.387s] [100%] Built target fc_custom_interface__rosidl_typesupport_introspection_c__pyext
[0.455s] running egg_info
[0.456s] writing fc_custom_interface.egg-info/PKG-INFO
[0.456s] writing dependency_links to fc_custom_interface.egg-info/dependency_links.txt
[0.456s] writing top-level names to fc_custom_interface.egg-info/top_level.txt
[0.511s] reading manifest file 'fc_custom_interface.egg-info/SOURCES.txt'
[0.512s] writing manifest file 'fc_custom_interface.egg-info/SOURCES.txt'
[0.608s] [100%] Built target ament_cmake_python_build_fc_custom_interface_egg
[0.632s] Invoked command in '/home/gokul/Desktop/Foundation_Course/VS_Code/Python_VS/src/build/fc_custom_interface' returned '0': CMAKE_PREFIX_PATH=${CMAKE_PREFIX_PATH}:/home/gokul/Desktop/Foundation_Course/VS_Code/Python_VS/install/python_pubsub:/home/gokul/Desktop/Foundation_Course/VS_Code/Python_VS/install/move_robot:/opt/ros/rolling /usr/bin/cmake --build /home/gokul/Desktop/Foundation_Course/VS_Code/Python_VS/src/build/fc_custom_interface -- -j16 -l16
[0.753s] Invoking command in '/home/gokul/Desktop/Foundation_Course/VS_Code/Python_VS/src/build/fc_custom_interface': CMAKE_PREFIX_PATH=${CMAKE_PREFIX_PATH}:/home/gokul/Desktop/Foundation_Course/VS_Code/Python_VS/install/python_pubsub:/home/gokul/Desktop/Foundation_Course/VS_Code/Python_VS/install/move_robot:/opt/ros/rolling /usr/bin/cmake --install /home/gokul/Desktop/Foundation_Course/VS_Code/Python_VS/src/build/fc_custom_interface
[0.777s] -- Install configuration: ""
[0.777s] -- Up-to-date: /home/gokul/Desktop/Foundation_Course/VS_Code/Python_VS/src/install/fc_custom_interface/share/ament_index/resource_index/rosidl_interfaces/fc_custom_interface
[0.777s] -- Up-to-date: /home/gokul/Desktop/Foundation_Course/VS_Code/Python_VS/src/install/fc_custom_interface/include/fc_custom_interface
[0.778s] -- Up-to-date: /home/gokul/Desktop/Foundation_Course/VS_Code/Python_VS/src/install/fc_custom_interface/include/fc_custom_interface/action
[0.778s] -- Up-to-date: /home/gokul/Desktop/Foundation_Course/VS_Code/Python_VS/src/install/fc_custom_interface/include/fc_custom_interface/action/detail
[0.778s] -- Up-to-date: /home/gokul/Desktop/Foundation_Course/VS_Code/Python_VS/src/install/fc_custom_interface/include/fc_custom_interface/action/detail/move_robot__functions.c
[0.778s] -- Up-to-date: /home/gokul/Desktop/Foundation_Course/VS_Code/Python_VS/src/install/fc_custom_interface/include/fc_custom_interface/action/detail/move_robot__functions.h
[0.779s] -- Up-to-date: /home/gokul/Desktop/Foundation_Course/VS_Code/Python_VS/src/install/fc_custom_interface/include/fc_custom_interface/action/detail/move_robot__type_support.h
[0.779s] -- Up-to-date: /home/gokul/Desktop/Foundation_Course/VS_Code/Python_VS/src/install/fc_custom_interface/include/fc_custom_interface/action/detail/move_robot__struct.h
[0.779s] -- Up-to-date: /home/gokul/Desktop/Foundation_Course/VS_Code/Python_VS/src/install/fc_custom_interface/include/fc_custom_interface/action/move_robot.h
[0.779s] -- Up-to-date: /home/gokul/Desktop/Foundation_Course/VS_Code/Python_VS/src/install/fc_custom_interface/include/fc_custom_interface/msg
[0.780s] -- Up-to-date: /home/gokul/Desktop/Foundation_Course/VS_Code/Python_VS/src/install/fc_custom_interface/include/fc_custom_interface/msg/detail
[0.780s] -- Up-to-date: /home/gokul/Desktop/Foundation_Course/VS_Code/Python_VS/src/install/fc_custom_interface/include/fc_custom_interface/msg/detail/custom_message__functions.h
[0.780s] -- Up-to-date: /home/gokul/Desktop/Foundation_Course/VS_Code/Python_VS/src/install/fc_custom_interface/include/fc_custom_interface/msg/detail/custom_message__type_support.h
[0.780s] -- Up-to-date: /home/gokul/Desktop/Foundation_Course/VS_Code/Python_VS/src/install/fc_custom_interface/include/fc_custom_interface/msg/detail/custom_message__struct.h
[0.780s] -- Up-to-date: /home/gokul/Desktop/Foundation_Course/VS_Code/Python_VS/src/install/fc_custom_interface/include/fc_custom_interface/msg/detail/custom_message__functions.c
[0.780s] -- Up-to-date: /home/gokul/Desktop/Foundation_Course/VS_Code/Python_VS/src/install/fc_custom_interface/include/fc_custom_interface/msg/rosidl_generator_c__visibility_control.h
[0.781s] -- Up-to-date: /home/gokul/Desktop/Foundation_Course/VS_Code/Python_VS/src/install/fc_custom_interface/include/fc_custom_interface/msg/custom_message.h
[0.781s] -- Up-to-date: /home/gokul/Desktop/Foundation_Course/VS_Code/Python_VS/src/install/fc_custom_interface/share/fc_custom_interface/environment/library_path.sh
[0.781s] -- Up-to-date: /home/gokul/Desktop/Foundation_Course/VS_Code/Python_VS/src/install/fc_custom_interface/share/fc_custom_interface/environment/library_path.dsv
[0.781s] -- Up-to-date: /home/gokul/Desktop/Foundation_Course/VS_Code/Python_VS/src/install/fc_custom_interface/lib/libfc_custom_interface__rosidl_generator_c.so
[0.781s] -- Up-to-date: /home/gokul/Desktop/Foundation_Course/VS_Code/Python_VS/src/install/fc_custom_interface/include/fc_custom_interface
[0.782s] -- Up-to-date: /home/gokul/Desktop/Foundation_Course/VS_Code/Python_VS/src/install/fc_custom_interface/include/fc_custom_interface/action
[0.782s] -- Up-to-date: /home/gokul/Desktop/Foundation_Course/VS_Code/Python_VS/src/install/fc_custom_interface/include/fc_custom_interface/action/detail
[0.782s] -- Up-to-date: /home/gokul/Desktop/Foundation_Course/VS_Code/Python_VS/src/install/fc_custom_interface/include/fc_custom_interface/action/detail/move_robot__rosidl_typesupport_fastrtps_c.h
[0.782s] -- Up-to-date: /home/gokul/Desktop/Foundation_Course/VS_Code/Python_VS/src/install/fc_custom_interface/include/fc_custom_interface/msg
[0.782s] -- Up-to-date: /home/gokul/Desktop/Foundation_Course/VS_Code/Python_VS/src/install/fc_custom_interface/include/fc_custom_interface/msg/detail
[0.782s] -- Up-to-date: /home/gokul/Desktop/Foundation_Course/VS_Code/Python_VS/src/install/fc_custom_interface/include/fc_custom_interface/msg/detail/custom_message__rosidl_typesupport_fastrtps_c.h
[0.783s] -- Up-to-date: /home/gokul/Desktop/Foundation_Course/VS_Code/Python_VS/src/install/fc_custom_interface/include/fc_custom_interface/msg/rosidl_typesupport_fastrtps_c__visibility_control.h
[0.783s] -- Up-to-date: /home/gokul/Desktop/Foundation_Course/VS_Code/Python_VS/src/install/fc_custom_interface/lib/libfc_custom_interface__rosidl_typesupport_fastrtps_c.so
[0.783s] -- Up-to-date: /home/gokul/Desktop/Foundation_Course/VS_Code/Python_VS/src/install/fc_custom_interface/include/fc_custom_interface
[0.783s] -- Up-to-date: /home/gokul/Desktop/Foundation_Course/VS_Code/Python_VS/src/install/fc_custom_interface/include/fc_custom_interface/action
[0.783s] -- Up-to-date: /home/gokul/Desktop/Foundation_Course/VS_Code/Python_VS/src/install/fc_custom_interface/include/fc_custom_interface/action/detail
[0.783s] -- Up-to-date: /home/gokul/Desktop/Foundation_Course/VS_Code/Python_VS/src/install/fc_custom_interface/include/fc_custom_interface/action/detail/move_robot__rosidl_typesupport_fastrtps_cpp.hpp
[0.783s] -- Up-to-date: /home/gokul/Desktop/Foundation_Course/VS_Code/Python_VS/src/install/fc_custom_interface/include/fc_custom_interface/action/detail/dds_fastrtps
[0.784s] -- Up-to-date: /home/gokul/Desktop/Foundation_Course/VS_Code/Python_VS/src/install/fc_custom_interface/include/fc_custom_interface/msg
[0.784s] -- Up-to-date: /home/gokul/Desktop/Foundation_Course/VS_Code/Python_VS/src/install/fc_custom_interface/include/fc_custom_interface/msg/detail
[0.784s] -- Up-to-date: /home/gokul/Desktop/Foundation_Course/VS_Code/Python_VS/src/install/fc_custom_interface/include/fc_custom_interface/msg/detail/custom_message__rosidl_typesupport_fastrtps_cpp.hpp
[0.784s] -- Up-to-date: /home/gokul/Desktop/Foundation_Course/VS_Code/Python_VS/src/install/fc_custom_interface/include/fc_custom_interface/msg/detail/dds_fastrtps
[0.784s] -- Up-to-date: /home/gokul/Desktop/Foundation_Course/VS_Code/Python_VS/src/install/fc_custom_interface/include/fc_custom_interface/msg/rosidl_typesupport_fastrtps_cpp__visibility_control.h
[0.784s] -- Up-to-date: /home/gokul/Desktop/Foundation_Course/VS_Code/Python_VS/src/install/fc_custom_interface/lib/libfc_custom_interface__rosidl_typesupport_fastrtps_cpp.so
[0.785s] -- Up-to-date: /home/gokul/Desktop/Foundation_Course/VS_Code/Python_VS/src/install/fc_custom_interface/include/fc_custom_interface
[0.785s] -- Up-to-date: /home/gokul/Desktop/Foundation_Course/VS_Code/Python_VS/src/install/fc_custom_interface/include/fc_custom_interface/action
[0.785s] -- Up-to-date: /home/gokul/Desktop/Foundation_Course/VS_Code/Python_VS/src/install/fc_custom_interface/include/fc_custom_interface/action/detail
[0.785s] -- Up-to-date: /home/gokul/Desktop/Foundation_Course/VS_Code/Python_VS/src/install/fc_custom_interface/include/fc_custom_interface/action/detail/move_robot__rosidl_typesupport_introspection_c.h
[0.785s] -- Up-to-date: /home/gokul/Desktop/Foundation_Course/VS_Code/Python_VS/src/install/fc_custom_interface/include/fc_custom_interface/action/detail/move_robot__type_support.c
[0.785s] -- Up-to-date: /home/gokul/Desktop/Foundation_Course/VS_Code/Python_VS/src/install/fc_custom_interface/include/fc_custom_interface/msg
[0.786s] -- Up-to-date: /home/gokul/Desktop/Foundation_Course/VS_Code/Python_VS/src/install/fc_custom_interface/include/fc_custom_interface/msg/detail
[0.786s] -- Up-to-date: /home/gokul/Desktop/Foundation_Course/VS_Code/Python_VS/src/install/fc_custom_interface/include/fc_custom_interface/msg/detail/custom_message__rosidl_typesupport_introspection_c.h
[0.786s] -- Up-to-date: /home/gokul/Desktop/Foundation_Course/VS_Code/Python_VS/src/install/fc_custom_interface/include/fc_custom_interface/msg/detail/custom_message__type_support.c
[0.786s] -- Up-to-date: /home/gokul/Desktop/Foundation_Course/VS_Code/Python_VS/src/install/fc_custom_interface/include/fc_custom_interface/msg/rosidl_typesupport_introspection_c__visibility_control.h
[0.786s] -- Up-to-date: /home/gokul/Desktop/Foundation_Course/VS_Code/Python_VS/src/install/fc_custom_interface/lib/libfc_custom_interface__rosidl_typesupport_introspection_c.so
[0.786s] -- Up-to-date: /home/gokul/Desktop/Foundation_Course/VS_Code/Python_VS/src/install/fc_custom_interface/lib/libfc_custom_interface__rosidl_typesupport_c.so
[0.786s] -- Up-to-date: /home/gokul/Desktop/Foundation_Course/VS_Code/Python_VS/src/install/fc_custom_interface/include/fc_custom_interface
[0.786s] -- Up-to-date: /home/gokul/Desktop/Foundation_Course/VS_Code/Python_VS/src/install/fc_custom_interface/include/fc_custom_interface/action
[0.786s] -- Up-to-date: /home/gokul/Desktop/Foundation_Course/VS_Code/Python_VS/src/install/fc_custom_interface/include/fc_custom_interface/action/detail
[0.787s] -- Up-to-date: /home/gokul/Desktop/Foundation_Course/VS_Code/Python_VS/src/install/fc_custom_interface/include/fc_custom_interface/action/detail/move_robot__struct.hpp
[0.787s] -- Up-to-date: /home/gokul/Desktop/Foundation_Course/VS_Code/Python_VS/src/install/fc_custom_interface/include/fc_custom_interface/action/detail/move_robot__builder.hpp
[0.787s] -- Up-to-date: /home/gokul/Desktop/Foundation_Course/VS_Code/Python_VS/src/install/fc_custom_interface/include/fc_custom_interface/action/detail/move_robot__traits.hpp
[0.787s] -- Up-to-date: /home/gokul/Desktop/Foundation_Course/VS_Code/Python_VS/src/install/fc_custom_interface/include/fc_custom_interface/action/move_robot.hpp
[0.787s] -- Up-to-date: /home/gokul/Desktop/Foundation_Course/VS_Code/Python_VS/src/install/fc_custom_interface/include/fc_custom_interface/msg
[0.787s] -- Up-to-date: /home/gokul/Desktop/Foundation_Course/VS_Code/Python_VS/src/install/fc_custom_interface/include/fc_custom_interface/msg/detail
[0.787s] -- Up-to-date: /home/gokul/Desktop/Foundation_Course/VS_Code/Python_VS/src/install/fc_custom_interface/include/fc_custom_interface/msg/detail/custom_message__traits.hpp
[0.787s] -- Up-to-date: /home/gokul/Desktop/Foundation_Course/VS_Code/Python_VS/src/install/fc_custom_interface/include/fc_custom_interface/msg/detail/custom_message__struct.hpp
[0.787s] -- Up-to-date: /home/gokul/Desktop/Foundation_Course/VS_Code/Python_VS/src/install/fc_custom_interface/include/fc_custom_interface/msg/detail/custom_message__builder.hpp
[0.787s] -- Up-to-date: /home/gokul/Desktop/Foundation_Course/VS_Code/Python_VS/src/install/fc_custom_interface/include/fc_custom_interface/msg/custom_message.hpp
[0.788s] -- Up-to-date: /home/gokul/Desktop/Foundation_Course/VS_Code/Python_VS/src/install/fc_custom_interface/include/fc_custom_interface
[0.788s] -- Up-to-date: /home/gokul/Desktop/Foundation_Course/VS_Code/Python_VS/src/install/fc_custom_interface/include/fc_custom_interface/action
[0.788s] -- Up-to-date: /home/gokul/Desktop/Foundation_Course/VS_Code/Python_VS/src/install/fc_custom_interface/include/fc_custom_interface/action/detail
[0.788s] -- Up-to-date: /home/gokul/Desktop/Foundation_Course/VS_Code/Python_VS/src/install/fc_custom_interface/include/fc_custom_interface/action/detail/move_robot__type_support.cpp
[0.788s] -- Up-to-date: /home/gokul/Desktop/Foundation_Course/VS_Code/Python_VS/src/install/fc_custom_interface/include/fc_custom_interface/action/detail/move_robot__rosidl_typesupport_introspection_cpp.hpp
[0.788s] -- Up-to-date: /home/gokul/Desktop/Foundation_Course/VS_Code/Python_VS/src/install/fc_custom_interface/include/fc_custom_interface/msg
[0.788s] -- Up-to-date: /home/gokul/Desktop/Foundation_Course/VS_Code/Python_VS/src/install/fc_custom_interface/include/fc_custom_interface/msg/detail
[0.788s] -- Up-to-date: /home/gokul/Desktop/Foundation_Course/VS_Code/Python_VS/src/install/fc_custom_interface/include/fc_custom_interface/msg/detail/custom_message__rosidl_typesupport_introspection_cpp.hpp
[0.789s] -- Up-to-date: /home/gokul/Desktop/Foundation_Course/VS_Code/Python_VS/src/install/fc_custom_interface/include/fc_custom_interface/msg/detail/custom_message__type_support.cpp
[0.789s] -- Up-to-date: /home/gokul/Desktop/Foundation_Course/VS_Code/Python_VS/src/install/fc_custom_interface/lib/libfc_custom_interface__rosidl_typesupport_introspection_cpp.so
[0.789s] -- Up-to-date: /home/gokul/Desktop/Foundation_Course/VS_Code/Python_VS/src/install/fc_custom_interface/lib/libfc_custom_interface__rosidl_typesupport_cpp.so
[0.789s] -- Up-to-date: /home/gokul/Desktop/Foundation_Course/VS_Code/Python_VS/src/install/fc_custom_interface/share/fc_custom_interface/environment/pythonpath.sh
[0.789s] -- Up-to-date: /home/gokul/Desktop/Foundation_Course/VS_Code/Python_VS/src/install/fc_custom_interface/share/fc_custom_interface/environment/pythonpath.dsv
[0.789s] -- Up-to-date: /home/gokul/Desktop/Foundation_Course/VS_Code/Python_VS/src/install/fc_custom_interface/lib/python3.8/site-packages/fc_custom_interface-0.0.0-py3.8.egg-info
[0.789s] -- Installing: /home/gokul/Desktop/Foundation_Course/VS_Code/Python_VS/src/install/fc_custom_interface/lib/python3.8/site-packages/fc_custom_interface-0.0.0-py3.8.egg-info/dependency_links.txt
[0.790s] -- Installing: /home/gokul/Desktop/Foundation_Course/VS_Code/Python_VS/src/install/fc_custom_interface/lib/python3.8/site-packages/fc_custom_interface-0.0.0-py3.8.egg-info/SOURCES.txt
[0.790s] -- Installing: /home/gokul/Desktop/Foundation_Course/VS_Code/Python_VS/src/install/fc_custom_interface/lib/python3.8/site-packages/fc_custom_interface-0.0.0-py3.8.egg-info/top_level.txt
[0.790s] -- Installing: /home/gokul/Desktop/Foundation_Course/VS_Code/Python_VS/src/install/fc_custom_interface/lib/python3.8/site-packages/fc_custom_interface-0.0.0-py3.8.egg-info/PKG-INFO
[0.790s] -- Up-to-date: /home/gokul/Desktop/Foundation_Course/VS_Code/Python_VS/src/install/fc_custom_interface/lib/python3.8/site-packages/fc_custom_interface
[0.790s] -- Up-to-date: /home/gokul/Desktop/Foundation_Course/VS_Code/Python_VS/src/install/fc_custom_interface/lib/python3.8/site-packages/fc_custom_interface/fc_custom_interface_s__rosidl_typesupport_c.cpython-38-x86_64-linux-gnu.so
[0.790s] -- Up-to-date: /home/gokul/Desktop/Foundation_Course/VS_Code/Python_VS/src/install/fc_custom_interface/lib/python3.8/site-packages/fc_custom_interface/action
[0.791s] -- Up-to-date: /home/gokul/Desktop/Foundation_Course/VS_Code/Python_VS/src/install/fc_custom_interface/lib/python3.8/site-packages/fc_custom_interface/action/_move_robot_s.c
[0.791s] -- Up-to-date: /home/gokul/Desktop/Foundation_Course/VS_Code/Python_VS/src/install/fc_custom_interface/lib/python3.8/site-packages/fc_custom_interface/action/_move_robot.py
[0.791s] -- Up-to-date: /home/gokul/Desktop/Foundation_Course/VS_Code/Python_VS/src/install/fc_custom_interface/lib/python3.8/site-packages/fc_custom_interface/action/__init__.py
[0.791s] -- Up-to-date: /home/gokul/Desktop/Foundation_Course/VS_Code/Python_VS/src/install/fc_custom_interface/lib/python3.8/site-packages/fc_custom_interface/msg
[0.791s] -- Up-to-date: /home/gokul/Desktop/Foundation_Course/VS_Code/Python_VS/src/install/fc_custom_interface/lib/python3.8/site-packages/fc_custom_interface/msg/_custom_message.py
[0.791s] -- Up-to-date: /home/gokul/Desktop/Foundation_Course/VS_Code/Python_VS/src/install/fc_custom_interface/lib/python3.8/site-packages/fc_custom_interface/msg/_custom_message_s.c
[0.791s] -- Up-to-date: /home/gokul/Desktop/Foundation_Course/VS_Code/Python_VS/src/install/fc_custom_interface/lib/python3.8/site-packages/fc_custom_interface/msg/__init__.py
[0.791s] -- Up-to-date: /home/gokul/Desktop/Foundation_Course/VS_Code/Python_VS/src/install/fc_custom_interface/lib/python3.8/site-packages/fc_custom_interface/__init__.py
[0.792s] -- Up-to-date: /home/gokul/Desktop/Foundation_Course/VS_Code/Python_VS/src/install/fc_custom_interface/lib/python3.8/site-packages/fc_custom_interface/_fc_custom_interface_s.ep.rosidl_typesupport_fastrtps_c.c
[0.792s] -- Up-to-date: /home/gokul/Desktop/Foundation_Course/VS_Code/Python_VS/src/install/fc_custom_interface/lib/python3.8/site-packages/fc_custom_interface/fc_custom_interface_s__rosidl_typesupport_fastrtps_c.cpython-38-x86_64-linux-gnu.so
[0.792s] -- Up-to-date: /home/gokul/Desktop/Foundation_Course/VS_Code/Python_VS/src/install/fc_custom_interface/lib/python3.8/site-packages/fc_custom_interface/libfc_custom_interface__rosidl_generator_py.so
[0.792s] -- Up-to-date: /home/gokul/Desktop/Foundation_Course/VS_Code/Python_VS/src/install/fc_custom_interface/lib/python3.8/site-packages/fc_custom_interface/fc_custom_interface_s__rosidl_typesupport_introspection_c.cpython-38-x86_64-linux-gnu.so
[0.792s] -- Up-to-date: /home/gokul/Desktop/Foundation_Course/VS_Code/Python_VS/src/install/fc_custom_interface/lib/python3.8/site-packages/fc_custom_interface/_fc_custom_interface_s.ep.rosidl_typesupport_c.c
[0.792s] -- Up-to-date: /home/gokul/Desktop/Foundation_Course/VS_Code/Python_VS/src/install/fc_custom_interface/lib/python3.8/site-packages/fc_custom_interface/_fc_custom_interface_s.ep.rosidl_typesupport_introspection_c.c
[0.833s] Listing '/home/gokul/Desktop/Foundation_Course/VS_Code/Python_VS/src/install/fc_custom_interface/lib/python3.8/site-packages/fc_custom_interface'...
[0.833s] Listing '/home/gokul/Desktop/Foundation_Course/VS_Code/Python_VS/src/install/fc_custom_interface/lib/python3.8/site-packages/fc_custom_interface/action'...
[0.834s] Listing '/home/gokul/Desktop/Foundation_Course/VS_Code/Python_VS/src/install/fc_custom_interface/lib/python3.8/site-packages/fc_custom_interface/msg'...
[0.840s] -- Up-to-date: /home/gokul/Desktop/Foundation_Course/VS_Code/Python_VS/src/install/fc_custom_interface/lib/python3.8/site-packages/fc_custom_interface/fc_custom_interface_s__rosidl_typesupport_fastrtps_c.cpython-38-x86_64-linux-gnu.so
[0.842s] -- Up-to-date: /home/gokul/Desktop/Foundation_Course/VS_Code/Python_VS/src/install/fc_custom_interface/lib/python3.8/site-packages/fc_custom_interface/fc_custom_interface_s__rosidl_typesupport_introspection_c.cpython-38-x86_64-linux-gnu.so
[0.844s] -- Up-to-date: /home/gokul/Desktop/Foundation_Course/VS_Code/Python_VS/src/install/fc_custom_interface/lib/python3.8/site-packages/fc_custom_interface/fc_custom_interface_s__rosidl_typesupport_c.cpython-38-x86_64-linux-gnu.so
[0.845s] -- Up-to-date: /home/gokul/Desktop/Foundation_Course/VS_Code/Python_VS/src/install/fc_custom_interface/lib/libfc_custom_interface__rosidl_generator_py.so
[0.845s] -- Up-to-date: /home/gokul/Desktop/Foundation_Course/VS_Code/Python_VS/src/install/fc_custom_interface/share/fc_custom_interface/msg/CustomMessage.idl
[0.846s] -- Up-to-date: /home/gokul/Desktop/Foundation_Course/VS_Code/Python_VS/src/install/fc_custom_interface/share/fc_custom_interface/action/MoveRobot.idl
[0.846s] -- Up-to-date: /home/gokul/Desktop/Foundation_Course/VS_Code/Python_VS/src/install/fc_custom_interface/share/fc_custom_interface/msg/CustomMessage.msg
[0.846s] -- Up-to-date: /home/gokul/Desktop/Foundation_Course/VS_Code/Python_VS/src/install/fc_custom_interface/share/fc_custom_interface/action/MoveRobot.action
[0.846s] -- Up-to-date: /home/gokul/Desktop/Foundation_Course/VS_Code/Python_VS/src/install/fc_custom_interface/share/ament_index/resource_index/package_run_dependencies/fc_custom_interface
[0.847s] -- Up-to-date: /home/gokul/Desktop/Foundation_Course/VS_Code/Python_VS/src/install/fc_custom_interface/share/ament_index/resource_index/parent_prefix_path/fc_custom_interface
[0.847s] -- Up-to-date: /home/gokul/Desktop/Foundation_Course/VS_Code/Python_VS/src/install/fc_custom_interface/share/fc_custom_interface/environment/ament_prefix_path.sh
[0.847s] -- Up-to-date: /home/gokul/Desktop/Foundation_Course/VS_Code/Python_VS/src/install/fc_custom_interface/share/fc_custom_interface/environment/ament_prefix_path.dsv
[0.847s] -- Up-to-date: /home/gokul/Desktop/Foundation_Course/VS_Code/Python_VS/src/install/fc_custom_interface/share/fc_custom_interface/environment/path.sh
[0.847s] -- Up-to-date: /home/gokul/Desktop/Foundation_Course/VS_Code/Python_VS/src/install/fc_custom_interface/share/fc_custom_interface/environment/path.dsv
[0.847s] -- Up-to-date: /home/gokul/Desktop/Foundation_Course/VS_Code/Python_VS/src/install/fc_custom_interface/share/fc_custom_interface/local_setup.bash
[0.848s] -- Up-to-date: /home/gokul/Desktop/Foundation_Course/VS_Code/Python_VS/src/install/fc_custom_interface/share/fc_custom_interface/local_setup.sh
[0.848s] -- Up-to-date: /home/gokul/Desktop/Foundation_Course/VS_Code/Python_VS/src/install/fc_custom_interface/share/fc_custom_interface/local_setup.zsh
[0.848s] -- Up-to-date: /home/gokul/Desktop/Foundation_Course/VS_Code/Python_VS/src/install/fc_custom_interface/share/fc_custom_interface/local_setup.dsv
[0.848s] -- Installing: /home/gokul/Desktop/Foundation_Course/VS_Code/Python_VS/src/install/fc_custom_interface/share/fc_custom_interface/package.dsv
[0.848s] -- Up-to-date: /home/gokul/Desktop/Foundation_Course/VS_Code/Python_VS/src/install/fc_custom_interface/share/ament_index/resource_index/packages/fc_custom_interface
[0.848s] -- Up-to-date: /home/gokul/Desktop/Foundation_Course/VS_Code/Python_VS/src/install/fc_custom_interface/share/fc_custom_interface/cmake/fc_custom_interface__rosidl_generator_cExport.cmake
[0.848s] -- Up-to-date: /home/gokul/Desktop/Foundation_Course/VS_Code/Python_VS/src/install/fc_custom_interface/share/fc_custom_interface/cmake/fc_custom_interface__rosidl_generator_cExport-noconfig.cmake
[0.849s] -- Up-to-date: /home/gokul/Desktop/Foundation_Course/VS_Code/Python_VS/src/install/fc_custom_interface/share/fc_custom_interface/cmake/fc_custom_interface__rosidl_typesupport_introspection_cExport.cmake
[0.849s] -- Up-to-date: /home/gokul/Desktop/Foundation_Course/VS_Code/Python_VS/src/install/fc_custom_interface/share/fc_custom_interface/cmake/fc_custom_interface__rosidl_typesupport_introspection_cExport-noconfig.cmake
[0.849s] -- Up-to-date: /home/gokul/Desktop/Foundation_Course/VS_Code/Python_VS/src/install/fc_custom_interface/share/fc_custom_interface/cmake/fc_custom_interface__rosidl_typesupport_cExport.cmake
[0.849s] -- Up-to-date: /home/gokul/Desktop/Foundation_Course/VS_Code/Python_VS/src/install/fc_custom_interface/share/fc_custom_interface/cmake/fc_custom_interface__rosidl_typesupport_cExport-noconfig.cmake
[0.849s] -- Up-to-date: /home/gokul/Desktop/Foundation_Course/VS_Code/Python_VS/src/install/fc_custom_interface/share/fc_custom_interface/cmake/fc_custom_interface__rosidl_generator_cppExport.cmake
[0.850s] -- Up-to-date: /home/gokul/Desktop/Foundation_Course/VS_Code/Python_VS/src/install/fc_custom_interface/share/fc_custom_interface/cmake/fc_custom_interface__rosidl_typesupport_introspection_cppExport.cmake
[0.850s] -- Up-to-date: /home/gokul/Desktop/Foundation_Course/VS_Code/Python_VS/src/install/fc_custom_interface/share/fc_custom_interface/cmake/fc_custom_interface__rosidl_typesupport_introspection_cppExport-noconfig.cmake
[0.850s] -- Up-to-date: /home/gokul/Desktop/Foundation_Course/VS_Code/Python_VS/src/install/fc_custom_interface/share/fc_custom_interface/cmake/fc_custom_interface__rosidl_typesupport_cppExport.cmake
[0.850s] -- Up-to-date: /home/gokul/Desktop/Foundation_Course/VS_Code/Python_VS/src/install/fc_custom_interface/share/fc_custom_interface/cmake/fc_custom_interface__rosidl_typesupport_cppExport-noconfig.cmake
[0.851s] -- Up-to-date: /home/gokul/Desktop/Foundation_Course/VS_Code/Python_VS/src/install/fc_custom_interface/share/fc_custom_interface/cmake/export_fc_custom_interface__rosidl_generator_pyExport.cmake
[0.851s] -- Up-to-date: /home/gokul/Desktop/Foundation_Course/VS_Code/Python_VS/src/install/fc_custom_interface/share/fc_custom_interface/cmake/export_fc_custom_interface__rosidl_generator_pyExport-noconfig.cmake
[0.851s] -- Up-to-date: /home/gokul/Desktop/Foundation_Course/VS_Code/Python_VS/src/install/fc_custom_interface/share/fc_custom_interface/cmake/rosidl_cmake-extras.cmake
[0.851s] -- Up-to-date: /home/gokul/Desktop/Foundation_Course/VS_Code/Python_VS/src/install/fc_custom_interface/share/fc_custom_interface/cmake/ament_cmake_export_dependencies-extras.cmake
[0.852s] -- Up-to-date: /home/gokul/Desktop/Foundation_Course/VS_Code/Python_VS/src/install/fc_custom_interface/share/fc_custom_interface/cmake/ament_cmake_export_libraries-extras.cmake
[0.852s] -- Up-to-date: /home/gokul/Desktop/Foundation_Course/VS_Code/Python_VS/src/install/fc_custom_interface/share/fc_custom_interface/cmake/ament_cmake_export_targets-extras.cmake
[0.852s] -- Up-to-date: /home/gokul/Desktop/Foundation_Course/VS_Code/Python_VS/src/install/fc_custom_interface/share/fc_custom_interface/cmake/ament_cmake_export_include_directories-extras.cmake
[0.852s] -- Up-to-date: /home/gokul/Desktop/Foundation_Course/VS_Code/Python_VS/src/install/fc_custom_interface/share/fc_custom_interface/cmake/rosidl_cmake_export_typesupport_libraries-extras.cmake
[0.852s] -- Up-to-date: /home/gokul/Desktop/Foundation_Course/VS_Code/Python_VS/src/install/fc_custom_interface/share/fc_custom_interface/cmake/rosidl_cmake_export_typesupport_targets-extras.cmake
[0.853s] -- Up-to-date: /home/gokul/Desktop/Foundation_Course/VS_Code/Python_VS/src/install/fc_custom_interface/share/fc_custom_interface/cmake/fc_custom_interfaceConfig.cmake
[0.853s] -- Up-to-date: /home/gokul/Desktop/Foundation_Course/VS_Code/Python_VS/src/install/fc_custom_interface/share/fc_custom_interface/cmake/fc_custom_interfaceConfig-version.cmake
[0.853s] -- Up-to-date: /home/gokul/Desktop/Foundation_Course/VS_Code/Python_VS/src/install/fc_custom_interface/share/fc_custom_interface/package.xml
[0.856s] Invoked command in '/home/gokul/Desktop/Foundation_Course/VS_Code/Python_VS/src/build/fc_custom_interface' returned '0': CMAKE_PREFIX_PATH=${CMAKE_PREFIX_PATH}:/home/gokul/Desktop/Foundation_Course/VS_Code/Python_VS/install/python_pubsub:/home/gokul/Desktop/Foundation_Course/VS_Code/Python_VS/install/move_robot:/opt/ros/rolling /usr/bin/cmake --install /home/gokul/Desktop/Foundation_Course/VS_Code/Python_VS/src/build/fc_custom_interface
