running egg_info
creating ../build/python_pubsub/python_pubsub.egg-info
writing ../build/python_pubsub/python_pubsub.egg-info/PKG-INFO
writing dependency_links to ../build/python_pubsub/python_pubsub.egg-info/dependency_links.txt
writing entry points to ../build/python_pubsub/python_pubsub.egg-info/entry_points.txt
writing requirements to ../build/python_pubsub/python_pubsub.egg-info/requires.txt
writing top-level names to ../build/python_pubsub/python_pubsub.egg-info/top_level.txt
writing manifest file '../build/python_pubsub/python_pubsub.egg-info/SOURCES.txt'
reading manifest file '../build/python_pubsub/python_pubsub.egg-info/SOURCES.txt'
writing manifest file '../build/python_pubsub/python_pubsub.egg-info/SOURCES.txt'
running build
running build_py
creating /home/gokul/Desktop/Foundation_Course/VS_Code/Python_VS/src/build/python_pubsub/build
creating /home/gokul/Desktop/Foundation_Course/VS_Code/Python_VS/src/build/python_pubsub/build/lib
creating /home/gokul/Desktop/Foundation_Course/VS_Code/Python_VS/src/build/python_pubsub/build/lib/python_pubsub
copying python_pubsub/__init__.py -> /home/gokul/Desktop/Foundation_Course/VS_Code/Python_VS/src/build/python_pubsub/build/lib/python_pubsub
running install
running install_lib
creating /home/gokul/Desktop/Foundation_Course/VS_Code/Python_VS/src/install/python_pubsub/lib/python3.8/site-packages/python_pubsub
copying /home/gokul/Desktop/Foundation_Course/VS_Code/Python_VS/src/build/python_pubsub/build/lib/python_pubsub/__init__.py -> /home/gokul/Desktop/Foundation_Course/VS_Code/Python_VS/src/install/python_pubsub/lib/python3.8/site-packages/python_pubsub
byte-compiling /home/gokul/Desktop/Foundation_Course/VS_Code/Python_VS/src/install/python_pubsub/lib/python3.8/site-packages/python_pubsub/__init__.py to __init__.cpython-38.pyc
running install_data
creating /home/gokul/Desktop/Foundation_Course/VS_Code/Python_VS/src/install/python_pubsub/share/ament_index
creating /home/gokul/Desktop/Foundation_Course/VS_Code/Python_VS/src/install/python_pubsub/share/ament_index/resource_index
creating /home/gokul/Desktop/Foundation_Course/VS_Code/Python_VS/src/install/python_pubsub/share/ament_index/resource_index/packages
