running egg_info
writing ../build/python_pubsub/python_pubsub.egg-info/PKG-INFO
writing dependency_links to ../build/python_pubsub/python_pubsub.egg-info/dependency_links.txt
writing entry points to ../build/python_pubsub/python_pubsub.egg-info/entry_points.txt
writing requirements to ../build/python_pubsub/python_pubsub.egg-info/requires.txt
writing top-level names to ../build/python_pubsub/python_pubsub.egg-info/top_level.txt
reading manifest file '../build/python_pubsub/python_pubsub.egg-info/SOURCES.txt'
writing manifest file '../build/python_pubsub/python_pubsub.egg-info/SOURCES.txt'
running build
running build_py
copying python_pubsub/simple_subscriber.py -> /home/gokul/Desktop/Foundation_Course/VS_Code/Python_VS/src/build/python_pubsub/build/lib/python_pubsub
copying python_pubsub/simple_publisher.py -> /home/gokul/Desktop/Foundation_Course/VS_Code/Python_VS/src/build/python_pubsub/build/lib/python_pubsub
running install
running install_lib
copying /home/gokul/Desktop/Foundation_Course/VS_Code/Python_VS/src/build/python_pubsub/build/lib/python_pubsub/simple_subscriber.py -> /home/gokul/Desktop/Foundation_Course/VS_Code/Python_VS/src/install/python_pubsub/lib/python3.8/site-packages/python_pubsub
copying /home/gokul/Desktop/Foundation_Course/VS_Code/Python_VS/src/build/python_pubsub/build/lib/python_pubsub/simple_publisher.py -> /home/gokul/Desktop/Foundation_Course/VS_Code/Python_VS/src/install/python_pubsub/lib/python3.8/site-packages/python_pubsub
byte-compiling /home/gokul/Desktop/Foundation_Course/VS_Code/Python_VS/src/install/python_pubsub/lib/python3.8/site-packages/python_pubsub/simple_subscriber.py to simple_subscriber.cpython-38.pyc
byte-compiling /home/gokul/Desktop/Foundation_Course/VS_Code/Python_VS/src/install/python_pubsub/lib/python3.8/site-packages/python_pubsub/simple_publisher.py to simple_publisher.cpython-38.pyc
running install_data
copying package.xml -> /home/gokul/Desktop/Foundation_Course/VS_Code/Python_VS/src/install/python_pubsub/share/python_pubsub
running install_egg_info
Copying ../build/python_pubsub/python_pubsub.egg-info to /home/gokul/Desktop/Foundation_Course/VS_Code/Python_VS/src/install/python_pubsub/lib/python3.8/site-packages/python_pubsub-0.0.0-py3.8.egg-info
running install_scripts
Installing publisher script to /home/gokul/Desktop/Foundation_Course/VS_Code/Python_VS/src/install/python_pubsub/lib/python_pubsub
Installing subscriber script to /home/gokul/Desktop/Foundation_Course/VS_Code/Python_VS/src/install/python_pubsub/lib/python_pubsub
writing list of installed files to '/home/gokul/Desktop/Foundation_Course/VS_Code/Python_VS/src/build/python_pubsub/install.log'
