[1.153s] Invoking command in '/home/gokul/Desktop/Foundation_Course/VS_Code/Python_VS/src/python_pubsub': AMENT_PREFIX_PATH=/home/gokul/Desktop/Foundation_Course/VS_Code/Python_VS/src/install/fc_custom_interface:${AMENT_PREFIX_PATH} CMAKE_PREFIX_PATH=/home/gokul/Desktop/Foundation_Course/VS_Code/Python_VS/src/install/fc_custom_interface:${CMAKE_PREFIX_PATH} LD_LIBRARY_PATH=/home/gokul/Desktop/Foundation_Course/VS_Code/Python_VS/src/install/fc_custom_interface/lib:${LD_LIBRARY_PATH} PYTHONPATH=/home/gokul/Desktop/Foundation_Course/VS_Code/Python_VS/src/install/python_pubsub/lib/python3.8/site-packages:/home/gokul/Desktop/Foundation_Course/VS_Code/Python_VS/src/install/fc_custom_interface/lib/python3.8/site-packages:${PYTHONPATH} /usr/bin/python3 setup.py egg_info --egg-base ../build/python_pubsub build --build-base /home/gokul/Desktop/Foundation_Course/VS_Code/Python_VS/src/build/python_pubsub/build install --prefix /home/gokul/Desktop/Foundation_Course/VS_Code/Python_VS/src/install/python_pubsub --record /home/gokul/Desktop/Foundation_Course/VS_Code/Python_VS/src/build/python_pubsub/install.log --single-version-externally-managed
[1.422s] running egg_info
[1.424s] writing ../build/python_pubsub/python_pubsub.egg-info/PKG-INFO
[1.424s] writing dependency_links to ../build/python_pubsub/python_pubsub.egg-info/dependency_links.txt
[1.425s] writing entry points to ../build/python_pubsub/python_pubsub.egg-info/entry_points.txt
[1.425s] writing requirements to ../build/python_pubsub/python_pubsub.egg-info/requires.txt
[1.425s] writing top-level names to ../build/python_pubsub/python_pubsub.egg-info/top_level.txt
[1.462s] reading manifest file '../build/python_pubsub/python_pubsub.egg-info/SOURCES.txt'
[1.462s] writing manifest file '../build/python_pubsub/python_pubsub.egg-info/SOURCES.txt'
[1.463s] running build
[1.463s] running build_py
[1.464s] copying python_pubsub/simple_subscriber.py -> /home/gokul/Desktop/Foundation_Course/VS_Code/Python_VS/src/build/python_pubsub/build/lib/python_pubsub
[1.465s] copying python_pubsub/simple_publisher.py -> /home/gokul/Desktop/Foundation_Course/VS_Code/Python_VS/src/build/python_pubsub/build/lib/python_pubsub
[1.465s] running install
[1.466s] running install_lib
[1.467s] copying /home/gokul/Desktop/Foundation_Course/VS_Code/Python_VS/src/build/python_pubsub/build/lib/python_pubsub/simple_subscriber.py -> /home/gokul/Desktop/Foundation_Course/VS_Code/Python_VS/src/install/python_pubsub/lib/python3.8/site-packages/python_pubsub
[1.467s] copying /home/gokul/Desktop/Foundation_Course/VS_Code/Python_VS/src/build/python_pubsub/build/lib/python_pubsub/simple_publisher.py -> /home/gokul/Desktop/Foundation_Course/VS_Code/Python_VS/src/install/python_pubsub/lib/python3.8/site-packages/python_pubsub
[1.468s] byte-compiling /home/gokul/Desktop/Foundation_Course/VS_Code/Python_VS/src/install/python_pubsub/lib/python3.8/site-packages/python_pubsub/simple_subscriber.py to simple_subscriber.cpython-38.pyc
[1.468s] byte-compiling /home/gokul/Desktop/Foundation_Course/VS_Code/Python_VS/src/install/python_pubsub/lib/python3.8/site-packages/python_pubsub/simple_publisher.py to simple_publisher.cpython-38.pyc
[1.468s] running install_data
[1.469s] copying package.xml -> /home/gokul/Desktop/Foundation_Course/VS_Code/Python_VS/src/install/python_pubsub/share/python_pubsub
[1.469s] running install_egg_info
[1.470s] Copying ../build/python_pubsub/python_pubsub.egg-info to /home/gokul/Desktop/Foundation_Course/VS_Code/Python_VS/src/install/python_pubsub/lib/python3.8/site-packages/python_pubsub-0.0.0-py3.8.egg-info
[1.471s] running install_scripts
[1.487s] Installing publisher script to /home/gokul/Desktop/Foundation_Course/VS_Code/Python_VS/src/install/python_pubsub/lib/python_pubsub
[1.487s] Installing subscriber script to /home/gokul/Desktop/Foundation_Course/VS_Code/Python_VS/src/install/python_pubsub/lib/python_pubsub
[1.488s] writing list of installed files to '/home/gokul/Desktop/Foundation_Course/VS_Code/Python_VS/src/build/python_pubsub/install.log'
[1.519s] Invoked command in '/home/gokul/Desktop/Foundation_Course/VS_Code/Python_VS/src/python_pubsub' returned '0': AMENT_PREFIX_PATH=/home/gokul/Desktop/Foundation_Course/VS_Code/Python_VS/src/install/fc_custom_interface:${AMENT_PREFIX_PATH} CMAKE_PREFIX_PATH=/home/gokul/Desktop/Foundation_Course/VS_Code/Python_VS/src/install/fc_custom_interface:${CMAKE_PREFIX_PATH} LD_LIBRARY_PATH=/home/gokul/Desktop/Foundation_Course/VS_Code/Python_VS/src/install/fc_custom_interface/lib:${LD_LIBRARY_PATH} PYTHONPATH=/home/gokul/Desktop/Foundation_Course/VS_Code/Python_VS/src/install/python_pubsub/lib/python3.8/site-packages:/home/gokul/Desktop/Foundation_Course/VS_Code/Python_VS/src/install/fc_custom_interface/lib/python3.8/site-packages:${PYTHONPATH} /usr/bin/python3 setup.py egg_info --egg-base ../build/python_pubsub build --build-base /home/gokul/Desktop/Foundation_Course/VS_Code/Python_VS/src/build/python_pubsub/build install --prefix /home/gokul/Desktop/Foundation_Course/VS_Code/Python_VS/src/install/python_pubsub --record /home/gokul/Desktop/Foundation_Course/VS_Code/Python_VS/src/build/python_pubsub/install.log --single-version-externally-managed
