[1.160s] Invoking command in '/home/gokul/Desktop/Foundation_Course/VS_Code/Python_VS/src/move_robot': AMENT_PREFIX_PATH=/home/gokul/Desktop/Foundation_Course/VS_Code/Python_VS/src/install/fc_custom_interface:${AMENT_PREFIX_PATH} CMAKE_PREFIX_PATH=/home/gokul/Desktop/Foundation_Course/VS_Code/Python_VS/src/install/fc_custom_interface:${CMAKE_PREFIX_PATH} LD_LIBRARY_PATH=/home/gokul/Desktop/Foundation_Course/VS_Code/Python_VS/src/install/fc_custom_interface/lib:${LD_LIBRARY_PATH} PYTHONPATH=/home/gokul/Desktop/Foundation_Course/VS_Code/Python_VS/src/install/move_robot/lib/python3.8/site-packages:/home/gokul/Desktop/Foundation_Course/VS_Code/Python_VS/src/install/fc_custom_interface/lib/python3.8/site-packages:${PYTHONPATH} /usr/bin/python3 setup.py egg_info --egg-base ../build/move_robot build --build-base /home/gokul/Desktop/Foundation_Course/VS_Code/Python_VS/src/build/move_robot/build install --prefix /home/gokul/Desktop/Foundation_Course/VS_Code/Python_VS/src/install/move_robot --record /home/gokul/Desktop/Foundation_Course/VS_Code/Python_VS/src/build/move_robot/install.log --single-version-externally-managed
[1.433s] running egg_info
[1.434s] creating ../build/move_robot/move_robot.egg-info
[1.434s] writing ../build/move_robot/move_robot.egg-info/PKG-INFO
[1.435s] writing dependency_links to ../build/move_robot/move_robot.egg-info/dependency_links.txt
[1.435s] writing entry points to ../build/move_robot/move_robot.egg-info/entry_points.txt
[1.435s] writing requirements to ../build/move_robot/move_robot.egg-info/requires.txt
[1.436s] writing top-level names to ../build/move_robot/move_robot.egg-info/top_level.txt
[1.437s] writing manifest file '../build/move_robot/move_robot.egg-info/SOURCES.txt'
[1.473s] reading manifest file '../build/move_robot/move_robot.egg-info/SOURCES.txt'
[1.475s] writing manifest file '../build/move_robot/move_robot.egg-info/SOURCES.txt'
[1.475s] running build
[1.475s] running build_py
[1.475s] creating /home/gokul/Desktop/Foundation_Course/VS_Code/Python_VS/src/build/move_robot/build
[1.476s] creating /home/gokul/Desktop/Foundation_Course/VS_Code/Python_VS/src/build/move_robot/build/lib
[1.476s] creating /home/gokul/Desktop/Foundation_Course/VS_Code/Python_VS/src/build/move_robot/build/lib/move_robot
[1.476s] copying move_robot/move_robot_client.py -> /home/gokul/Desktop/Foundation_Course/VS_Code/Python_VS/src/build/move_robot/build/lib/move_robot
[1.477s] copying move_robot/move_robot_action.py -> /home/gokul/Desktop/Foundation_Course/VS_Code/Python_VS/src/build/move_robot/build/lib/move_robot
[1.477s] copying move_robot/__init__.py -> /home/gokul/Desktop/Foundation_Course/VS_Code/Python_VS/src/build/move_robot/build/lib/move_robot
[1.477s] running install
[1.478s] running install_lib
[1.479s] creating /home/gokul/Desktop/Foundation_Course/VS_Code/Python_VS/src/install/move_robot/lib/python3.8/site-packages/move_robot
[1.479s] copying /home/gokul/Desktop/Foundation_Course/VS_Code/Python_VS/src/build/move_robot/build/lib/move_robot/move_robot_client.py -> /home/gokul/Desktop/Foundation_Course/VS_Code/Python_VS/src/install/move_robot/lib/python3.8/site-packages/move_robot
[1.479s] copying /home/gokul/Desktop/Foundation_Course/VS_Code/Python_VS/src/build/move_robot/build/lib/move_robot/move_robot_action.py -> /home/gokul/Desktop/Foundation_Course/VS_Code/Python_VS/src/install/move_robot/lib/python3.8/site-packages/move_robot
[1.479s] copying /home/gokul/Desktop/Foundation_Course/VS_Code/Python_VS/src/build/move_robot/build/lib/move_robot/__init__.py -> /home/gokul/Desktop/Foundation_Course/VS_Code/Python_VS/src/install/move_robot/lib/python3.8/site-packages/move_robot
[1.480s] byte-compiling /home/gokul/Desktop/Foundation_Course/VS_Code/Python_VS/src/install/move_robot/lib/python3.8/site-packages/move_robot/move_robot_client.py to move_robot_client.cpython-38.pyc
[1.480s] byte-compiling /home/gokul/Desktop/Foundation_Course/VS_Code/Python_VS/src/install/move_robot/lib/python3.8/site-packages/move_robot/move_robot_action.py to move_robot_action.cpython-38.pyc
[1.480s] byte-compiling /home/gokul/Desktop/Foundation_Course/VS_Code/Python_VS/src/install/move_robot/lib/python3.8/site-packages/move_robot/__init__.py to __init__.cpython-38.pyc
[1.480s] running install_data
[1.481s] creating /home/gokul/Desktop/Foundation_Course/VS_Code/Python_VS/src/install/move_robot/share/ament_index
[1.481s] creating /home/gokul/Desktop/Foundation_Course/VS_Code/Python_VS/src/install/move_robot/share/ament_index/resource_index
[1.481s] creating /home/gokul/Desktop/Foundation_Course/VS_Code/Python_VS/src/install/move_robot/share/ament_index/resource_index/packages
[1.481s] copying resource/move_robot -> /home/gokul/Desktop/Foundation_Course/VS_Code/Python_VS/src/install/move_robot/share/ament_index/resource_index/packages
[1.481s] copying package.xml -> /home/gokul/Desktop/Foundation_Course/VS_Code/Python_VS/src/install/move_robot/share/move_robot
[1.481s] running install_egg_info
[1.482s] Copying ../build/move_robot/move_robot.egg-info to /home/gokul/Desktop/Foundation_Course/VS_Code/Python_VS/src/install/move_robot/lib/python3.8/site-packages/move_robot-0.0.0-py3.8.egg-info
[1.483s] running install_scripts
[1.499s] Installing robot_action script to /home/gokul/Desktop/Foundation_Course/VS_Code/Python_VS/src/install/move_robot/lib/move_robot
[1.499s] Installing robot_client script to /home/gokul/Desktop/Foundation_Course/VS_Code/Python_VS/src/install/move_robot/lib/move_robot
[1.499s] writing list of installed files to '/home/gokul/Desktop/Foundation_Course/VS_Code/Python_VS/src/build/move_robot/install.log'
[1.549s] Invoked command in '/home/gokul/Desktop/Foundation_Course/VS_Code/Python_VS/src/move_robot' returned '0': AMENT_PREFIX_PATH=/home/gokul/Desktop/Foundation_Course/VS_Code/Python_VS/src/install/fc_custom_interface:${AMENT_PREFIX_PATH} CMAKE_PREFIX_PATH=/home/gokul/Desktop/Foundation_Course/VS_Code/Python_VS/src/install/fc_custom_interface:${CMAKE_PREFIX_PATH} LD_LIBRARY_PATH=/home/gokul/Desktop/Foundation_Course/VS_Code/Python_VS/src/install/fc_custom_interface/lib:${LD_LIBRARY_PATH} PYTHONPATH=/home/gokul/Desktop/Foundation_Course/VS_Code/Python_VS/src/install/move_robot/lib/python3.8/site-packages:/home/gokul/Desktop/Foundation_Course/VS_Code/Python_VS/src/install/fc_custom_interface/lib/python3.8/site-packages:${PYTHONPATH} /usr/bin/python3 setup.py egg_info --egg-base ../build/move_robot build --build-base /home/gokul/Desktop/Foundation_Course/VS_Code/Python_VS/src/build/move_robot/build install --prefix /home/gokul/Desktop/Foundation_Course/VS_Code/Python_VS/src/install/move_robot --record /home/gokul/Desktop/Foundation_Course/VS_Code/Python_VS/src/build/move_robot/install.log --single-version-externally-managed
