[0.196s] DEBUG:colcon:Command line arguments: ['/usr/bin/colcon', 'build', '--packages-select', 'oops_assignment1/']
[0.196s] DEBUG:colcon:Parsed command line arguments: Namespace(allow_overriding=[], ament_cmake_args=None, base_paths=['.'], build_base='build', catkin_cmake_args=None, catkin_skip_building_tests=False, cmake_args=None, cmake_clean_cache=False, cmake_clean_first=False, cmake_force_configure=False, cmake_target=None, cmake_target_skip_unavailable=False, continue_on_error=False, event_handlers=None, executor='parallel', ignore_user_meta=False, install_base='install', log_base=None, log_level=None, main=<bound method BuildVerb.main of <colcon_core.verb.build.BuildVerb object at 0x7f6b87c2efd0>>, merge_install=False, metas=['./colcon.meta'], packages_above=None, packages_above_and_dependencies=None, packages_above_depth=None, packages_end=None, packages_ignore=None, packages_ignore_regex=None, packages_select=['oops_assignment1/'], packages_select_build_failed=False, packages_select_by_dep=None, packages_select_regex=None, packages_select_test_failures=False, packages_skip=None, packages_skip_build_finished=False, packages_skip_by_dep=None, packages_skip_regex=None, packages_skip_test_passed=False, packages_skip_up_to=None, packages_start=None, packages_up_to=None, packages_up_to_regex=None, parallel_workers=16, paths=None, symlink_install=False, test_result_base=None, verb_extension=<colcon_core.verb.build.BuildVerb object at 0x7f6b87c2efd0>, verb_name='build', verb_parser=<colcon_defaults.argument_parser.defaults.DefaultArgumentsDecorator object at 0x7f6b87bb8520>)
[0.224s] Level 1:colcon.colcon_core.package_discovery:discover_packages(colcon_meta) check parameters
[0.225s] Level 1:colcon.colcon_core.package_discovery:discover_packages(recursive) check parameters
[0.225s] Level 1:colcon.colcon_core.package_discovery:discover_packages(ignore) check parameters
[0.225s] Level 1:colcon.colcon_core.package_discovery:discover_packages(path) check parameters
[0.225s] Level 1:colcon.colcon_core.package_discovery:discover_packages(colcon_meta) discover
[0.225s] Level 1:colcon.colcon_core.package_discovery:discover_packages(recursive) discover
[0.225s] INFO:colcon.colcon_core.package_discovery:Crawling recursively for packages in '/home/gokul/Desktop/Foundation_Course/VS_Code/Python_VS/src'
[0.225s] Level 1:colcon.colcon_core.package_identification:_identify(.) by extensions ['ignore', 'ignore_ament_install']
[0.225s] Level 1:colcon.colcon_core.package_identification:_identify(.) by extension 'ignore'
[0.225s] Level 1:colcon.colcon_core.package_identification:_identify(.) by extension 'ignore_ament_install'
[0.225s] Level 1:colcon.colcon_core.package_identification:_identify(.) by extensions ['colcon_pkg']
[0.225s] Level 1:colcon.colcon_core.package_identification:_identify(.) by extension 'colcon_pkg'
[0.225s] Level 1:colcon.colcon_core.package_identification:_identify(.) by extensions ['colcon_meta']
[0.225s] Level 1:colcon.colcon_core.package_identification:_identify(.) by extension 'colcon_meta'
[0.225s] Level 1:colcon.colcon_core.package_identification:_identify(.) by extensions ['ros']
[0.225s] Level 1:colcon.colcon_core.package_identification:_identify(.) by extension 'ros'
[0.268s] Level 1:colcon.colcon_core.package_identification:_identify(.) by extensions ['cmake', 'python']
[0.268s] Level 1:colcon.colcon_core.package_identification:_identify(.) by extension 'cmake'
[0.268s] Level 1:colcon.colcon_core.package_identification:_identify(.) by extension 'python'
[0.268s] Level 1:colcon.colcon_core.package_identification:_identify(.) by extensions ['python_setup_py']
[0.268s] Level 1:colcon.colcon_core.package_identification:_identify(.) by extension 'python_setup_py'
[0.269s] Level 1:colcon.colcon_core.package_identification:_identify(__pycache__) by extensions ['ignore', 'ignore_ament_install']
[0.269s] Level 1:colcon.colcon_core.package_identification:_identify(__pycache__) by extension 'ignore'
[0.269s] Level 1:colcon.colcon_core.package_identification:_identify(__pycache__) by extension 'ignore_ament_install'
[0.269s] Level 1:colcon.colcon_core.package_identification:_identify(__pycache__) by extensions ['colcon_pkg']
[0.269s] Level 1:colcon.colcon_core.package_identification:_identify(__pycache__) by extension 'colcon_pkg'
[0.269s] Level 1:colcon.colcon_core.package_identification:_identify(__pycache__) by extensions ['colcon_meta']
[0.269s] Level 1:colcon.colcon_core.package_identification:_identify(__pycache__) by extension 'colcon_meta'
[0.269s] Level 1:colcon.colcon_core.package_identification:_identify(__pycache__) by extensions ['ros']
[0.269s] Level 1:colcon.colcon_core.package_identification:_identify(__pycache__) by extension 'ros'
[0.269s] Level 1:colcon.colcon_core.package_identification:_identify(__pycache__) by extensions ['cmake', 'python']
[0.269s] Level 1:colcon.colcon_core.package_identification:_identify(__pycache__) by extension 'cmake'
[0.269s] Level 1:colcon.colcon_core.package_identification:_identify(__pycache__) by extension 'python'
[0.269s] Level 1:colcon.colcon_core.package_identification:_identify(__pycache__) by extensions ['python_setup_py']
[0.269s] Level 1:colcon.colcon_core.package_identification:_identify(__pycache__) by extension 'python_setup_py'
[0.269s] Level 1:colcon.colcon_core.package_identification:_identify(build) by extensions ['ignore', 'ignore_ament_install']
[0.270s] Level 1:colcon.colcon_core.package_identification:_identify(build) by extension 'ignore'
[0.270s] Level 1:colcon.colcon_core.package_identification:_identify(build) ignored
[0.270s] Level 1:colcon.colcon_core.package_identification:_identify(calculator) by extensions ['ignore', 'ignore_ament_install']
[0.270s] Level 1:colcon.colcon_core.package_identification:_identify(calculator) by extension 'ignore'
[0.270s] Level 1:colcon.colcon_core.package_identification:_identify(calculator) by extension 'ignore_ament_install'
[0.270s] Level 1:colcon.colcon_core.package_identification:_identify(calculator) by extensions ['colcon_pkg']
[0.270s] Level 1:colcon.colcon_core.package_identification:_identify(calculator) by extension 'colcon_pkg'
[0.270s] Level 1:colcon.colcon_core.package_identification:_identify(calculator) by extensions ['colcon_meta']
[0.270s] Level 1:colcon.colcon_core.package_identification:_identify(calculator) by extension 'colcon_meta'
[0.270s] Level 1:colcon.colcon_core.package_identification:_identify(calculator) by extensions ['ros']
[0.270s] Level 1:colcon.colcon_core.package_identification:_identify(calculator) by extension 'ros'
[0.270s] Level 1:colcon.colcon_core.package_identification:_identify(calculator) by extensions ['cmake', 'python']
[0.270s] Level 1:colcon.colcon_core.package_identification:_identify(calculator) by extension 'cmake'
[0.270s] Level 1:colcon.colcon_core.package_identification:_identify(calculator) by extension 'python'
[0.270s] Level 1:colcon.colcon_core.package_identification:_identify(calculator) by extensions ['python_setup_py']
[0.270s] Level 1:colcon.colcon_core.package_identification:_identify(calculator) by extension 'python_setup_py'
[0.270s] Level 1:colcon.colcon_core.package_identification:_identify(fc_custom_interface) by extensions ['ignore', 'ignore_ament_install']
[0.271s] Level 1:colcon.colcon_core.package_identification:_identify(fc_custom_interface) by extension 'ignore'
[0.271s] Level 1:colcon.colcon_core.package_identification:_identify(fc_custom_interface) by extension 'ignore_ament_install'
[0.271s] Level 1:colcon.colcon_core.package_identification:_identify(fc_custom_interface) by extensions ['colcon_pkg']
[0.271s] Level 1:colcon.colcon_core.package_identification:_identify(fc_custom_interface) by extension 'colcon_pkg'
[0.271s] Level 1:colcon.colcon_core.package_identification:_identify(fc_custom_interface) by extensions ['colcon_meta']
[0.271s] Level 1:colcon.colcon_core.package_identification:_identify(fc_custom_interface) by extension 'colcon_meta'
[0.271s] Level 1:colcon.colcon_core.package_identification:_identify(fc_custom_interface) by extensions ['ros']
[0.271s] Level 1:colcon.colcon_core.package_identification:_identify(fc_custom_interface) by extension 'ros'
[0.274s] DEBUG:colcon.colcon_core.package_identification:Package 'fc_custom_interface' with type 'ros.ament_cmake' and name 'fc_custom_interface'
[0.274s] Level 1:colcon.colcon_core.package_identification:_identify(install) by extensions ['ignore', 'ignore_ament_install']
[0.274s] Level 1:colcon.colcon_core.package_identification:_identify(install) by extension 'ignore'
[0.274s] Level 1:colcon.colcon_core.package_identification:_identify(install) ignored
[0.274s] Level 1:colcon.colcon_core.package_identification:_identify(log) by extensions ['ignore', 'ignore_ament_install']
[0.274s] Level 1:colcon.colcon_core.package_identification:_identify(log) by extension 'ignore'
[0.274s] Level 1:colcon.colcon_core.package_identification:_identify(log) ignored
[0.275s] Level 1:colcon.colcon_core.package_identification:_identify(move_robot) by extensions ['ignore', 'ignore_ament_install']
[0.275s] Level 1:colcon.colcon_core.package_identification:_identify(move_robot) by extension 'ignore'
[0.275s] Level 1:colcon.colcon_core.package_identification:_identify(move_robot) by extension 'ignore_ament_install'
[0.275s] Level 1:colcon.colcon_core.package_identification:_identify(move_robot) by extensions ['colcon_pkg']
[0.275s] Level 1:colcon.colcon_core.package_identification:_identify(move_robot) by extension 'colcon_pkg'
[0.275s] Level 1:colcon.colcon_core.package_identification:_identify(move_robot) by extensions ['colcon_meta']
[0.275s] Level 1:colcon.colcon_core.package_identification:_identify(move_robot) by extension 'colcon_meta'
[0.275s] Level 1:colcon.colcon_core.package_identification:_identify(move_robot) by extensions ['ros']
[0.275s] Level 1:colcon.colcon_core.package_identification:_identify(move_robot) by extension 'ros'
[0.276s] DEBUG:colcon.colcon_core.package_identification:Package 'move_robot' with type 'ros.ament_python' and name 'move_robot'
[0.276s] Level 1:colcon.colcon_core.package_identification:_identify(oops) by extensions ['ignore', 'ignore_ament_install']
[0.276s] Level 1:colcon.colcon_core.package_identification:_identify(oops) by extension 'ignore'
[0.276s] Level 1:colcon.colcon_core.package_identification:_identify(oops) by extension 'ignore_ament_install'
[0.276s] Level 1:colcon.colcon_core.package_identification:_identify(oops) by extensions ['colcon_pkg']
[0.276s] Level 1:colcon.colcon_core.package_identification:_identify(oops) by extension 'colcon_pkg'
[0.276s] Level 1:colcon.colcon_core.package_identification:_identify(oops) by extensions ['colcon_meta']
[0.276s] Level 1:colcon.colcon_core.package_identification:_identify(oops) by extension 'colcon_meta'
[0.276s] Level 1:colcon.colcon_core.package_identification:_identify(oops) by extensions ['ros']
[0.276s] Level 1:colcon.colcon_core.package_identification:_identify(oops) by extension 'ros'
[0.276s] Level 1:colcon.colcon_core.package_identification:_identify(oops) by extensions ['cmake', 'python']
[0.276s] Level 1:colcon.colcon_core.package_identification:_identify(oops) by extension 'cmake'
[0.276s] Level 1:colcon.colcon_core.package_identification:_identify(oops) by extension 'python'
[0.276s] Level 1:colcon.colcon_core.package_identification:_identify(oops) by extensions ['python_setup_py']
[0.276s] Level 1:colcon.colcon_core.package_identification:_identify(oops) by extension 'python_setup_py'
[0.276s] Level 1:colcon.colcon_core.package_identification:_identify(oops/__pycache__) by extensions ['ignore', 'ignore_ament_install']
[0.277s] Level 1:colcon.colcon_core.package_identification:_identify(oops/__pycache__) by extension 'ignore'
[0.277s] Level 1:colcon.colcon_core.package_identification:_identify(oops/__pycache__) by extension 'ignore_ament_install'
[0.277s] Level 1:colcon.colcon_core.package_identification:_identify(oops/__pycache__) by extensions ['colcon_pkg']
[0.277s] Level 1:colcon.colcon_core.package_identification:_identify(oops/__pycache__) by extension 'colcon_pkg'
[0.277s] Level 1:colcon.colcon_core.package_identification:_identify(oops/__pycache__) by extensions ['colcon_meta']
[0.277s] Level 1:colcon.colcon_core.package_identification:_identify(oops/__pycache__) by extension 'colcon_meta'
[0.277s] Level 1:colcon.colcon_core.package_identification:_identify(oops/__pycache__) by extensions ['ros']
[0.277s] Level 1:colcon.colcon_core.package_identification:_identify(oops/__pycache__) by extension 'ros'
[0.277s] Level 1:colcon.colcon_core.package_identification:_identify(oops/__pycache__) by extensions ['cmake', 'python']
[0.277s] Level 1:colcon.colcon_core.package_identification:_identify(oops/__pycache__) by extension 'cmake'
[0.277s] Level 1:colcon.colcon_core.package_identification:_identify(oops/__pycache__) by extension 'python'
[0.277s] Level 1:colcon.colcon_core.package_identification:_identify(oops/__pycache__) by extensions ['python_setup_py']
[0.277s] Level 1:colcon.colcon_core.package_identification:_identify(oops/__pycache__) by extension 'python_setup_py'
[0.277s] Level 1:colcon.colcon_core.package_identification:_identify(oops_assignment1) by extensions ['ignore', 'ignore_ament_install']
[0.277s] Level 1:colcon.colcon_core.package_identification:_identify(oops_assignment1) by extension 'ignore'
[0.277s] Level 1:colcon.colcon_core.package_identification:_identify(oops_assignment1) by extension 'ignore_ament_install'
[0.277s] Level 1:colcon.colcon_core.package_identification:_identify(oops_assignment1) by extensions ['colcon_pkg']
[0.278s] Level 1:colcon.colcon_core.package_identification:_identify(oops_assignment1) by extension 'colcon_pkg'
[0.278s] Level 1:colcon.colcon_core.package_identification:_identify(oops_assignment1) by extensions ['colcon_meta']
[0.278s] Level 1:colcon.colcon_core.package_identification:_identify(oops_assignment1) by extension 'colcon_meta'
[0.278s] Level 1:colcon.colcon_core.package_identification:_identify(oops_assignment1) by extensions ['ros']
[0.278s] Level 1:colcon.colcon_core.package_identification:_identify(oops_assignment1) by extension 'ros'
[0.278s] Level 1:colcon.colcon_core.package_identification:_identify(oops_assignment1) by extensions ['cmake', 'python']
[0.278s] Level 1:colcon.colcon_core.package_identification:_identify(oops_assignment1) by extension 'cmake'
[0.278s] Level 1:colcon.colcon_core.package_identification:_identify(oops_assignment1) by extension 'python'
[0.278s] Level 1:colcon.colcon_core.package_identification:_identify(oops_assignment1) by extensions ['python_setup_py']
[0.278s] Level 1:colcon.colcon_core.package_identification:_identify(oops_assignment1) by extension 'python_setup_py'
[0.278s] Level 1:colcon.colcon_core.package_identification:_identify(oops_assignment1/__pycache__) by extensions ['ignore', 'ignore_ament_install']
[0.278s] Level 1:colcon.colcon_core.package_identification:_identify(oops_assignment1/__pycache__) by extension 'ignore'
[0.278s] Level 1:colcon.colcon_core.package_identification:_identify(oops_assignment1/__pycache__) by extension 'ignore_ament_install'
[0.278s] Level 1:colcon.colcon_core.package_identification:_identify(oops_assignment1/__pycache__) by extensions ['colcon_pkg']
[0.278s] Level 1:colcon.colcon_core.package_identification:_identify(oops_assignment1/__pycache__) by extension 'colcon_pkg'
[0.278s] Level 1:colcon.colcon_core.package_identification:_identify(oops_assignment1/__pycache__) by extensions ['colcon_meta']
[0.278s] Level 1:colcon.colcon_core.package_identification:_identify(oops_assignment1/__pycache__) by extension 'colcon_meta'
[0.278s] Level 1:colcon.colcon_core.package_identification:_identify(oops_assignment1/__pycache__) by extensions ['ros']
[0.278s] Level 1:colcon.colcon_core.package_identification:_identify(oops_assignment1/__pycache__) by extension 'ros'
[0.279s] Level 1:colcon.colcon_core.package_identification:_identify(oops_assignment1/__pycache__) by extensions ['cmake', 'python']
[0.279s] Level 1:colcon.colcon_core.package_identification:_identify(oops_assignment1/__pycache__) by extension 'cmake'
[0.279s] Level 1:colcon.colcon_core.package_identification:_identify(oops_assignment1/__pycache__) by extension 'python'
[0.279s] Level 1:colcon.colcon_core.package_identification:_identify(oops_assignment1/__pycache__) by extensions ['python_setup_py']
[0.279s] Level 1:colcon.colcon_core.package_identification:_identify(oops_assignment1/__pycache__) by extension 'python_setup_py'
[0.279s] Level 1:colcon.colcon_core.package_identification:_identify(python_pubsub) by extensions ['ignore', 'ignore_ament_install']
[0.279s] Level 1:colcon.colcon_core.package_identification:_identify(python_pubsub) by extension 'ignore'
[0.279s] Level 1:colcon.colcon_core.package_identification:_identify(python_pubsub) by extension 'ignore_ament_install'
[0.279s] Level 1:colcon.colcon_core.package_identification:_identify(python_pubsub) by extensions ['colcon_pkg']
[0.279s] Level 1:colcon.colcon_core.package_identification:_identify(python_pubsub) by extension 'colcon_pkg'
[0.279s] Level 1:colcon.colcon_core.package_identification:_identify(python_pubsub) by extensions ['colcon_meta']
[0.279s] Level 1:colcon.colcon_core.package_identification:_identify(python_pubsub) by extension 'colcon_meta'
[0.279s] Level 1:colcon.colcon_core.package_identification:_identify(python_pubsub) by extensions ['ros']
[0.279s] Level 1:colcon.colcon_core.package_identification:_identify(python_pubsub) by extension 'ros'
[0.280s] DEBUG:colcon.colcon_core.package_identification:Package 'python_pubsub' with type 'ros.ament_python' and name 'python_pubsub'
[0.280s] Level 1:colcon.colcon_core.package_discovery:discover_packages(recursive) using defaults
[0.280s] Level 1:colcon.colcon_core.package_discovery:discover_packages(ignore) discover
[0.280s] Level 1:colcon.colcon_core.package_discovery:discover_packages(ignore) using defaults
[0.280s] Level 1:colcon.colcon_core.package_discovery:discover_packages(path) discover
[0.280s] Level 1:colcon.colcon_core.package_discovery:discover_packages(path) using defaults
[0.282s] WARNING:colcon.colcon_core.package_selection:ignoring unknown package 'oops_assignment1/' in --packages-select
[0.306s] INFO:colcon.colcon_core.package_selection:Skipping not selected package 'fc_custom_interface' in 'fc_custom_interface'
[0.306s] INFO:colcon.colcon_core.package_selection:Skipping not selected package 'move_robot' in 'move_robot'
[0.306s] INFO:colcon.colcon_core.package_selection:Skipping not selected package 'python_pubsub' in 'python_pubsub'
[0.315s] Level 1:colcon.colcon_core.package_discovery:discover_packages(prefix_path) check parameters
[0.316s] Level 1:colcon.colcon_core.package_discovery:discover_packages(prefix_path) discover
[0.325s] DEBUG:colcon.colcon_installed_package_information.package_discovery:Found 3 installed packages in /home/gokul/Desktop/Foundation_Course/VS_Code/Python_VS/install
[0.327s] DEBUG:colcon.colcon_installed_package_information.package_discovery:Found 271 installed packages in /opt/ros/rolling
[0.329s] Level 1:colcon.colcon_core.package_discovery:discover_packages(prefix_path) using defaults
[0.421s] INFO:colcon.colcon_core.executor:Executing jobs using 'parallel' executor
[0.426s] DEBUG:colcon.colcon_parallel_executor.executor.parallel:run_until_complete
[0.427s] DEBUG:colcon.colcon_parallel_executor.executor.parallel:closing loop
[0.427s] DEBUG:colcon.colcon_parallel_executor.executor.parallel:loop closed
[0.427s] DEBUG:colcon.colcon_parallel_executor.executor.parallel:run_until_complete finished with '0'
[0.427s] DEBUG:colcon.colcon_core.event_reactor:joining thread
[0.437s] INFO:colcon.colcon_core.plugin_system:Skipping extension 'colcon_notification.desktop_notification.terminal_notifier': Not used on non-Darwin systems
[0.437s] INFO:colcon.colcon_core.plugin_system:Skipping extension 'colcon_notification.desktop_notification.win32': Not used on non-Windows systems
[0.437s] INFO:colcon.colcon_notification.desktop_notification:Sending desktop notification using 'notify2'
[0.471s] DEBUG:colcon.colcon_core.event_reactor:joined thread
[0.484s] INFO:colcon.colcon_core.plugin_system:Skipping extension 'colcon_core.shell.bat': Not used on non-Windows systems
[0.485s] INFO:colcon.colcon_core.shell:Creating prefix script '/home/gokul/Desktop/Foundation_Course/VS_Code/Python_VS/src/install/local_setup.ps1'
[0.486s] INFO:colcon.colcon_core.shell:Creating prefix util module '/home/gokul/Desktop/Foundation_Course/VS_Code/Python_VS/src/install/_local_setup_util_ps1.py'
[0.488s] INFO:colcon.colcon_core.shell:Creating prefix chain script '/home/gokul/Desktop/Foundation_Course/VS_Code/Python_VS/src/install/setup.ps1'
[0.491s] INFO:colcon.colcon_core.shell:Creating prefix script '/home/gokul/Desktop/Foundation_Course/VS_Code/Python_VS/src/install/local_setup.sh'
[0.491s] INFO:colcon.colcon_core.shell:Creating prefix util module '/home/gokul/Desktop/Foundation_Course/VS_Code/Python_VS/src/install/_local_setup_util_sh.py'
[0.492s] INFO:colcon.colcon_core.shell:Creating prefix chain script '/home/gokul/Desktop/Foundation_Course/VS_Code/Python_VS/src/install/setup.sh'
[0.494s] INFO:colcon.colcon_core.shell:Creating prefix script '/home/gokul/Desktop/Foundation_Course/VS_Code/Python_VS/src/install/local_setup.bash'
[0.494s] INFO:colcon.colcon_core.shell:Creating prefix chain script '/home/gokul/Desktop/Foundation_Course/VS_Code/Python_VS/src/install/setup.bash'
[0.496s] INFO:colcon.colcon_core.shell:Creating prefix script '/home/gokul/Desktop/Foundation_Course/VS_Code/Python_VS/src/install/local_setup.zsh'
[0.497s] INFO:colcon.colcon_core.shell:Creating prefix chain script '/home/gokul/Desktop/Foundation_Course/VS_Code/Python_VS/src/install/setup.zsh'
