running egg_info
writing ../build/move_robot/move_robot.egg-info/PKG-INFO
writing dependency_links to ../build/move_robot/move_robot.egg-info/dependency_links.txt
writing entry points to ../build/move_robot/move_robot.egg-info/entry_points.txt
writing requirements to ../build/move_robot/move_robot.egg-info/requires.txt
writing top-level names to ../build/move_robot/move_robot.egg-info/top_level.txt
reading manifest file '../build/move_robot/move_robot.egg-info/SOURCES.txt'
writing manifest file '../build/move_robot/move_robot.egg-info/SOURCES.txt'
running build
running build_py
running install
running install_lib
running install_data
running install_egg_info
removing '/home/gokul/Desktop/Foundation_Course/VS_Code/Python_VS/src/install/move_robot/lib/python3.8/site-packages/move_robot-0.0.0-py3.8.egg-info' (and everything under it)
Copying ../build/move_robot/move_robot.egg-info to /home/gokul/Desktop/Foundation_Course/VS_Code/Python_VS/src/install/move_robot/lib/python3.8/site-packages/move_robot-0.0.0-py3.8.egg-info
running install_scripts
Installing robot_action script to /home/gokul/Desktop/Foundation_Course/VS_Code/Python_VS/src/install/move_robot/lib/move_robot
Installing robot_client script to /home/gokul/Desktop/Foundation_Course/VS_Code/Python_VS/src/install/move_robot/lib/move_robot
writing list of installed files to '/home/gokul/Desktop/Foundation_Course/VS_Code/Python_VS/src/build/move_robot/install.log'
